;  LST file generated by mikroListExporter - v.2.0 
; Date/Time: 04/11/2023 14:24:18
;----------------------------------------------

;Address Opcode 	ASM
0x0000	0xF000EF92  	GOTO        292
0x0004	0x0000      	NOP
0x0006	0x0000      	NOP
0x0008	0xF000EF00  	GOTO        0
0x000C	0x0000      	NOP
0x000E	0x0000      	NOP
0x0010	0x0000      	NOP
0x0012	0x0000      	NOP
0x0014	0x0000      	NOP
0x0016	0x0000      	NOP
0x0018	0xD7F3      	BRA         0
_pisca_led1:
;Ex02.c,12 :: 		void pisca_led1(int num_piscadas) {
;Ex02.c,13 :: 		for (i = 0; i < num_piscadas; i++) {
0x001C	0x6A15      	CLRF        _i 
L_pisca_led15:
0x001E	0x0E80      	MOVLW       128
0x0020	0x6E00      	MOVWF       R0 
0x0022	0x0E80      	MOVLW       128
0x0024	0x1817      	XORWF       FARG_pisca_led1_num_piscadas+1, 0 
0x0026	0x5C00      	SUBWF       R0, 0 
0x0028	0xE102      	BNZ         L__pisca_led123
0x002A	0x5016      	MOVF        FARG_pisca_led1_num_piscadas, 0 
0x002C	0x5C15      	SUBWF       _i, 0 
L__pisca_led123:
0x002E	0xE221      	BC          L_pisca_led16
;Ex02.c,14 :: 		portd = (1 << 1);  // liga o LED 1
0x0030	0x0E02      	MOVLW       2
0x0032	0x6E83      	MOVWF       PORTD 
;Ex02.c,15 :: 		delay_ms(1000);  // espera 1 segundo
0x0034	0x0E0B      	MOVLW       11
0x0036	0x6E0B      	MOVWF       R11, 0
0x0038	0x0E26      	MOVLW       38
0x003A	0x6E0C      	MOVWF       R12, 0
0x003C	0x0E5D      	MOVLW       93
0x003E	0x6E0D      	MOVWF       R13, 0
L_pisca_led18:
0x0040	0x2E0D      	DECFSZ      R13, 1, 0
0x0042	0xD7FE      	BRA         L_pisca_led18
0x0044	0x2E0C      	DECFSZ      R12, 1, 0
0x0046	0xD7FC      	BRA         L_pisca_led18
0x0048	0x2E0B      	DECFSZ      R11, 1, 0
0x004A	0xD7FA      	BRA         L_pisca_led18
0x004C	0x0000      	NOP
0x004E	0x0000      	NOP
;Ex02.c,16 :: 		portd = 0;  // desliga o LED 1
0x0050	0x6A83      	CLRF        PORTD 
;Ex02.c,17 :: 		delay_ms(1000);  // espera 1 segundo
0x0052	0x0E0B      	MOVLW       11
0x0054	0x6E0B      	MOVWF       R11, 0
0x0056	0x0E26      	MOVLW       38
0x0058	0x6E0C      	MOVWF       R12, 0
0x005A	0x0E5D      	MOVLW       93
0x005C	0x6E0D      	MOVWF       R13, 0
L_pisca_led19:
0x005E	0x2E0D      	DECFSZ      R13, 1, 0
0x0060	0xD7FE      	BRA         L_pisca_led19
0x0062	0x2E0C      	DECFSZ      R12, 1, 0
0x0064	0xD7FC      	BRA         L_pisca_led19
0x0066	0x2E0B      	DECFSZ      R11, 1, 0
0x0068	0xD7FA      	BRA         L_pisca_led19
0x006A	0x0000      	NOP
0x006C	0x0000      	NOP
;Ex02.c,13 :: 		for (i = 0; i < num_piscadas; i++) {
0x006E	0x2A15      	INCF        _i, 1 
;Ex02.c,18 :: 		}
0x0070	0xD7D6      	BRA         L_pisca_led15
L_pisca_led16:
;Ex02.c,19 :: 		}
L_end_pisca_led1:
0x0072	0x0012      	RETURN      0
; end of _pisca_led1
_pisca_led2_e_led3:
;Ex02.c,21 :: 		void pisca_led2_e_led3(int num_piscadas) {
;Ex02.c,22 :: 		for (i = 0; i < num_piscadas; i++) {
0x0074	0x6A15      	CLRF        _i 
L_pisca_led2_e_led310:
0x0076	0x0E80      	MOVLW       128
0x0078	0x6E00      	MOVWF       R0 
0x007A	0x0E80      	MOVLW       128
0x007C	0x1817      	XORWF       FARG_pisca_led2_e_led3_num_piscadas+1, 0 
0x007E	0x5C00      	SUBWF       R0, 0 
0x0080	0xE102      	BNZ         L__pisca_led2_e_led325
0x0082	0x5016      	MOVF        FARG_pisca_led2_e_led3_num_piscadas, 0 
0x0084	0x5C15      	SUBWF       _i, 0 
L__pisca_led2_e_led325:
0x0086	0xE221      	BC          L_pisca_led2_e_led311
;Ex02.c,23 :: 		portd = (1 << 2) | (1 << 3);  // liga os LEDs 2 e 3
0x0088	0x0E0C      	MOVLW       12
0x008A	0x6E83      	MOVWF       PORTD 
;Ex02.c,24 :: 		delay_ms(1000);  // espera 1 segundo
0x008C	0x0E0B      	MOVLW       11
0x008E	0x6E0B      	MOVWF       R11, 0
0x0090	0x0E26      	MOVLW       38
0x0092	0x6E0C      	MOVWF       R12, 0
0x0094	0x0E5D      	MOVLW       93
0x0096	0x6E0D      	MOVWF       R13, 0
L_pisca_led2_e_led313:
0x0098	0x2E0D      	DECFSZ      R13, 1, 0
0x009A	0xD7FE      	BRA         L_pisca_led2_e_led313
0x009C	0x2E0C      	DECFSZ      R12, 1, 0
0x009E	0xD7FC      	BRA         L_pisca_led2_e_led313
0x00A0	0x2E0B      	DECFSZ      R11, 1, 0
0x00A2	0xD7FA      	BRA         L_pisca_led2_e_led313
0x00A4	0x0000      	NOP
0x00A6	0x0000      	NOP
;Ex02.c,25 :: 		portd = 0;  // desliga os LEDs 2 e 3
0x00A8	0x6A83      	CLRF        PORTD 
;Ex02.c,26 :: 		delay_ms(1000);  // espera 1 segundo
0x00AA	0x0E0B      	MOVLW       11
0x00AC	0x6E0B      	MOVWF       R11, 0
0x00AE	0x0E26      	MOVLW       38
0x00B0	0x6E0C      	MOVWF       R12, 0
0x00B2	0x0E5D      	MOVLW       93
0x00B4	0x6E0D      	MOVWF       R13, 0
L_pisca_led2_e_led314:
0x00B6	0x2E0D      	DECFSZ      R13, 1, 0
0x00B8	0xD7FE      	BRA         L_pisca_led2_e_led314
0x00BA	0x2E0C      	DECFSZ      R12, 1, 0
0x00BC	0xD7FC      	BRA         L_pisca_led2_e_led314
0x00BE	0x2E0B      	DECFSZ      R11, 1, 0
0x00C0	0xD7FA      	BRA         L_pisca_led2_e_led314
0x00C2	0x0000      	NOP
0x00C4	0x0000      	NOP
;Ex02.c,22 :: 		for (i = 0; i < num_piscadas; i++) {
0x00C6	0x2A15      	INCF        _i, 1 
;Ex02.c,27 :: 		}
0x00C8	0xD7D6      	BRA         L_pisca_led2_e_led310
L_pisca_led2_e_led311:
;Ex02.c,28 :: 		}
L_end_pisca_led2_e_led3:
0x00CA	0x0012      	RETURN      0
; end of _pisca_led2_e_led3
_pisca_led0:
;Ex02.c,3 :: 		void pisca_led0(int num_piscadas) {
;Ex02.c,4 :: 		for (i = 0; i < num_piscadas; i++) {
0x00CC	0x6A15      	CLRF        _i 
L_pisca_led00:
0x00CE	0x0E80      	MOVLW       128
0x00D0	0x6E00      	MOVWF       R0 
0x00D2	0x0E80      	MOVLW       128
0x00D4	0x1817      	XORWF       FARG_pisca_led0_num_piscadas+1, 0 
0x00D6	0x5C00      	SUBWF       R0, 0 
0x00D8	0xE102      	BNZ         L__pisca_led021
0x00DA	0x5016      	MOVF        FARG_pisca_led0_num_piscadas, 0 
0x00DC	0x5C15      	SUBWF       _i, 0 
L__pisca_led021:
0x00DE	0xE221      	BC          L_pisca_led01
;Ex02.c,5 :: 		portd = (1 << 0);  // liga o LED 0
0x00E0	0x0E01      	MOVLW       1
0x00E2	0x6E83      	MOVWF       PORTD 
;Ex02.c,6 :: 		delay_ms(1000);  // espera 1 segundo
0x00E4	0x0E0B      	MOVLW       11
0x00E6	0x6E0B      	MOVWF       R11, 0
0x00E8	0x0E26      	MOVLW       38
0x00EA	0x6E0C      	MOVWF       R12, 0
0x00EC	0x0E5D      	MOVLW       93
0x00EE	0x6E0D      	MOVWF       R13, 0
L_pisca_led03:
0x00F0	0x2E0D      	DECFSZ      R13, 1, 0
0x00F2	0xD7FE      	BRA         L_pisca_led03
0x00F4	0x2E0C      	DECFSZ      R12, 1, 0
0x00F6	0xD7FC      	BRA         L_pisca_led03
0x00F8	0x2E0B      	DECFSZ      R11, 1, 0
0x00FA	0xD7FA      	BRA         L_pisca_led03
0x00FC	0x0000      	NOP
0x00FE	0x0000      	NOP
;Ex02.c,7 :: 		portd = 0;  // desliga o LED 0
0x0100	0x6A83      	CLRF        PORTD 
;Ex02.c,8 :: 		delay_ms(1000);  // espera 1 segundo
0x0102	0x0E0B      	MOVLW       11
0x0104	0x6E0B      	MOVWF       R11, 0
0x0106	0x0E26      	MOVLW       38
0x0108	0x6E0C      	MOVWF       R12, 0
0x010A	0x0E5D      	MOVLW       93
0x010C	0x6E0D      	MOVWF       R13, 0
L_pisca_led04:
0x010E	0x2E0D      	DECFSZ      R13, 1, 0
0x0110	0xD7FE      	BRA         L_pisca_led04
0x0112	0x2E0C      	DECFSZ      R12, 1, 0
0x0114	0xD7FC      	BRA         L_pisca_led04
0x0116	0x2E0B      	DECFSZ      R11, 1, 0
0x0118	0xD7FA      	BRA         L_pisca_led04
0x011A	0x0000      	NOP
0x011C	0x0000      	NOP
;Ex02.c,4 :: 		for (i = 0; i < num_piscadas; i++) {
0x011E	0x2A15      	INCF        _i, 1 
;Ex02.c,9 :: 		}
0x0120	0xD7D6      	BRA         L_pisca_led00
L_pisca_led01:
;Ex02.c,10 :: 		}
L_end_pisca_led0:
0x0122	0x0012      	RETURN      0
; end of _pisca_led0
_main:
;Ex02.c,30 :: 		void main() {
;Ex02.c,31 :: 		trisd = 0;  // configura os pinos da porta D como saída
0x0124	0x6A95      	CLRF        TRISD 
;Ex02.c,32 :: 		portd = 0;  // zera os pinos da porta D
0x0126	0x6A83      	CLRF        PORTD 
;Ex02.c,34 :: 		while (1) {  // início de um loop infinito
L_main15:
;Ex02.c,35 :: 		pisca_led0(20);  // pisca o LED 0, 20 vezes
0x0128	0x0E14      	MOVLW       20
0x012A	0x6E16      	MOVWF       FARG_pisca_led0_num_piscadas 
0x012C	0x0E00      	MOVLW       0
0x012E	0x6E17      	MOVWF       FARG_pisca_led0_num_piscadas+1 
0x0130	0xDFCD      	RCALL       _pisca_led0
;Ex02.c,36 :: 		delay_ms(3000);  // espera 3 segundos
0x0132	0x0E1F      	MOVLW       31
0x0134	0x6E0B      	MOVWF       R11, 0
0x0136	0x0E71      	MOVLW       113
0x0138	0x6E0C      	MOVWF       R12, 0
0x013A	0x0E1E      	MOVLW       30
0x013C	0x6E0D      	MOVWF       R13, 0
L_main17:
0x013E	0x2E0D      	DECFSZ      R13, 1, 0
0x0140	0xD7FE      	BRA         L_main17
0x0142	0x2E0C      	DECFSZ      R12, 1, 0
0x0144	0xD7FC      	BRA         L_main17
0x0146	0x2E0B      	DECFSZ      R11, 1, 0
0x0148	0xD7FA      	BRA         L_main17
0x014A	0x0000      	NOP
;Ex02.c,37 :: 		pisca_led1(10);  // pisca o LED 1, 10 vezes
0x014C	0x0E0A      	MOVLW       10
0x014E	0x6E16      	MOVWF       FARG_pisca_led1_num_piscadas 
0x0150	0x0E00      	MOVLW       0
0x0152	0x6E17      	MOVWF       FARG_pisca_led1_num_piscadas+1 
0x0154	0xDF63      	RCALL       _pisca_led1
;Ex02.c,38 :: 		delay_ms(5000);  // espera 5 segundos
0x0156	0x0E33      	MOVLW       51
0x0158	0x6E0B      	MOVWF       R11, 0
0x015A	0x0EBB      	MOVLW       187
0x015C	0x6E0C      	MOVWF       R12, 0
0x015E	0x0EDF      	MOVLW       223
0x0160	0x6E0D      	MOVWF       R13, 0
L_main18:
0x0162	0x2E0D      	DECFSZ      R13, 1, 0
0x0164	0xD7FE      	BRA         L_main18
0x0166	0x2E0C      	DECFSZ      R12, 1, 0
0x0168	0xD7FC      	BRA         L_main18
0x016A	0x2E0B      	DECFSZ      R11, 1, 0
0x016C	0xD7FA      	BRA         L_main18
0x016E	0x0000      	NOP
0x0170	0x0000      	NOP
;Ex02.c,39 :: 		pisca_led2_e_led3(15);  // pisca os LEDs 2 e 3, 15 vezes
0x0172	0x0E0F      	MOVLW       15
0x0174	0x6E16      	MOVWF       FARG_pisca_led2_e_led3_num_piscadas 
0x0176	0x0E00      	MOVLW       0
0x0178	0x6E17      	MOVWF       FARG_pisca_led2_e_led3_num_piscadas+1 
0x017A	0xDF7C      	RCALL       _pisca_led2_e_led3
;Ex02.c,40 :: 		delay_ms(6000);  // espera 6 segundos
0x017C	0x0E3D      	MOVLW       61
0x017E	0x6E0B      	MOVWF       R11, 0
0x0180	0x0EE1      	MOVLW       225
0x0182	0x6E0C      	MOVWF       R12, 0
0x0184	0x0E3F      	MOVLW       63
0x0186	0x6E0D      	MOVWF       R13, 0
L_main19:
0x0188	0x2E0D      	DECFSZ      R13, 1, 0
0x018A	0xD7FE      	BRA         L_main19
0x018C	0x2E0C      	DECFSZ      R12, 1, 0
0x018E	0xD7FC      	BRA         L_main19
0x0190	0x2E0B      	DECFSZ      R11, 1, 0
0x0192	0xD7FA      	BRA         L_main19
0x0194	0x0000      	NOP
0x0196	0x0000      	NOP
;Ex02.c,41 :: 		}
0x0198	0xD7C7      	BRA         L_main15
;Ex02.c,42 :: 		}
L_end_main:
0x019A	0xD7FF      	BRA         $+0
; end of _main
Symbol List:
//** Routines locations **
//ADDRESS    SIZE    PROCEDURE
//----------------------------------------------
0x001C      [88]    _pisca_led1
0x0074      [88]    _pisca_led2_e_led3
0x00CC      [88]    _pisca_led0
0x0124     [120]    _main
//** Variables locations ** 
//ADDRESS    SIZE    VARIABLE
//----------------------------------------------
0x0000       [1]    R0
0x0001       [1]    R1
0x0002       [1]    R2
0x0003       [1]    R3
0x0004       [1]    R4
0x0005       [1]    R5
0x0006       [1]    R6
0x0007       [1]    R7
0x0008       [1]    R8
0x0009       [1]    R9
0x000A       [1]    R10
0x000B       [1]    R11
0x000C       [1]    R12
0x000D       [1]    R13
0x000E       [1]    R14
0x000F       [1]    R15
0x0010       [1]    R16
0x0011       [1]    R17
0x0012       [1]    R18
0x0013       [1]    R19
0x0014       [1]    R20
0x0015       [1]    _i
0x0016       [2]    FARG_pisca_led0_num_piscadas
0x0016       [2]    FARG_pisca_led2_e_led3_num_piscadas
0x0016       [2]    FARG_pisca_led1_num_piscadas
0x0F83       [1]    PORTD
0x0F95       [1]    TRISD
0x0FD8       [1]    STATUS
0x0FD9       [1]    FSR2L
0x0FDA       [1]    FSR2H
0x0FDE       [1]    POSTINC2
0x0FE0       [1]    BSR
0x0FE1       [1]    FSR1L
0x0FE2       [1]    FSR1H
0x0FE4       [1]    PREINC1
0x0FE6       [1]    POSTINC1
0x0FE7       [1]    INDF1
0x0FE8       [1]    WREG
0x0FE9       [1]    FSR0L
0x0FEA       [1]    FSR0H
0x0FEE       [1]    POSTINC0
0x0FF3       [1]    PRODL
0x0FF4       [1]    PRODH
0x0FF5       [1]    TABLAT
0x0FF6       [1]    TBLPTRL
0x0FF7       [1]    TBLPTRH
0x0FF8       [1]    TBLPTRU
