;  LST file generated by mikroListExporter - v.2.0 
; Date/Time: 29/10/2023 16:38:06
;----------------------------------------------

;Address Opcode 	ASM
0x0000	0xF000EF0E  	GOTO        28
0x0004	0x0000      	NOP
0x0006	0x0000      	NOP
0x0008	0xF000EF00  	GOTO        0
0x000C	0x0000      	NOP
0x000E	0x0000      	NOP
0x0010	0x0000      	NOP
0x0012	0x0000      	NOP
0x0014	0x0000      	NOP
0x0016	0x0000      	NOP
0x0018	0xD7F3      	BRA         0
_main:
;Ex34.c,1 :: 		void main() {
;Ex34.c,2 :: 		trisd.rd0 = 0;  // Configura RD0 como saída
0x001C	0x9095      	BCF         TRISD, 0 
;Ex34.c,3 :: 		adcon0 = 0;     // Configura ADCON0 para modo digital
0x001E	0x6AC2      	CLRF        ADCON0 
;Ex34.c,4 :: 		adcon1 = 15;    // Configura ADCON1 para modo digital
0x0020	0x0E0F      	MOVLW       15
0x0022	0x6EC1      	MOVWF       ADCON1 
;Ex34.c,6 :: 		while (1) {  // Loop infinito para manter a sequência rodando enquanto o circuito estiver energizado
L_main0:
;Ex34.c,7 :: 		unsigned char count = 0;  // Variável de contagem para controlar o número de piscadas
0x0024	0x6A15      	CLRF        main_count_L1 
;Ex34.c,8 :: 		while (count < 8) {  // Loop para piscar o LED 0 oito vezes
L_main2:
0x0026	0x0E08      	MOVLW       8
0x0028	0x5C15      	SUBWF       main_count_L1, 0 
0x002A	0xE212      	BC          L_main3
;Ex34.c,9 :: 		portd.rd0 = ~portd.rd0;  // Inverte o estado do LED 0
0x002C	0x7083      	BTG         PORTD, 0 
;Ex34.c,10 :: 		delay_ms(125);  // Aguarda 125 ms para obter uma frequência de 4 Hz (1/0.125s = 4 Hz)
0x002E	0x0E02      	MOVLW       2
0x0030	0x6E0B      	MOVWF       R11, 0
0x0032	0x0E45      	MOVLW       69
0x0034	0x6E0C      	MOVWF       R12, 0
0x0036	0x0EA9      	MOVLW       169
0x0038	0x6E0D      	MOVWF       R13, 0
L_main4:
0x003A	0x2E0D      	DECFSZ      R13, 1, 0
0x003C	0xD7FE      	BRA         L_main4
0x003E	0x2E0C      	DECFSZ      R12, 1, 0
0x0040	0xD7FC      	BRA         L_main4
0x0042	0x2E0B      	DECFSZ      R11, 1, 0
0x0044	0xD7FA      	BRA         L_main4
0x0046	0x0000      	NOP
0x0048	0x0000      	NOP
;Ex34.c,11 :: 		if (portd.rd0 == 0) {  // Incrementa a contagem somente quando o LED 0 estiver desligado (para contar uma piscada completa)
0x004A	0xA083      	BTFSS       PORTD, 0 
;Ex34.c,12 :: 		count++;
0x004C	0x2A15      	INCF        main_count_L1, 1 
;Ex34.c,13 :: 		}
L_main5:
;Ex34.c,14 :: 		}
0x004E	0xD7EB      	BRA         L_main2
L_main3:
;Ex34.c,15 :: 		portd.rd0 = 0;  // Garante que o LED 0 está desligado antes de entrar no período de espera
0x0050	0x9083      	BCF         PORTD, 0 
;Ex34.c,16 :: 		delay_ms(5000);  // Aguarda 5 segundos
0x0052	0x0E33      	MOVLW       51
0x0054	0x6E0B      	MOVWF       R11, 0
0x0056	0x0EBB      	MOVLW       187
0x0058	0x6E0C      	MOVWF       R12, 0
0x005A	0x0EDF      	MOVLW       223
0x005C	0x6E0D      	MOVWF       R13, 0
L_main6:
0x005E	0x2E0D      	DECFSZ      R13, 1, 0
0x0060	0xD7FE      	BRA         L_main6
0x0062	0x2E0C      	DECFSZ      R12, 1, 0
0x0064	0xD7FC      	BRA         L_main6
0x0066	0x2E0B      	DECFSZ      R11, 1, 0
0x0068	0xD7FA      	BRA         L_main6
0x006A	0x0000      	NOP
0x006C	0x0000      	NOP
;Ex34.c,18 :: 		}
0x006E	0xD7DA      	BRA         L_main0
;Ex34.c,19 :: 		}
L_end_main:
0x0070	0xD7FF      	BRA         $+0
; end of _main
Symbol List:
//** Routines locations **
//ADDRESS    SIZE    PROCEDURE
//----------------------------------------------
0x001C      [86]    _main
//** Variables locations ** 
//ADDRESS    SIZE    VARIABLE
//----------------------------------------------
0x0000       [1]    R0
0x0001       [1]    R1
0x0002       [1]    R2
0x0003       [1]    R3
0x0004       [1]    R4
0x0005       [1]    R5
0x0006       [1]    R6
0x0007       [1]    R7
0x0008       [1]    R8
0x0009       [1]    R9
0x000A       [1]    R10
0x000B       [1]    R11
0x000C       [1]    R12
0x000D       [1]    R13
0x000E       [1]    R14
0x000F       [1]    R15
0x0010       [1]    R16
0x0011       [1]    R17
0x0012       [1]    R18
0x0013       [1]    R19
0x0014       [1]    R20
0x0015       [1]    main_count_L1
0x0F83       [1]    PORTD
0x0F95       [1]    TRISD
0x0FC1       [1]    ADCON1
0x0FC2       [1]    ADCON0
0x0FD8       [1]    STATUS
0x0FD9       [1]    FSR2L
0x0FDA       [1]    FSR2H
0x0FDE       [1]    POSTINC2
0x0FE0       [1]    BSR
0x0FE1       [1]    FSR1L
0x0FE2       [1]    FSR1H
0x0FE4       [1]    PREINC1
0x0FE6       [1]    POSTINC1
0x0FE7       [1]    INDF1
0x0FE8       [1]    WREG
0x0FE9       [1]    FSR0L
0x0FEA       [1]    FSR0H
0x0FEE       [1]    POSTINC0
0x0FF3       [1]    PRODL
0x0FF4       [1]    PRODH
0x0FF5       [1]    TABLAT
0x0FF6       [1]    TBLPTRL
0x0FF7       [1]    TBLPTRH
0x0FF8       [1]    TBLPTRU
