;  LST file generated by mikroListExporter - v.2.0 
; Date/Time: 30/09/2023 11:02:10
;----------------------------------------------

;Address Opcode 	ASM
0x0000	0xF000EF0E  	GOTO        28
0x0004	0x0000      	NOP
0x0006	0x0000      	NOP
0x0008	0xF000EF00  	GOTO        0
0x000C	0x0000      	NOP
0x000E	0x0000      	NOP
0x0010	0x0000      	NOP
0x0012	0x0000      	NOP
0x0014	0x0000      	NOP
0x0016	0x0000      	NOP
0x0018	0xD7F3      	BRA         0
_main:
;Ex_09.c,1 :: 		void main() {
;Ex_09.c,3 :: 		trisb.f0=1;
0x001C	0x8093      	BSF         TRISB, 0 
;Ex_09.c,4 :: 		trisb.f1=1;
0x001E	0x8293      	BSF         TRISB, 1 
;Ex_09.c,6 :: 		trisd=0;
0x0020	0x6A95      	CLRF        TRISD 
;Ex_09.c,8 :: 		adcon1 = 15;
0x0022	0x0E0F      	MOVLW       15
0x0024	0x6EC1      	MOVWF       ADCON1 
;Ex_09.c,11 :: 		while(1){
L_main0:
;Ex_09.c,12 :: 		portd.f1=0;
0x0026	0x9283      	BCF         PORTD, 1 
;Ex_09.c,13 :: 		portd.f2=0;
0x0028	0x9483      	BCF         PORTD, 2 
;Ex_09.c,14 :: 		portd.f3=0;
0x002A	0x9683      	BCF         PORTD, 3 
;Ex_09.c,15 :: 		portd.f4=0;
0x002C	0x9883      	BCF         PORTD, 4 
;Ex_09.c,16 :: 		portd.f5=0;
0x002E	0x9A83      	BCF         PORTD, 5 
;Ex_09.c,17 :: 		portd.f6=0;
0x0030	0x9C83      	BCF         PORTD, 6 
;Ex_09.c,18 :: 		portd.f7=0;
0x0032	0x9E83      	BCF         PORTD, 7 
;Ex_09.c,20 :: 		if(portb.f0 ^ portb.f1 == 0)
0x0034	0xB281      	BTFSC       PORTB, 1 
0x0036	0xD002      	BRA         L__main5
0x0038	0x80D8      	BSF         STATUS, 0 
0x003A	0xD001      	BRA         L__main6
L__main5:
0x003C	0x90D8      	BCF         STATUS, 0 
L__main6:
0x003E	0xB081      	BTFSC       PORTB, 0 
0x0040	0xD005      	BRA         L__main7
0x0042	0xE202      	BC          L__main9
0x0044	0x9000      	BCF         R0, 0 
0x0046	0xD006      	BRA         L__main8
L__main9:
0x0048	0x8000      	BSF         R0, 0 
0x004A	0xD004      	BRA         L__main8
L__main7:
0x004C	0xE202      	BC          L__main10
0x004E	0x8000      	BSF         R0, 0 
0x0050	0xD001      	BRA         L__main8
L__main10:
0x0052	0x9000      	BCF         R0, 0 
L__main8:
0x0054	0xA000      	BTFSS       R0, 0 
0x0056	0xD002      	BRA         L_main2
;Ex_09.c,21 :: 		portd.f0=1;
0x0058	0x8083      	BSF         PORTD, 0 
0x005A	0xD001      	BRA         L_main3
L_main2:
;Ex_09.c,23 :: 		portd.f0=0;
0x005C	0x9083      	BCF         PORTD, 0 
L_main3:
;Ex_09.c,25 :: 		}
0x005E	0xD7E3      	BRA         L_main0
;Ex_09.c,26 :: 		}
L_end_main:
0x0060	0xD7FF      	BRA         $+0
; end of _main
Symbol List:
//** Routines locations **
//ADDRESS    SIZE    PROCEDURE
//----------------------------------------------
0x001C      [70]    _main
//** Variables locations ** 
//ADDRESS    SIZE    VARIABLE
//----------------------------------------------
0x0000       [1]    R0
0x0001       [1]    R1
0x0002       [1]    R2
0x0003       [1]    R3
0x0004       [1]    R4
0x0005       [1]    R5
0x0006       [1]    R6
0x0007       [1]    R7
0x0008       [1]    R8
0x0009       [1]    R9
0x000A       [1]    R10
0x000B       [1]    R11
0x000C       [1]    R12
0x000D       [1]    R13
0x000E       [1]    R14
0x000F       [1]    R15
0x0010       [1]    R16
0x0011       [1]    R17
0x0012       [1]    R18
0x0013       [1]    R19
0x0014       [1]    R20
0x0F81       [1]    PORTB
0x0F83       [1]    PORTD
0x0F93       [1]    TRISB
0x0F95       [1]    TRISD
0x0FC1       [1]    ADCON1
0x0FD8       [1]    STATUS
0x0FD9       [1]    FSR2L
0x0FDA       [1]    FSR2H
0x0FDE       [1]    POSTINC2
0x0FE0       [1]    BSR
0x0FE1       [1]    FSR1L
0x0FE2       [1]    FSR1H
0x0FE4       [1]    PREINC1
0x0FE6       [1]    POSTINC1
0x0FE7       [1]    INDF1
0x0FE8       [1]    WREG
0x0FE9       [1]    FSR0L
0x0FEA       [1]    FSR0H
0x0FEE       [1]    POSTINC0
0x0FF3       [1]    PRODL
0x0FF4       [1]    PRODH
0x0FF5       [1]    TABLAT
0x0FF6       [1]    TBLPTRL
0x0FF7       [1]    TBLPTRH
0x0FF8       [1]    TBLPTRU
