;  LST file generated by mikroListExporter - v.2.0 
; Date/Time: 29/10/2023 16:34:58
;----------------------------------------------

;Address Opcode 	ASM
0x0000	0xF000EF0E  	GOTO        28
0x0004	0x0000      	NOP
0x0006	0x0000      	NOP
0x0008	0xF000EF00  	GOTO        0
0x000C	0x0000      	NOP
0x000E	0x0000      	NOP
0x0010	0x0000      	NOP
0x0012	0x0000      	NOP
0x0014	0x0000      	NOP
0x0016	0x0000      	NOP
0x0018	0xD7F3      	BRA         0
_main:
;Ex32.c,1 :: 		void main() {
;Ex32.c,2 :: 		trisd.rd0 = 0;  // Configura RD0 como saída
0x001C	0x9095      	BCF         TRISD, 0 
;Ex32.c,3 :: 		trisb.rb0 = 1;  // Configura RB0 como entrada
0x001E	0x8093      	BSF         TRISB, 0 
;Ex32.c,4 :: 		trisb.rb1 = 1;  // Configura RB1 como entrada
0x0020	0x8293      	BSF         TRISB, 1 
;Ex32.c,5 :: 		adcon0 = 0;     // Configura ADCON0 para modo digital
0x0022	0x6AC2      	CLRF        ADCON0 
;Ex32.c,6 :: 		adcon1 = 15;    // Configura ADCON1 para modo digital
0x0024	0x0E0F      	MOVLW       15
0x0026	0x6EC1      	MOVWF       ADCON1 
;Ex32.c,8 :: 		while (1) {  // Loop infinito para manter a sequência rodando enquanto o circuito estiver energizado
L_main0:
;Ex32.c,9 :: 		while ((portb.rb0 == 0) || (portb.rb1 == 0)) {  // Enquanto pelo menos uma chave estiver pressionada
L_main2:
0x0028	0xA081      	BTFSS       PORTB, 0 
0x002A	0xD003      	BRA         L__main6
0x002C	0xA281      	BTFSS       PORTB, 1 
0x002E	0xD001      	BRA         L__main6
0x0030	0xD002      	BRA         L_main3
L__main6:
;Ex32.c,10 :: 		portd.rd0 = 1;  // Liga o LED 0
0x0032	0x8083      	BSF         PORTD, 0 
;Ex32.c,11 :: 		}
0x0034	0xD7F9      	BRA         L_main2
L_main3:
;Ex32.c,12 :: 		portd.rd0 = 0;  // Desliga o LED 0 quando ambas as chaves forem liberadas
0x0036	0x9083      	BCF         PORTD, 0 
;Ex32.c,13 :: 		}
0x0038	0xD7F7      	BRA         L_main0
;Ex32.c,14 :: 		}
L_end_main:
0x003A	0xD7FF      	BRA         $+0
; end of _main
Symbol List:
//** Routines locations **
//ADDRESS    SIZE    PROCEDURE
//----------------------------------------------
0x001C      [32]    _main
//** Variables locations ** 
//ADDRESS    SIZE    VARIABLE
//----------------------------------------------
0x0000       [1]    R0
0x0001       [1]    R1
0x0002       [1]    R2
0x0003       [1]    R3
0x0004       [1]    R4
0x0005       [1]    R5
0x0006       [1]    R6
0x0007       [1]    R7
0x0008       [1]    R8
0x0009       [1]    R9
0x000A       [1]    R10
0x000B       [1]    R11
0x000C       [1]    R12
0x000D       [1]    R13
0x000E       [1]    R14
0x000F       [1]    R15
0x0010       [1]    R16
0x0011       [1]    R17
0x0012       [1]    R18
0x0013       [1]    R19
0x0014       [1]    R20
0x0F81       [1]    PORTB
0x0F83       [1]    PORTD
0x0F93       [1]    TRISB
0x0F95       [1]    TRISD
0x0FC1       [1]    ADCON1
0x0FC2       [1]    ADCON0
0x0FD8       [1]    STATUS
0x0FD9       [1]    FSR2L
0x0FDA       [1]    FSR2H
0x0FDE       [1]    POSTINC2
0x0FE0       [1]    BSR
0x0FE1       [1]    FSR1L
0x0FE2       [1]    FSR1H
0x0FE4       [1]    PREINC1
0x0FE6       [1]    POSTINC1
0x0FE7       [1]    INDF1
0x0FE8       [1]    WREG
0x0FE9       [1]    FSR0L
0x0FEA       [1]    FSR0H
0x0FEE       [1]    POSTINC0
0x0FF3       [1]    PRODL
0x0FF4       [1]    PRODH
0x0FF5       [1]    TABLAT
0x0FF6       [1]    TBLPTRL
0x0FF7       [1]    TBLPTRH
0x0FF8       [1]    TBLPTRU
