;  LST file generated by mikroListExporter - v.2.0 
; Date/Time: 18/11/2023 15:17:42
;----------------------------------------------

;Address Opcode 	ASM
0x0000	0x29DA      	GOTO       474
_Delay_50us:
;__Lib_Delays.c,19 :: 		void Delay_50us() {
;__Lib_Delays.c,20 :: 		Delay_us(50);
0x0003	0x3021      	MOVLW      33
0x0004	0x1283      	BCF        STATUS, 5
0x0005	0x1303      	BCF        STATUS, 6
0x0006	0x00FD      	MOVWF      R13
L_Delay_50us2:
0x0007	0x0BFD      	DECFSZ     R13, 1
0x0008	0x2807      	GOTO       L_Delay_50us2
;__Lib_Delays.c,21 :: 		}
L_end_Delay_50us:
0x0009	0x0008      	RETURN
; end of _Delay_50us
_Delay_5500us:
;__Lib_Delays.c,31 :: 		void Delay_5500us() {
;__Lib_Delays.c,32 :: 		Delay_us(5500);
0x000A	0x300F      	MOVLW      15
0x000B	0x1283      	BCF        STATUS, 5
0x000C	0x1303      	BCF        STATUS, 6
0x000D	0x00FC      	MOVWF      R12
0x000E	0x3047      	MOVLW      71
0x000F	0x00FD      	MOVWF      R13
L_Delay_5500us5:
0x0010	0x0BFD      	DECFSZ     R13, 1
0x0011	0x2810      	GOTO       L_Delay_5500us5
0x0012	0x0BFC      	DECFSZ     R12, 1
0x0013	0x2810      	GOTO       L_Delay_5500us5
0x0014	0x0000      	NOP
0x0015	0x0000      	NOP
;__Lib_Delays.c,33 :: 		}
L_end_Delay_5500us:
0x0016	0x0008      	RETURN
; end of _Delay_5500us
_Delay_1us:
;__Lib_Delays.c,7 :: 		void Delay_1us() {
;__Lib_Delays.c,8 :: 		Delay_us(1);
0x0017	0x0000      	NOP
0x0018	0x0000      	NOP
;__Lib_Delays.c,9 :: 		}
L_end_Delay_1us:
0x0019	0x0008      	RETURN
; end of _Delay_1us
_Lcd_Cmd:
;__Lib_Lcd.c,18 :: 		
;__Lib_Lcd.c,20 :: 		
0x001A	0x1283      	BCF        STATUS, 5
0x001B	0x1303      	BCF        STATUS, 6
0x001C	0x1BBB      	BTFSC      FARG_Lcd_Cmd_out_char, 7
0x001D	0x2820      	GOTO       L__Lcd_Cmd21
0x001E	0x1388      	BCF        lcd_d7, BitPos(lcd_d7+0)
0x001F	0x2821      	GOTO       L__Lcd_Cmd22
L__Lcd_Cmd21:
0x0020	0x1788      	BSF        lcd_d7, BitPos(lcd_d7+0)
L__Lcd_Cmd22:
;__Lib_Lcd.c,21 :: 		
0x0021	0x1B3B      	BTFSC      FARG_Lcd_Cmd_out_char, 6
0x0022	0x2825      	GOTO       L__Lcd_Cmd23
0x0023	0x1308      	BCF        lcd_d6, BitPos(lcd_d6+0)
0x0024	0x2826      	GOTO       L__Lcd_Cmd24
L__Lcd_Cmd23:
0x0025	0x1708      	BSF        lcd_d6, BitPos(lcd_d6+0)
L__Lcd_Cmd24:
;__Lib_Lcd.c,22 :: 		
0x0026	0x1ABB      	BTFSC      FARG_Lcd_Cmd_out_char, 5
0x0027	0x282A      	GOTO       L__Lcd_Cmd25
0x0028	0x1288      	BCF        lcd_d5, BitPos(lcd_d5+0)
0x0029	0x282B      	GOTO       L__Lcd_Cmd26
L__Lcd_Cmd25:
0x002A	0x1688      	BSF        lcd_d5, BitPos(lcd_d5+0)
L__Lcd_Cmd26:
;__Lib_Lcd.c,23 :: 		
0x002B	0x1A3B      	BTFSC      FARG_Lcd_Cmd_out_char, 4
0x002C	0x282F      	GOTO       L__Lcd_Cmd27
0x002D	0x1208      	BCF        lcd_d4, BitPos(lcd_d4+0)
0x002E	0x2830      	GOTO       L__Lcd_Cmd28
L__Lcd_Cmd27:
0x002F	0x1608      	BSF        lcd_d4, BitPos(lcd_d4+0)
L__Lcd_Cmd28:
;__Lib_Lcd.c,25 :: 		
0x0030	0x1824      	BTFSC      __Lib_Lcd_cmd_status, BitPos(__Lib_Lcd_cmd_status+0)
0x0031	0x2834      	GOTO       L__Lcd_Cmd29
0x0032	0x1509      	BSF        lcd_rs, BitPos(lcd_rs+0)
0x0033	0x2835      	GOTO       L__Lcd_Cmd30
L__Lcd_Cmd29:
0x0034	0x1109      	BCF        lcd_rs, BitPos(lcd_rs+0)
L__Lcd_Cmd30:
;__Lib_Lcd.c,28 :: 		
0x0035	0x1489      	BSF        lcd_en, BitPos(lcd_en+0)
;__Lib_Lcd.c,29 :: 		
0x0036	0x2017      	CALL       _Delay_1us
;__Lib_Lcd.c,30 :: 		
0x0037	0x1089      	BCF        lcd_en, BitPos(lcd_en+0)
;__Lib_Lcd.c,33 :: 		
0x0038	0x19BB      	BTFSC      FARG_Lcd_Cmd_out_char, 3
0x0039	0x283C      	GOTO       L__Lcd_Cmd31
0x003A	0x1388      	BCF        lcd_d7, BitPos(lcd_d7+0)
0x003B	0x283D      	GOTO       L__Lcd_Cmd32
L__Lcd_Cmd31:
0x003C	0x1788      	BSF        lcd_d7, BitPos(lcd_d7+0)
L__Lcd_Cmd32:
;__Lib_Lcd.c,34 :: 		
0x003D	0x193B      	BTFSC      FARG_Lcd_Cmd_out_char, 2
0x003E	0x2841      	GOTO       L__Lcd_Cmd33
0x003F	0x1308      	BCF        lcd_d6, BitPos(lcd_d6+0)
0x0040	0x2842      	GOTO       L__Lcd_Cmd34
L__Lcd_Cmd33:
0x0041	0x1708      	BSF        lcd_d6, BitPos(lcd_d6+0)
L__Lcd_Cmd34:
;__Lib_Lcd.c,35 :: 		
0x0042	0x18BB      	BTFSC      FARG_Lcd_Cmd_out_char, 1
0x0043	0x2846      	GOTO       L__Lcd_Cmd35
0x0044	0x1288      	BCF        lcd_d5, BitPos(lcd_d5+0)
0x0045	0x2847      	GOTO       L__Lcd_Cmd36
L__Lcd_Cmd35:
0x0046	0x1688      	BSF        lcd_d5, BitPos(lcd_d5+0)
L__Lcd_Cmd36:
;__Lib_Lcd.c,36 :: 		
0x0047	0x183B      	BTFSC      FARG_Lcd_Cmd_out_char, 0
0x0048	0x284B      	GOTO       L__Lcd_Cmd37
0x0049	0x1208      	BCF        lcd_d4, BitPos(lcd_d4+0)
0x004A	0x284C      	GOTO       L__Lcd_Cmd38
L__Lcd_Cmd37:
0x004B	0x1608      	BSF        lcd_d4, BitPos(lcd_d4+0)
L__Lcd_Cmd38:
;__Lib_Lcd.c,38 :: 		
0x004C	0x1824      	BTFSC      __Lib_Lcd_cmd_status, BitPos(__Lib_Lcd_cmd_status+0)
0x004D	0x2850      	GOTO       L__Lcd_Cmd39
0x004E	0x1509      	BSF        lcd_rs, BitPos(lcd_rs+0)
0x004F	0x2851      	GOTO       L__Lcd_Cmd40
L__Lcd_Cmd39:
0x0050	0x1109      	BCF        lcd_rs, BitPos(lcd_rs+0)
L__Lcd_Cmd40:
;__Lib_Lcd.c,40 :: 		
0x0051	0x1489      	BSF        lcd_en, BitPos(lcd_en+0)
;__Lib_Lcd.c,41 :: 		
0x0052	0x2017      	CALL       _Delay_1us
;__Lib_Lcd.c,42 :: 		
0x0053	0x1089      	BCF        lcd_en, BitPos(lcd_en+0)
;__Lib_Lcd.c,44 :: 		
0x0054	0x1C24      	BTFSS      __Lib_Lcd_cmd_status, BitPos(__Lib_Lcd_cmd_status+0)
0x0055	0x2858      	GOTO       L_Lcd_Cmd0
;__Lib_Lcd.c,45 :: 		
0x0056	0x200A      	CALL       _Delay_5500us
0x0057	0x2859      	GOTO       L_Lcd_Cmd1
L_Lcd_Cmd0:
;__Lib_Lcd.c,47 :: 		
0x0058	0x2003      	CALL       _Delay_50us
L_Lcd_Cmd1:
;__Lib_Lcd.c,48 :: 		
L_end_Lcd_Cmd:
0x0059	0x0008      	RETURN
; end of _Lcd_Cmd
_Lcd_Chr_CP:
;__Lib_Lcd.c,50 :: 		
;__Lib_Lcd.c,52 :: 		
0x005A	0x1283      	BCF        STATUS, 5
0x005B	0x1303      	BCF        STATUS, 6
0x005C	0x1024      	BCF        __Lib_Lcd_cmd_status, BitPos(__Lib_Lcd_cmd_status+0)
;__Lib_Lcd.c,53 :: 		
0x005D	0x083A      	MOVF       FARG_Lcd_Chr_CP_out_char, 0
0x005E	0x00BB      	MOVWF      FARG_Lcd_Cmd_out_char
0x005F	0x201A      	CALL       _Lcd_Cmd
;__Lib_Lcd.c,54 :: 		
0x0060	0x1424      	BSF        __Lib_Lcd_cmd_status, BitPos(__Lib_Lcd_cmd_status+0)
;__Lib_Lcd.c,55 :: 		
L_end_Lcd_Chr_CP:
0x0061	0x0008      	RETURN
; end of _Lcd_Chr_CP
_Div_16x16_S_L:
;__Lib_Math.c,421 :: 		
;__Lib_Math.c,427 :: 		
0x0062	0x0D71      	RLF        R1, 0
;__Lib_Math.c,428 :: 		
0x0063	0x0DF8      	RLF        R8, 1
;__Lib_Math.c,429 :: 		
0x0064	0x0DF9      	RLF        R9, 1
;__Lib_Math.c,430 :: 		
0x0065	0x0874      	MOVF       R4, 0
;__Lib_Math.c,431 :: 		
0x0066	0x02F8      	SUBWF      R8, 1
;__Lib_Math.c,432 :: 		
0x0067	0x0875      	MOVF       R5, 0
;__Lib_Math.c,433 :: 		
0x0068	0x1C03      	BTFSS      STATUS, 0
;__Lib_Math.c,434 :: 		
0x0069	0x0F75      	INCFSZ     R5, 0
;__Lib_Math.c,435 :: 		
0x006A	0x02F9      	SUBWF      R9, 1
;__Lib_Math.c,436 :: 		
0x006B	0x0DF0      	RLF        R0, 1
;__Lib_Math.c,437 :: 		
0x006C	0x0DF1      	RLF        R1, 1
;__Lib_Math.c,439 :: 		
0x006D	0x300F      	MOVLW      15
;__Lib_Math.c,440 :: 		
0x006E	0x00FC      	MOVWF      R12
;__Lib_Math.c,442 :: 		
0x006F	0x0D71      	RLF        R1, 0
;__Lib_Math.c,443 :: 		
0x0070	0x0DF8      	RLF        R8, 1
;__Lib_Math.c,444 :: 		
0x0071	0x0DF9      	RLF        R9, 1
;__Lib_Math.c,445 :: 		
0x0072	0x0874      	MOVF       R4, 0
;__Lib_Math.c,447 :: 		
0x0073	0x1C70      	BTFSS      R0, 0
;__Lib_Math.c,448 :: 		
0x0074	0x287B      	GOTO       $+7
;__Lib_Math.c,449 :: 		
0x0075	0x02F8      	SUBWF      R8, 1
;__Lib_Math.c,450 :: 		
0x0076	0x0875      	MOVF       R5, 0
;__Lib_Math.c,451 :: 		
0x0077	0x1C03      	BTFSS      STATUS, 0
;__Lib_Math.c,452 :: 		
0x0078	0x0F75      	INCFSZ     R5, 0
;__Lib_Math.c,453 :: 		
0x0079	0x02F9      	SUBWF      R9, 1
;__Lib_Math.c,454 :: 		
0x007A	0x2880      	GOTO       $+6
;__Lib_Math.c,456 :: 		
0x007B	0x07F8      	ADDWF      R8, 1
;__Lib_Math.c,457 :: 		
0x007C	0x0875      	MOVF       R5, 0
;__Lib_Math.c,458 :: 		
0x007D	0x1803      	BTFSC      STATUS, 0
;__Lib_Math.c,459 :: 		
0x007E	0x0F75      	INCFSZ     R5, 0
;__Lib_Math.c,460 :: 		
0x007F	0x07F9      	ADDWF      R9, 1
;__Lib_Math.c,462 :: 		
0x0080	0x0DF0      	RLF        R0, 1
;__Lib_Math.c,463 :: 		
0x0081	0x0DF1      	RLF        R1, 1
;__Lib_Math.c,465 :: 		
0x0082	0x0BFC      	DECFSZ     R12, 1
;__Lib_Math.c,466 :: 		
0x0083	0x286F      	GOTO       $-20
;__Lib_Math.c,468 :: 		
0x0084	0x1870      	BTFSC      R0, 0
;__Lib_Math.c,469 :: 		
0x0085	0x288C      	GOTO       $+7
;__Lib_Math.c,470 :: 		
0x0086	0x0874      	MOVF       R4, 0
;__Lib_Math.c,471 :: 		
0x0087	0x07F8      	ADDWF      R8, 1
;__Lib_Math.c,472 :: 		
0x0088	0x0875      	MOVF       R5, 0
;__Lib_Math.c,473 :: 		
0x0089	0x1803      	BTFSC      STATUS, 0
;__Lib_Math.c,474 :: 		
0x008A	0x0F75      	INCFSZ     R5, 0
;__Lib_Math.c,475 :: 		
0x008B	0x07F9      	ADDWF      R9, 1
;__Lib_Math.c,476 :: 		
0x008C	0x0000      	NOP
;__Lib_Math.c,478 :: 		
L_end_Div_16x16_S_L:
0x008D	0x0008      	RETURN
; end of _Div_16x16_S_L
_Div_16x16_S:
;__Lib_Math.c,480 :: 		
;__Lib_Math.c,488 :: 		
0x008E	0x1283      	BCF        STATUS, 5
0x008F	0x1303      	BCF        STATUS, 6
0x0090	0x0874      	MOVF       R4, 0
0x0091	0x3A00      	XORLW      0
0x0092	0x1D03      	BTFSS      STATUS, 2
0x0093	0x289D      	GOTO       L_Div_16x16_S0
;__Lib_Math.c,489 :: 		
0x0094	0x0875      	MOVF       R5, 0
0x0095	0x3A00      	XORLW      0
0x0096	0x1D03      	BTFSS      STATUS, 2
0x0097	0x289D      	GOTO       L_Div_16x16_S1
;__Lib_Math.c,490 :: 		
0x0098	0x30FF      	MOVLW      255
0x0099	0x00F0      	MOVWF      R0
;__Lib_Math.c,491 :: 		
0x009A	0x307F      	MOVLW      127
0x009B	0x00F1      	MOVWF      R1
;__Lib_Math.c,492 :: 		
0x009C	0x28F6      	GOTO       L_end_Div_16x16_S
;__Lib_Math.c,493 :: 		
L_Div_16x16_S1:
L_Div_16x16_S0:
;__Lib_Math.c,496 :: 		
0x009D	0x1283      	BCF        STATUS, 5
;__Lib_Math.c,497 :: 		
0x009E	0x1303      	BCF        STATUS, 6
;__Lib_Math.c,498 :: 		
0x009F	0x01FD      	CLRF       R13
;__Lib_Math.c,499 :: 		
0x00A0	0x01F9      	CLRF       R9
;__Lib_Math.c,500 :: 		
0x00A1	0x01F8      	CLRF       R8
;__Lib_Math.c,501 :: 		
0x00A2	0x0871      	MOVF       R1, 0
;__Lib_Math.c,502 :: 		
0x00A3	0x0470      	IORWF      R0, 0
;__Lib_Math.c,503 :: 		
0x00A4	0x1903      	BTFSC      STATUS, 2
;__Lib_Math.c,504 :: 		
0x00A5	0x3400      	RETLW      0
;__Lib_Math.c,506 :: 		
0x00A6	0x0871      	MOVF       R1, 0
;__Lib_Math.c,507 :: 		
0x00A7	0x0675      	XORWF      R5, 0
;__Lib_Math.c,508 :: 		
0x00A8	0x00FA      	MOVWF      R10
;__Lib_Math.c,509 :: 		
0x00A9	0x1BFA      	BTFSC      R10, 7
;__Lib_Math.c,510 :: 		
0x00AA	0x09FD      	COMF       R13, 1
;__Lib_Math.c,512 :: 		
0x00AB	0x01FB      	CLRF       R11
;__Lib_Math.c,514 :: 		
0x00AC	0x1FF5      	BTFSS      R5, 7
;__Lib_Math.c,515 :: 		
0x00AD	0x28B3      	GOTO       $+6
;__Lib_Math.c,517 :: 		
0x00AE	0x09F4      	COMF       R4, 1
;__Lib_Math.c,518 :: 		
0x00AF	0x09F5      	COMF       R5, 1
;__Lib_Math.c,519 :: 		
0x00B0	0x0AF4      	INCF       R4, 1
;__Lib_Math.c,520 :: 		
0x00B1	0x1903      	BTFSC      STATUS, 2
;__Lib_Math.c,521 :: 		
0x00B2	0x0AF5      	INCF       R5, 1
;__Lib_Math.c,523 :: 		
0x00B3	0x1FF1      	BTFSS      R1, 7
;__Lib_Math.c,524 :: 		
0x00B4	0x28BA      	GOTO       $+6
;__Lib_Math.c,526 :: 		
0x00B5	0x09F0      	COMF       R0, 1
;__Lib_Math.c,527 :: 		
0x00B6	0x09F1      	COMF       R1, 1
;__Lib_Math.c,528 :: 		
0x00B7	0x0AF0      	INCF       R0, 1
;__Lib_Math.c,529 :: 		
0x00B8	0x1903      	BTFSC      STATUS, 2
;__Lib_Math.c,530 :: 		
0x00B9	0x0AF1      	INCF       R1, 1
;__Lib_Math.c,532 :: 		
0x00BA	0x0871      	MOVF       R1, 0
;__Lib_Math.c,533 :: 		
0x00BB	0x0475      	IORWF      R5, 0
;__Lib_Math.c,534 :: 		
0x00BC	0x00FA      	MOVWF      R10
;__Lib_Math.c,535 :: 		
0x00BD	0x1BFA      	BTFSC      R10, 7
;__Lib_Math.c,536 :: 		
0x00BE	0x28CF      	GOTO       $+17
;__Lib_Math.c,538 :: 		
0x00BF	0x2062      	CALL       _Div_16x16_S_L
;__Lib_Math.c,540 :: 		
0x00C0	0x187B      	BTFSC      R11, 0
;__Lib_Math.c,541 :: 		
0x00C1	0x28E2      	GOTO       $+33
;__Lib_Math.c,543 :: 		
0x00C2	0x1FFD      	BTFSS      R13, 7
;__Lib_Math.c,544 :: 		
0x00C3	0x3400      	RETLW      0
;__Lib_Math.c,546 :: 		
0x00C4	0x09F0      	COMF       R0, 1
;__Lib_Math.c,547 :: 		
0x00C5	0x09F1      	COMF       R1, 1
;__Lib_Math.c,548 :: 		
0x00C6	0x0AF0      	INCF       R0, 1
;__Lib_Math.c,549 :: 		
0x00C7	0x1903      	BTFSC      STATUS, 2
;__Lib_Math.c,550 :: 		
0x00C8	0x0AF1      	INCF       R1, 1
;__Lib_Math.c,552 :: 		
0x00C9	0x09F8      	COMF       R8, 1
;__Lib_Math.c,553 :: 		
0x00CA	0x09F9      	COMF       R9, 1
;__Lib_Math.c,554 :: 		
0x00CB	0x0AF8      	INCF       R8, 1
;__Lib_Math.c,555 :: 		
0x00CC	0x1903      	BTFSC      STATUS, 2
;__Lib_Math.c,556 :: 		
0x00CD	0x0AF9      	INCF       R9, 1
;__Lib_Math.c,558 :: 		
0x00CE	0x3400      	RETLW      0
;__Lib_Math.c,560 :: 		
0x00CF	0x1FF5      	BTFSS      R5, 7
;__Lib_Math.c,561 :: 		
0x00D0	0x28DE      	GOTO       $+14
;__Lib_Math.c,562 :: 		
0x00D1	0x1BF1      	BTFSC      R1, 7
;__Lib_Math.c,563 :: 		
0x00D2	0x28DA      	GOTO       $+8
;__Lib_Math.c,564 :: 		
0x00D3	0x0871      	MOVF       R1, 0
;__Lib_Math.c,565 :: 		
0x00D4	0x00F9      	MOVWF      R9
;__Lib_Math.c,566 :: 		
0x00D5	0x0870      	MOVF       R0, 0
;__Lib_Math.c,567 :: 		
0x00D6	0x00F8      	MOVWF      R8
;__Lib_Math.c,568 :: 		
0x00D7	0x01F1      	CLRF       R1
;__Lib_Math.c,569 :: 		
0x00D8	0x01F0      	CLRF       R0
;__Lib_Math.c,570 :: 		
0x00D9	0x28C2      	GOTO       $-23
;__Lib_Math.c,571 :: 		
0x00DA	0x01F1      	CLRF       R1
;__Lib_Math.c,572 :: 		
0x00DB	0x01F0      	CLRF       R0
;__Lib_Math.c,573 :: 		
0x00DC	0x0AF0      	INCF       R0, 1
;__Lib_Math.c,574 :: 		
0x00DD	0x3400      	RETLW      0
;__Lib_Math.c,576 :: 		
0x00DE	0x09F1      	COMF       R1, 1
;__Lib_Math.c,577 :: 		
0x00DF	0x09F0      	COMF       R0, 1
;__Lib_Math.c,578 :: 		
0x00E0	0x0AFB      	INCF       R11, 1
;__Lib_Math.c,579 :: 		
0x00E1	0x28BF      	GOTO       $-34
;__Lib_Math.c,581 :: 		
0x00E2	0x0AF8      	INCF       R8, 1
;__Lib_Math.c,582 :: 		
0x00E3	0x1903      	BTFSC      STATUS, 2
;__Lib_Math.c,583 :: 		
0x00E4	0x0AF9      	INCF       R9, 1
;__Lib_Math.c,584 :: 		
0x00E5	0x0874      	MOVF       R4, 0
;__Lib_Math.c,585 :: 		
0x00E6	0x0278      	SUBWF      R8, 0
;__Lib_Math.c,586 :: 		
0x00E7	0x1D03      	BTFSS      STATUS, 2
;__Lib_Math.c,587 :: 		
0x00E8	0x28C2      	GOTO       $-38
;__Lib_Math.c,588 :: 		
0x00E9	0x0875      	MOVF       R5, 0
;__Lib_Math.c,589 :: 		
0x00EA	0x0279      	SUBWF      R9, 0
;__Lib_Math.c,590 :: 		
0x00EB	0x1D03      	BTFSS      STATUS, 2
;__Lib_Math.c,591 :: 		
0x00EC	0x28C2      	GOTO       $-42
;__Lib_Math.c,592 :: 		
0x00ED	0x01F9      	CLRF       R9
;__Lib_Math.c,593 :: 		
0x00EE	0x01F8      	CLRF       R8
;__Lib_Math.c,594 :: 		
0x00EF	0x0AF0      	INCF       R0, 1
;__Lib_Math.c,595 :: 		
0x00F0	0x1903      	BTFSC      STATUS, 2
;__Lib_Math.c,596 :: 		
0x00F1	0x0AF1      	INCF       R1, 1
;__Lib_Math.c,597 :: 		
0x00F2	0x1FF1      	BTFSS      R1, 7
;__Lib_Math.c,598 :: 		
0x00F3	0x28C2      	GOTO       $-49
;__Lib_Math.c,599 :: 		
0x00F4	0x0000      	NOP
;__Lib_Math.c,600 :: 		
0x00F5	0x34FF      	RETLW      255
;__Lib_Math.c,602 :: 		
L_end_Div_16x16_S:
0x00F6	0x0008      	RETURN
; end of _Div_16x16_S
_____DoICP:
;__Lib_System.c,6 :: 		
;__Lib_System.c,9 :: 		
0x00F7	0x1283      	BCF        STATUS, 5
0x00F8	0x1303      	BCF        STATUS, 6
0x00F9	0x0823      	MOVF       ___DoICPAddr+1, 0
0x00FA	0x008A      	MOVWF      PCLATH
;__Lib_System.c,10 :: 		
0x00FB	0x0822      	MOVF       ___DoICPAddr, 0
0x00FC	0x0082      	MOVWF      PCL
;__Lib_System.c,12 :: 		
L_end_____DoICP:
0x00FD	0x0008      	RETURN
; end of _____DoICP
_Lcd_Out:
;__Lib_Lcd.c,184 :: 		
;__Lib_Lcd.c,187 :: 		
0x00FE	0x2910      	GOTO       L_Lcd_Out11
;__Lib_Lcd.c,188 :: 		
L_Lcd_Out13:
0x00FF	0x3080      	MOVLW      128
0x0100	0x1283      	BCF        STATUS, 5
0x0101	0x1303      	BCF        STATUS, 6
0x0102	0x00B6      	MOVWF      FARG_Lcd_Out_row
0x0103	0x2923      	GOTO       L_Lcd_Out12
;__Lib_Lcd.c,189 :: 		
L_Lcd_Out14:
0x0104	0x30C0      	MOVLW      192
0x0105	0x00B6      	MOVWF      FARG_Lcd_Out_row
0x0106	0x2923      	GOTO       L_Lcd_Out12
;__Lib_Lcd.c,190 :: 		
L_Lcd_Out15:
0x0107	0x3094      	MOVLW      148
0x0108	0x00B6      	MOVWF      FARG_Lcd_Out_row
0x0109	0x2923      	GOTO       L_Lcd_Out12
;__Lib_Lcd.c,191 :: 		
L_Lcd_Out16:
0x010A	0x30D4      	MOVLW      212
0x010B	0x00B6      	MOVWF      FARG_Lcd_Out_row
0x010C	0x2923      	GOTO       L_Lcd_Out12
;__Lib_Lcd.c,192 :: 		
L_Lcd_Out17:
0x010D	0x3080      	MOVLW      128
0x010E	0x00B6      	MOVWF      FARG_Lcd_Out_row
;__Lib_Lcd.c,193 :: 		
0x010F	0x2923      	GOTO       L_Lcd_Out12
L_Lcd_Out11:
0x0110	0x1283      	BCF        STATUS, 5
0x0111	0x1303      	BCF        STATUS, 6
0x0112	0x0836      	MOVF       FARG_Lcd_Out_row, 0
0x0113	0x3A01      	XORLW      1
0x0114	0x1903      	BTFSC      STATUS, 2
0x0115	0x28FF      	GOTO       L_Lcd_Out13
0x0116	0x0836      	MOVF       FARG_Lcd_Out_row, 0
0x0117	0x3A02      	XORLW      2
0x0118	0x1903      	BTFSC      STATUS, 2
0x0119	0x2904      	GOTO       L_Lcd_Out14
0x011A	0x0836      	MOVF       FARG_Lcd_Out_row, 0
0x011B	0x3A03      	XORLW      3
0x011C	0x1903      	BTFSC      STATUS, 2
0x011D	0x2907      	GOTO       L_Lcd_Out15
0x011E	0x0836      	MOVF       FARG_Lcd_Out_row, 0
0x011F	0x3A04      	XORLW      4
0x0120	0x1903      	BTFSC      STATUS, 2
0x0121	0x290A      	GOTO       L_Lcd_Out16
0x0122	0x290D      	GOTO       L_Lcd_Out17
L_Lcd_Out12:
;__Lib_Lcd.c,194 :: 		
0x0123	0x0337      	DECF       FARG_Lcd_Out_column, 0
0x0124	0x00F0      	MOVWF      R0
0x0125	0x0836      	MOVF       FARG_Lcd_Out_row, 0
0x0126	0x07F0      	ADDWF      R0, 1
0x0127	0x0870      	MOVF       R0, 0
0x0128	0x00B6      	MOVWF      FARG_Lcd_Out_row
;__Lib_Lcd.c,196 :: 		
0x0129	0x0870      	MOVF       R0, 0
0x012A	0x00BB      	MOVWF      FARG_Lcd_Cmd_out_char
0x012B	0x201A      	CALL       _Lcd_Cmd
;__Lib_Lcd.c,197 :: 		
0x012C	0x1024      	BCF        __Lib_Lcd_cmd_status, BitPos(__Lib_Lcd_cmd_status+0)
;__Lib_Lcd.c,198 :: 		
0x012D	0x01B9      	CLRF       Lcd_Out_i_L0
;__Lib_Lcd.c,199 :: 		
L_Lcd_Out18:
0x012E	0x0839      	MOVF       Lcd_Out_i_L0, 0
0x012F	0x0738      	ADDWF      FARG_Lcd_Out_text, 0
0x0130	0x0084      	MOVWF      FSR
0x0131	0x0800      	MOVF       INDF, 0
0x0132	0x1903      	BTFSC      STATUS, 2
0x0133	0x293C      	GOTO       L_Lcd_Out19
;__Lib_Lcd.c,200 :: 		
0x0134	0x0839      	MOVF       Lcd_Out_i_L0, 0
0x0135	0x0738      	ADDWF      FARG_Lcd_Out_text, 0
0x0136	0x0084      	MOVWF      FSR
0x0137	0x0800      	MOVF       INDF, 0
0x0138	0x00BA      	MOVWF      FARG_Lcd_Chr_CP_out_char
0x0139	0x205A      	CALL       _Lcd_Chr_CP
0x013A	0x0AB9      	INCF       Lcd_Out_i_L0, 1
0x013B	0x292E      	GOTO       L_Lcd_Out18
L_Lcd_Out19:
;__Lib_Lcd.c,201 :: 		
0x013C	0x1424      	BSF        __Lib_Lcd_cmd_status, BitPos(__Lib_Lcd_cmd_status+0)
;__Lib_Lcd.c,202 :: 		
L_end_Lcd_Out:
0x013D	0x0008      	RETURN
; end of _Lcd_Out
_Lcd_Init:
;__Lib_Lcd.c,84 :: 		
;__Lib_Lcd.c,86 :: 		
0x013E	0x1683      	BSF        STATUS, 5
0x013F	0x1303      	BCF        STATUS, 6
0x0140	0x1089      	BCF        lcd_en_direction, BitPos(lcd_en_direction+0)
;__Lib_Lcd.c,87 :: 		
0x0141	0x1109      	BCF        lcd_rs_direction, BitPos(lcd_rs_direction+0)
;__Lib_Lcd.c,88 :: 		
0x0142	0x1208      	BCF        lcd_d4_direction, BitPos(lcd_d4_direction+0)
;__Lib_Lcd.c,89 :: 		
0x0143	0x1288      	BCF        lcd_d5_direction, BitPos(lcd_d5_direction+0)
;__Lib_Lcd.c,90 :: 		
0x0144	0x1308      	BCF        lcd_d6_direction, BitPos(lcd_d6_direction+0)
;__Lib_Lcd.c,91 :: 		
0x0145	0x1388      	BCF        lcd_d7_direction, BitPos(lcd_d7_direction+0)
;__Lib_Lcd.c,93 :: 		
0x0146	0x1283      	BCF        STATUS, 5
0x0147	0x1089      	BCF        lcd_en, BitPos(lcd_en+0)
;__Lib_Lcd.c,94 :: 		
0x0148	0x1109      	BCF        lcd_rs, BitPos(lcd_rs+0)
;__Lib_Lcd.c,95 :: 		
0x0149	0x1388      	BCF        lcd_d7, BitPos(lcd_d7+0)
;__Lib_Lcd.c,96 :: 		
0x014A	0x1308      	BCF        lcd_d6, BitPos(lcd_d6+0)
;__Lib_Lcd.c,97 :: 		
0x014B	0x1288      	BCF        lcd_d5, BitPos(lcd_d5+0)
;__Lib_Lcd.c,98 :: 		
0x014C	0x1208      	BCF        lcd_d4, BitPos(lcd_d4+0)
;__Lib_Lcd.c,100 :: 		
0x014D	0x200A      	CALL       _Delay_5500us
;__Lib_Lcd.c,101 :: 		
0x014E	0x200A      	CALL       _Delay_5500us
;__Lib_Lcd.c,102 :: 		
0x014F	0x200A      	CALL       _Delay_5500us
;__Lib_Lcd.c,105 :: 		
0x0150	0x1688      	BSF        lcd_d5, BitPos(lcd_d5+0)
;__Lib_Lcd.c,106 :: 		
0x0151	0x1608      	BSF        lcd_d4, BitPos(lcd_d4+0)
;__Lib_Lcd.c,107 :: 		
0x0152	0x1489      	BSF        lcd_en, BitPos(lcd_en+0)
;__Lib_Lcd.c,108 :: 		
0x0153	0x2017      	CALL       _Delay_1us
;__Lib_Lcd.c,109 :: 		
0x0154	0x1089      	BCF        lcd_en, BitPos(lcd_en+0)
;__Lib_Lcd.c,110 :: 		
0x0155	0x200A      	CALL       _Delay_5500us
;__Lib_Lcd.c,112 :: 		
0x0156	0x1489      	BSF        lcd_en, BitPos(lcd_en+0)
;__Lib_Lcd.c,113 :: 		
0x0157	0x2017      	CALL       _Delay_1us
;__Lib_Lcd.c,114 :: 		
0x0158	0x1089      	BCF        lcd_en, BitPos(lcd_en+0)
;__Lib_Lcd.c,115 :: 		
0x0159	0x200A      	CALL       _Delay_5500us
;__Lib_Lcd.c,117 :: 		
0x015A	0x1489      	BSF        lcd_en, BitPos(lcd_en+0)
;__Lib_Lcd.c,118 :: 		
0x015B	0x2017      	CALL       _Delay_1us
;__Lib_Lcd.c,119 :: 		
0x015C	0x1089      	BCF        lcd_en, BitPos(lcd_en+0)
;__Lib_Lcd.c,120 :: 		
0x015D	0x200A      	CALL       _Delay_5500us
;__Lib_Lcd.c,123 :: 		
0x015E	0x1208      	BCF        lcd_d4, BitPos(lcd_d4+0)
;__Lib_Lcd.c,124 :: 		
0x015F	0x1489      	BSF        lcd_en, BitPos(lcd_en+0)
;__Lib_Lcd.c,125 :: 		
0x0160	0x2017      	CALL       _Delay_1us
;__Lib_Lcd.c,126 :: 		
0x0161	0x1089      	BCF        lcd_en, BitPos(lcd_en+0)
;__Lib_Lcd.c,127 :: 		
0x0162	0x200A      	CALL       _Delay_5500us
;__Lib_Lcd.c,130 :: 		
0x0163	0x1489      	BSF        lcd_en, BitPos(lcd_en+0)
;__Lib_Lcd.c,131 :: 		
0x0164	0x2017      	CALL       _Delay_1us
;__Lib_Lcd.c,132 :: 		
0x0165	0x1089      	BCF        lcd_en, BitPos(lcd_en+0)
;__Lib_Lcd.c,134 :: 		
0x0166	0x1288      	BCF        lcd_d5, BitPos(lcd_d5+0)
;__Lib_Lcd.c,135 :: 		
0x0167	0x1788      	BSF        lcd_d7, BitPos(lcd_d7+0)
;__Lib_Lcd.c,136 :: 		
0x0168	0x1489      	BSF        lcd_en, BitPos(lcd_en+0)
;__Lib_Lcd.c,137 :: 		
0x0169	0x2017      	CALL       _Delay_1us
;__Lib_Lcd.c,138 :: 		
0x016A	0x1089      	BCF        lcd_en, BitPos(lcd_en+0)
;__Lib_Lcd.c,139 :: 		
0x016B	0x200A      	CALL       _Delay_5500us
;__Lib_Lcd.c,142 :: 		
0x016C	0x1388      	BCF        lcd_d7, BitPos(lcd_d7+0)
;__Lib_Lcd.c,143 :: 		
0x016D	0x1608      	BSF        lcd_d4, BitPos(lcd_d4+0)
;__Lib_Lcd.c,144 :: 		
0x016E	0x1489      	BSF        lcd_en, BitPos(lcd_en+0)
;__Lib_Lcd.c,145 :: 		
0x016F	0x2017      	CALL       _Delay_1us
;__Lib_Lcd.c,146 :: 		
0x0170	0x1089      	BCF        lcd_en, BitPos(lcd_en+0)
;__Lib_Lcd.c,148 :: 		
0x0171	0x1208      	BCF        lcd_d4, BitPos(lcd_d4+0)
;__Lib_Lcd.c,149 :: 		
0x0172	0x1489      	BSF        lcd_en, BitPos(lcd_en+0)
;__Lib_Lcd.c,150 :: 		
0x0173	0x2017      	CALL       _Delay_1us
;__Lib_Lcd.c,151 :: 		
0x0174	0x1089      	BCF        lcd_en, BitPos(lcd_en+0)
;__Lib_Lcd.c,152 :: 		
0x0175	0x200A      	CALL       _Delay_5500us
;__Lib_Lcd.c,155 :: 		
0x0176	0x1489      	BSF        lcd_en, BitPos(lcd_en+0)
;__Lib_Lcd.c,156 :: 		
0x0177	0x2017      	CALL       _Delay_1us
;__Lib_Lcd.c,157 :: 		
0x0178	0x1089      	BCF        lcd_en, BitPos(lcd_en+0)
;__Lib_Lcd.c,159 :: 		
0x0179	0x1608      	BSF        lcd_d4, BitPos(lcd_d4+0)
;__Lib_Lcd.c,160 :: 		
0x017A	0x1489      	BSF        lcd_en, BitPos(lcd_en+0)
;__Lib_Lcd.c,161 :: 		
0x017B	0x2017      	CALL       _Delay_1us
;__Lib_Lcd.c,162 :: 		
0x017C	0x1089      	BCF        lcd_en, BitPos(lcd_en+0)
;__Lib_Lcd.c,163 :: 		
0x017D	0x200A      	CALL       _Delay_5500us
;__Lib_Lcd.c,166 :: 		
0x017E	0x1208      	BCF        lcd_d4, BitPos(lcd_d4+0)
;__Lib_Lcd.c,167 :: 		
0x017F	0x1489      	BSF        lcd_en, BitPos(lcd_en+0)
;__Lib_Lcd.c,168 :: 		
0x0180	0x2017      	CALL       _Delay_1us
;__Lib_Lcd.c,169 :: 		
0x0181	0x1089      	BCF        lcd_en, BitPos(lcd_en+0)
;__Lib_Lcd.c,171 :: 		
0x0182	0x1788      	BSF        lcd_d7, BitPos(lcd_d7+0)
;__Lib_Lcd.c,172 :: 		
0x0183	0x1708      	BSF        lcd_d6, BitPos(lcd_d6+0)
;__Lib_Lcd.c,173 :: 		
0x0184	0x1688      	BSF        lcd_d5, BitPos(lcd_d5+0)
;__Lib_Lcd.c,174 :: 		
0x0185	0x1608      	BSF        lcd_d4, BitPos(lcd_d4+0)
;__Lib_Lcd.c,175 :: 		
0x0186	0x1489      	BSF        lcd_en, BitPos(lcd_en+0)
;__Lib_Lcd.c,176 :: 		
0x0187	0x2017      	CALL       _Delay_1us
;__Lib_Lcd.c,177 :: 		
0x0188	0x1089      	BCF        lcd_en, BitPos(lcd_en+0)
;__Lib_Lcd.c,179 :: 		
0x0189	0x200A      	CALL       _Delay_5500us
;__Lib_Lcd.c,181 :: 		
0x018A	0x1424      	BSF        __Lib_Lcd_cmd_status, BitPos(__Lib_Lcd_cmd_status+0)
;__Lib_Lcd.c,182 :: 		
L_end_Lcd_Init:
0x018B	0x0008      	RETURN
; end of _Lcd_Init
_UpdateLCD:
;Ex_12.c,17 :: 		void UpdateLCD() {
;Ex_12.c,20 :: 		txt[0] = 'P';
0x018C	0x3050      	MOVLW      80
0x018D	0x1283      	BCF        STATUS, 5
0x018E	0x1303      	BCF        STATUS, 6
0x018F	0x00A5      	MOVWF      UpdateLCD_txt_L0
;Ex_12.c,21 :: 		txt[1] = 'e';
0x0190	0x3065      	MOVLW      101
0x0191	0x00A6      	MOVWF      UpdateLCD_txt_L0+1
;Ex_12.c,22 :: 		txt[2] = 's';
0x0192	0x3073      	MOVLW      115
0x0193	0x00A7      	MOVWF      UpdateLCD_txt_L0+2
;Ex_12.c,23 :: 		txt[3] = 's';
0x0194	0x3073      	MOVLW      115
0x0195	0x00A8      	MOVWF      UpdateLCD_txt_L0+3
;Ex_12.c,24 :: 		txt[4] = 'o';
0x0196	0x306F      	MOVLW      111
0x0197	0x00A9      	MOVWF      UpdateLCD_txt_L0+4
;Ex_12.c,25 :: 		txt[5] = 'a';
0x0198	0x3061      	MOVLW      97
0x0199	0x00AA      	MOVWF      UpdateLCD_txt_L0+5
;Ex_12.c,26 :: 		txt[6] = 's';
0x019A	0x3073      	MOVLW      115
0x019B	0x00AB      	MOVWF      UpdateLCD_txt_L0+6
;Ex_12.c,27 :: 		txt[7] = ':';
0x019C	0x303A      	MOVLW      58
0x019D	0x00AC      	MOVWF      UpdateLCD_txt_L0+7
;Ex_12.c,28 :: 		txt[8] = ' ';
0x019E	0x3020      	MOVLW      32
0x019F	0x00AD      	MOVWF      UpdateLCD_txt_L0+8
;Ex_12.c,29 :: 		txt[9] = (count / 10) % 10 + '0'; // Dígito das dezenas
0x01A0	0x300A      	MOVLW      10
0x01A1	0x00F4      	MOVWF      R4
0x01A2	0x3000      	MOVLW      0
0x01A3	0x00F5      	MOVWF      R4+1
0x01A4	0x0820      	MOVF       _count, 0
0x01A5	0x00F0      	MOVWF      R0
0x01A6	0x0821      	MOVF       _count+1, 0
0x01A7	0x00F1      	MOVWF      R0+1
0x01A8	0x208E      	CALL       _Div_16x16_S
0x01A9	0x300A      	MOVLW      10
0x01AA	0x00F4      	MOVWF      R4
0x01AB	0x3000      	MOVLW      0
0x01AC	0x00F5      	MOVWF      R4+1
0x01AD	0x208E      	CALL       _Div_16x16_S
0x01AE	0x0878      	MOVF       R8, 0
0x01AF	0x00F0      	MOVWF      R0
0x01B0	0x0879      	MOVF       R8+1, 0
0x01B1	0x00F1      	MOVWF      R0+1
0x01B2	0x3030      	MOVLW      48
0x01B3	0x0770      	ADDWF      R0, 0
0x01B4	0x00AE      	MOVWF      UpdateLCD_txt_L0+9
;Ex_12.c,30 :: 		txt[10] = count % 10 + '0';       // Dígito das unidades
0x01B5	0x300A      	MOVLW      10
0x01B6	0x00F4      	MOVWF      R4
0x01B7	0x3000      	MOVLW      0
0x01B8	0x00F5      	MOVWF      R4+1
0x01B9	0x0820      	MOVF       _count, 0
0x01BA	0x00F0      	MOVWF      R0
0x01BB	0x0821      	MOVF       _count+1, 0
0x01BC	0x00F1      	MOVWF      R0+1
0x01BD	0x208E      	CALL       _Div_16x16_S
0x01BE	0x0878      	MOVF       R8, 0
0x01BF	0x00F0      	MOVWF      R0
0x01C0	0x0879      	MOVF       R8+1, 0
0x01C1	0x00F1      	MOVWF      R0+1
0x01C2	0x3030      	MOVLW      48
0x01C3	0x0770      	ADDWF      R0, 0
0x01C4	0x00AF      	MOVWF      UpdateLCD_txt_L0+10
;Ex_12.c,31 :: 		txt[11] = '\0'; // Finaliza a string
0x01C5	0x01B0      	CLRF       UpdateLCD_txt_L0+11
;Ex_12.c,33 :: 		lcd_out(1, 1, txt); // Escreve o texto no LCD
0x01C6	0x3001      	MOVLW      1
0x01C7	0x00B6      	MOVWF      FARG_Lcd_Out_row
0x01C8	0x3001      	MOVLW      1
0x01C9	0x00B7      	MOVWF      FARG_Lcd_Out_column
0x01CA	0x3025      	MOVLW      UpdateLCD_txt_L0
0x01CB	0x00B8      	MOVWF      FARG_Lcd_Out_text
0x01CC	0x20FE      	CALL       _Lcd_Out
;Ex_12.c,34 :: 		}
L_end_UpdateLCD:
0x01CD	0x0008      	RETURN
; end of _UpdateLCD
___CC2DW:
;__Lib_System.c,134 :: 		
;__Lib_System.c,137 :: 		
_CC2D_Loop1:
;__Lib_System.c,139 :: 		
0x01CE	0x20F7      	CALL       _____DoICP
0x01CF	0x118A      	BCF        PCLATH, 3
0x01D0	0x120A      	BCF        PCLATH, 4
;__Lib_System.c,141 :: 		
0x01D1	0x0080      	MOVWF      INDF
;__Lib_System.c,142 :: 		
0x01D2	0x0A84      	INCF       FSR, 1
;__Lib_System.c,143 :: 		
0x01D3	0x0AA2      	INCF       ___DoICPAddr, 1
;__Lib_System.c,145 :: 		
0x01D4	0x1903      	BTFSC      STATUS, 2
;__Lib_System.c,146 :: 		
0x01D5	0x0AA3      	INCF       ___DoICPAddr+1, 1
;__Lib_System.c,147 :: 		
0x01D6	0x03F0      	DECF       R0, 1
;__Lib_System.c,149 :: 		
0x01D7	0x1D03      	BTFSS      STATUS, 2
;__Lib_System.c,150 :: 		
0x01D8	0x29CE      	GOTO       _CC2D_Loop1
;__Lib_System.c,152 :: 		
L_end___CC2DW:
0x01D9	0x0008      	RETURN
; end of ___CC2DW
_main:
0x01DA	0x1283      	BCF        STATUS, 5
0x01DB	0x1303      	BCF        STATUS, 6
0x01DC	0x01A0      	CLRF       _count
0x01DD	0x01A1      	CLRF       33
;Ex_12.c,36 :: 		void main() {
;Ex_12.c,37 :: 		trisd = 0; // Configura os pinos da porta D como saída para o LCD
0x01DE	0x1683      	BSF        STATUS, 5
0x01DF	0x0188      	CLRF       TRISD
;Ex_12.c,38 :: 		trise = 0; // Configura os pinos da porta E como saída para o LCD
0x01E0	0x0189      	CLRF       TRISE
;Ex_12.c,39 :: 		trisb = 3; // Configura os pinos RB0 e RB1 como entrada
0x01E1	0x3003      	MOVLW      3
0x01E2	0x0086      	MOVWF      TRISB
;Ex_12.c,41 :: 		lcd_init(); // Inicializa o LCD
0x01E3	0x213E      	CALL       _Lcd_Init
;Ex_12.c,42 :: 		UpdateLCD(); // Atualiza o display com o contador inicial
0x01E4	0x218C      	CALL       _UpdateLCD
;Ex_12.c,44 :: 		while(1) { // Loop infinito
L_main0:
;Ex_12.c,45 :: 		if (portb.f0 == 1) { // Se a chave S0 for pressionada
0x01E5	0x1C06      	BTFSS      PORTB, 0
0x01E6	0x29F9      	GOTO       L_main2
;Ex_12.c,46 :: 		while(portb.f0 == 1); // Aguarda a liberação da chave
L_main3:
0x01E7	0x1C06      	BTFSS      PORTB, 0
0x01E8	0x29EA      	GOTO       L_main4
0x01E9	0x29E7      	GOTO       L_main3
L_main4:
;Ex_12.c,47 :: 		if (count < 99) count++; // Incrementa o contador
0x01EA	0x3080      	MOVLW      128
0x01EB	0x0621      	XORWF      _count+1, 0
0x01EC	0x00F0      	MOVWF      R0
0x01ED	0x3080      	MOVLW      128
0x01EE	0x0270      	SUBWF      R0, 0
0x01EF	0x1D03      	BTFSS      STATUS, 2
0x01F0	0x29F3      	GOTO       L__main12
0x01F1	0x3063      	MOVLW      99
0x01F2	0x0220      	SUBWF      _count, 0
L__main12:
0x01F3	0x1803      	BTFSC      STATUS, 0
0x01F4	0x29F8      	GOTO       L_main5
0x01F5	0x0AA0      	INCF       _count, 1
0x01F6	0x1903      	BTFSC      STATUS, 2
0x01F7	0x0AA1      	INCF       _count+1, 1
L_main5:
;Ex_12.c,48 :: 		UpdateLCD(); // Atualiza o display
0x01F8	0x218C      	CALL       _UpdateLCD
;Ex_12.c,49 :: 		}
L_main2:
;Ex_12.c,50 :: 		if (portb.f1 == 1) { // Se a chave S1 for pressionada
0x01F9	0x1C86      	BTFSS      PORTB, 1
0x01FA	0x2A0E      	GOTO       L_main6
;Ex_12.c,51 :: 		while(portb.f1 == 1); // Aguarda a liberação da chave
L_main7:
0x01FB	0x1C86      	BTFSS      PORTB, 1
0x01FC	0x29FE      	GOTO       L_main8
0x01FD	0x29FB      	GOTO       L_main7
L_main8:
;Ex_12.c,52 :: 		if (count > 0) count--; // Decrementa o contador
0x01FE	0x3080      	MOVLW      128
0x01FF	0x00F0      	MOVWF      R0
0x0200	0x3080      	MOVLW      128
0x0201	0x0621      	XORWF      _count+1, 0
0x0202	0x0270      	SUBWF      R0, 0
0x0203	0x1D03      	BTFSS      STATUS, 2
0x0204	0x2A07      	GOTO       L__main13
0x0205	0x0820      	MOVF       _count, 0
0x0206	0x3C00      	SUBLW      0
L__main13:
0x0207	0x1803      	BTFSC      STATUS, 0
0x0208	0x2A0D      	GOTO       L_main9
0x0209	0x3001      	MOVLW      1
0x020A	0x02A0      	SUBWF      _count, 1
0x020B	0x1C03      	BTFSS      STATUS, 0
0x020C	0x03A1      	DECF       _count+1, 1
L_main9:
;Ex_12.c,53 :: 		UpdateLCD(); // Atualiza o display
0x020D	0x218C      	CALL       _UpdateLCD
;Ex_12.c,54 :: 		}
L_main6:
;Ex_12.c,55 :: 		}
0x020E	0x29E5      	GOTO       L_main0
;Ex_12.c,56 :: 		}
L_end_main:
0x020F	0x2A0F      	GOTO       $+0
; end of _main
Symbol List:
//** Routines locations **
//ADDRESS    SIZE    PROCEDURE
//----------------------------------------------
0x0003       [7]    _Delay_50us
0x000A      [13]    _Delay_5500us
0x0017       [3]    _Delay_1us
0x001A      [64]    _Lcd_Cmd
0x005A       [8]    _Lcd_Chr_CP
0x0062      [44]    _Div_16x16_S_L
0x008E     [105]    _Div_16x16_S
0x00F7       [7]    _____DoICP
0x00FE      [64]    _Lcd_Out
0x013E      [78]    _Lcd_Init
0x018C      [66]    _UpdateLCD
0x01CE      [12]    ___CC2DW
0x01DA      [54]    _main
//** Variables locations ** 
//ADDRESS    SIZE    VARIABLE
//----------------------------------------------
0x0000       [1]    INDF
0x0002       [1]    PCL
0x0003       [1]    STATUS
0x0004       [1]    FSR
0x0006       [1]    PORTB
0x0008       [0]    lcd_d6
0x0008       [0]    lcd_d4
0x0008       [0]    lcd_d5
0x0008       [0]    RD6_bit
0x0008       [0]    RD5_bit
0x0008       [0]    RD4_bit
0x0008       [0]    lcd_d7
0x0008       [0]    RD7_bit
0x0009       [0]    lcd_rs
0x0009       [0]    lcd_en
0x0009       [0]    RE2_bit
0x0009       [0]    RE1_bit
0x000A       [1]    PCLATH
0x0020       [2]    _count
0x0022       [2]    ___DoICPAddr
0x0024       [0]    __Lib_Lcd_cmd_status
0x0025      [17]    UpdateLCD_txt_L0
0x0036       [1]    FARG_Lcd_Out_row
0x0037       [1]    FARG_Lcd_Out_column
0x0038       [1]    FARG_Lcd_Out_text
0x0039       [1]    Lcd_Out_i_L0
0x003A       [1]    FARG_Lcd_Chr_CP_out_char
0x003B       [1]    FARG_Lcd_Cmd_out_char
0x0070       [1]    R0
0x0071       [1]    R1
0x0072       [1]    R2
0x0073       [1]    R3
0x0074       [1]    R4
0x0075       [1]    R5
0x0076       [1]    R6
0x0077       [1]    R7
0x0078       [1]    R8
0x0079       [1]    R9
0x007A       [1]    R10
0x007B       [1]    R11
0x007C       [1]    R12
0x007D       [1]    R13
0x007E       [1]    R14
0x007F       [1]    R15
0x0086       [1]    TRISB
0x0088       [1]    TRISD
0x0088       [0]    lcd_d7_direction
0x0088       [0]    lcd_d4_direction
0x0088       [0]    lcd_d5_direction
0x0088       [0]    lcd_d6_direction
0x0088       [0]    TRISD5_bit
0x0088       [0]    TRISD6_bit
0x0088       [0]    TRISD7_bit
0x0088       [0]    TRISD4_bit
0x0089       [1]    TRISE
0x0089       [0]    TRISE2_bit
0x0089       [0]    TRISE1_bit
0x0089       [0]    lcd_rs_direction
0x0089       [0]    lcd_en_direction
