;  LST file generated by mikroListExporter - v.2.0 
; Date/Time: 30/09/2023 11:22:22
;----------------------------------------------

;Address Opcode 	ASM
0x0000	0xF000EF0E  	GOTO        28
0x0004	0x0000      	NOP
0x0006	0x0000      	NOP
0x0008	0xF000EF00  	GOTO        0
0x000C	0x0000      	NOP
0x000E	0x0000      	NOP
0x0010	0x0000      	NOP
0x0012	0x0000      	NOP
0x0014	0x0000      	NOP
0x0016	0x0000      	NOP
0x0018	0xD7F3      	BRA         0
_main:
;Ex_10.c,4 :: 		void main() {
;Ex_10.c,6 :: 		trisb.f0=1;
0x001C	0x8093      	BSF         TRISB, 0 
;Ex_10.c,7 :: 		trisb.f1=1;
0x001E	0x8293      	BSF         TRISB, 1 
;Ex_10.c,9 :: 		trisd=0;
0x0020	0x6A95      	CLRF        TRISD 
;Ex_10.c,11 :: 		adcon1 = 15;
0x0022	0x0E0F      	MOVLW       15
0x0024	0x6EC1      	MOVWF       ADCON1 
;Ex_10.c,14 :: 		while(1){
L_main0:
;Ex_10.c,15 :: 		portd.f1=0;
0x0026	0x9283      	BCF         PORTD, 1 
;Ex_10.c,16 :: 		portd.f2=0;
0x0028	0x9483      	BCF         PORTD, 2 
;Ex_10.c,17 :: 		portd.f3=0;
0x002A	0x9683      	BCF         PORTD, 3 
;Ex_10.c,18 :: 		portd.f4=0;
0x002C	0x9883      	BCF         PORTD, 4 
;Ex_10.c,19 :: 		portd.f5=0;
0x002E	0x9A83      	BCF         PORTD, 5 
;Ex_10.c,20 :: 		portd.f6=0;
0x0030	0x9C83      	BCF         PORTD, 6 
;Ex_10.c,21 :: 		portd.f7=0;
0x0032	0x9E83      	BCF         PORTD, 7 
;Ex_10.c,23 :: 		LED = 1;
0x0034	0x8083      	BSF         RD0_bit, BitPos(RD0_bit+0) 
;Ex_10.c,24 :: 		delay_ms(d1);
0x0036	0x0E0B      	MOVLW       11
0x0038	0x6E0B      	MOVWF       R11, 0
0x003A	0x0E26      	MOVLW       38
0x003C	0x6E0C      	MOVWF       R12, 0
0x003E	0x0E5D      	MOVLW       93
0x0040	0x6E0D      	MOVWF       R13, 0
L_main2:
0x0042	0x2E0D      	DECFSZ      R13, 1, 0
0x0044	0xD7FE      	BRA         L_main2
0x0046	0x2E0C      	DECFSZ      R12, 1, 0
0x0048	0xD7FC      	BRA         L_main2
0x004A	0x2E0B      	DECFSZ      R11, 1, 0
0x004C	0xD7FA      	BRA         L_main2
0x004E	0x0000      	NOP
0x0050	0x0000      	NOP
;Ex_10.c,25 :: 		LED = ~LED;
0x0052	0x7083      	BTG         RD0_bit, BitPos(RD0_bit+0) 
;Ex_10.c,26 :: 		delay_ms(d1);
0x0054	0x0E0B      	MOVLW       11
0x0056	0x6E0B      	MOVWF       R11, 0
0x0058	0x0E26      	MOVLW       38
0x005A	0x6E0C      	MOVWF       R12, 0
0x005C	0x0E5D      	MOVLW       93
0x005E	0x6E0D      	MOVWF       R13, 0
L_main3:
0x0060	0x2E0D      	DECFSZ      R13, 1, 0
0x0062	0xD7FE      	BRA         L_main3
0x0064	0x2E0C      	DECFSZ      R12, 1, 0
0x0066	0xD7FC      	BRA         L_main3
0x0068	0x2E0B      	DECFSZ      R11, 1, 0
0x006A	0xD7FA      	BRA         L_main3
0x006C	0x0000      	NOP
0x006E	0x0000      	NOP
;Ex_10.c,28 :: 		}
0x0070	0xD7DA      	BRA         L_main0
;Ex_10.c,29 :: 		}
L_end_main:
0x0072	0xD7FF      	BRA         $+0
; end of _main
Symbol List:
//** Routines locations **
//ADDRESS    SIZE    PROCEDURE
//----------------------------------------------
0x001C      [88]    _main
//** Variables locations ** 
//ADDRESS    SIZE    VARIABLE
//----------------------------------------------
0x0000       [1]    R0
0x0001       [1]    R1
0x0002       [1]    R2
0x0003       [1]    R3
0x0004       [1]    R4
0x0005       [1]    R5
0x0006       [1]    R6
0x0007       [1]    R7
0x0008       [1]    R8
0x0009       [1]    R9
0x000A       [1]    R10
0x000B       [1]    R11
0x000C       [1]    R12
0x000D       [1]    R13
0x000E       [1]    R14
0x000F       [1]    R15
0x0010       [1]    R16
0x0011       [1]    R17
0x0012       [1]    R18
0x0013       [1]    R19
0x0014       [1]    R20
0x0F83       [0]    RD0_bit
0x0F83       [0]    LED
0x0F83       [1]    PORTD
0x0F93       [1]    TRISB
0x0F95       [1]    TRISD
0x0FC1       [1]    ADCON1
0x0FD8       [1]    STATUS
0x0FD9       [1]    FSR2L
0x0FDA       [1]    FSR2H
0x0FDE       [1]    POSTINC2
0x0FE0       [1]    BSR
0x0FE1       [1]    FSR1L
0x0FE2       [1]    FSR1H
0x0FE4       [1]    PREINC1
0x0FE6       [1]    POSTINC1
0x0FE7       [1]    INDF1
0x0FE8       [1]    WREG
0x0FE9       [1]    FSR0L
0x0FEA       [1]    FSR0H
0x0FEE       [1]    POSTINC0
0x0FF3       [1]    PRODL
0x0FF4       [1]    PRODH
0x0FF5       [1]    TABLAT
0x0FF6       [1]    TBLPTRL
0x0FF7       [1]    TBLPTRH
0x0FF8       [1]    TBLPTRU
