;  LST file generated by mikroListExporter - v.2.0 
; Date/Time: 28/10/2023 23:02:05
;----------------------------------------------

;Address Opcode 	ASM
0x0000	0xF000EF0E  	GOTO        28
0x0004	0x0000      	NOP
0x0006	0x0000      	NOP
0x0008	0xF000EF00  	GOTO        0
0x000C	0x0000      	NOP
0x000E	0x0000      	NOP
0x0010	0x0000      	NOP
0x0012	0x0000      	NOP
0x0014	0x0000      	NOP
0x0016	0x0000      	NOP
0x0018	0xD7F3      	BRA         0
_main:
;EX26.c,3 :: 		void main() {
;EX26.c,4 :: 		trisd = 0x00;  // Configura todos os pinos da PORTD como saída
0x001C	0x6A95      	CLRF        TRISD 
;EX26.c,6 :: 		while (1) {  // Loop infinito para manter a sequência rodando enquanto o circuito estiver energizado
L_main0:
;EX26.c,8 :: 		for (i = 0; i < 8; i++) {
0x001E	0x6A15      	CLRF        _i 
L_main2:
0x0020	0x0E08      	MOVLW       8
0x0022	0x5C15      	SUBWF       _i, 0 
0x0024	0xE21C      	BC          L_main3
;EX26.c,9 :: 		portd = (1 << i);  // Aciona o LED atual, todos os outros LEDs permanecem desligados
0x0026	0xF001C015  	MOVFF       _i, R1
0x002A	0x0E01      	MOVLW       1
0x002C	0x6E00      	MOVWF       R0 
0x002E	0x5001      	MOVF        R1, 0 
L__main11:
0x0030	0xE004      	BZ          L__main12
0x0032	0x3600      	RLCF        R0, 1 
0x0034	0x9000      	BCF         R0, 0 
0x0036	0x0FFF      	ADDLW       255
0x0038	0xD7FB      	BRA         L__main11
L__main12:
0x003A	0xFF83C000  	MOVFF       R0, PORTD
;EX26.c,10 :: 		delay_ms(500);     // Espera por 0,5 segundo
0x003E	0x0E06      	MOVLW       6
0x0040	0x6E0B      	MOVWF       R11, 0
0x0042	0x0E13      	MOVLW       19
0x0044	0x6E0C      	MOVWF       R12, 0
0x0046	0x0EAD      	MOVLW       173
0x0048	0x6E0D      	MOVWF       R13, 0
L_main5:
0x004A	0x2E0D      	DECFSZ      R13, 1, 0
0x004C	0xD7FE      	BRA         L_main5
0x004E	0x2E0C      	DECFSZ      R12, 1, 0
0x0050	0xD7FC      	BRA         L_main5
0x0052	0x2E0B      	DECFSZ      R11, 1, 0
0x0054	0xD7FA      	BRA         L_main5
0x0056	0x0000      	NOP
0x0058	0x0000      	NOP
;EX26.c,8 :: 		for (i = 0; i < 8; i++) {
0x005A	0x2A15      	INCF        _i, 1 
;EX26.c,11 :: 		}
0x005C	0xD7E1      	BRA         L_main2
L_main3:
;EX26.c,14 :: 		for (i = 6; i > 0; i--) {
0x005E	0x0E06      	MOVLW       6
0x0060	0x6E15      	MOVWF       _i 
L_main6:
0x0062	0x5015      	MOVF        _i, 0 
0x0064	0x0800      	SUBLW       0
0x0066	0xE21C      	BC          L_main7
;EX26.c,15 :: 		portd = (1 << i);  // Aciona o LED atual, todos os outros LEDs permanecem desligados
0x0068	0xF001C015  	MOVFF       _i, R1
0x006C	0x0E01      	MOVLW       1
0x006E	0x6E00      	MOVWF       R0 
0x0070	0x5001      	MOVF        R1, 0 
L__main13:
0x0072	0xE004      	BZ          L__main14
0x0074	0x3600      	RLCF        R0, 1 
0x0076	0x9000      	BCF         R0, 0 
0x0078	0x0FFF      	ADDLW       255
0x007A	0xD7FB      	BRA         L__main13
L__main14:
0x007C	0xFF83C000  	MOVFF       R0, PORTD
;EX26.c,16 :: 		delay_ms(500);     // Espera por 0,5 segundo
0x0080	0x0E06      	MOVLW       6
0x0082	0x6E0B      	MOVWF       R11, 0
0x0084	0x0E13      	MOVLW       19
0x0086	0x6E0C      	MOVWF       R12, 0
0x0088	0x0EAD      	MOVLW       173
0x008A	0x6E0D      	MOVWF       R13, 0
L_main9:
0x008C	0x2E0D      	DECFSZ      R13, 1, 0
0x008E	0xD7FE      	BRA         L_main9
0x0090	0x2E0C      	DECFSZ      R12, 1, 0
0x0092	0xD7FC      	BRA         L_main9
0x0094	0x2E0B      	DECFSZ      R11, 1, 0
0x0096	0xD7FA      	BRA         L_main9
0x0098	0x0000      	NOP
0x009A	0x0000      	NOP
;EX26.c,14 :: 		for (i = 6; i > 0; i--) {
0x009C	0x0615      	DECF        _i, 1 
;EX26.c,17 :: 		}
0x009E	0xD7E1      	BRA         L_main6
L_main7:
;EX26.c,18 :: 		}
0x00A0	0xD7BE      	BRA         L_main0
;EX26.c,19 :: 		}
L_end_main:
0x00A2	0xD7FF      	BRA         $+0
; end of _main
Symbol List:
//** Routines locations **
//ADDRESS    SIZE    PROCEDURE
//----------------------------------------------
0x001C     [136]    _main
//** Variables locations ** 
//ADDRESS    SIZE    VARIABLE
//----------------------------------------------
0x0000       [1]    R0
0x0001       [1]    R1
0x0002       [1]    R2
0x0003       [1]    R3
0x0004       [1]    R4
0x0005       [1]    R5
0x0006       [1]    R6
0x0007       [1]    R7
0x0008       [1]    R8
0x0009       [1]    R9
0x000A       [1]    R10
0x000B       [1]    R11
0x000C       [1]    R12
0x000D       [1]    R13
0x000E       [1]    R14
0x000F       [1]    R15
0x0010       [1]    R16
0x0011       [1]    R17
0x0012       [1]    R18
0x0013       [1]    R19
0x0014       [1]    R20
0x0015       [1]    _i
0x0F83       [1]    PORTD
0x0F95       [1]    TRISD
0x0FD8       [1]    STATUS
0x0FD9       [1]    FSR2L
0x0FDA       [1]    FSR2H
0x0FDE       [1]    POSTINC2
0x0FE0       [1]    BSR
0x0FE1       [1]    FSR1L
0x0FE2       [1]    FSR1H
0x0FE4       [1]    PREINC1
0x0FE6       [1]    POSTINC1
0x0FE7       [1]    INDF1
0x0FE8       [1]    WREG
0x0FE9       [1]    FSR0L
0x0FEA       [1]    FSR0H
0x0FEE       [1]    POSTINC0
0x0FF3       [1]    PRODL
0x0FF4       [1]    PRODH
0x0FF5       [1]    TABLAT
0x0FF6       [1]    TBLPTRL
0x0FF7       [1]    TBLPTRH
0x0FF8       [1]    TBLPTRU
