;  LST file generated by mikroListExporter - v.2.0 
; Date/Time: 30/09/2023 15:35:45
;----------------------------------------------

;Address Opcode 	ASM
0x0000	0x2803      	GOTO       3
_main:
;MyProject.c,1 :: 		void main() {
;MyProject.c,2 :: 		trisa=0;
0x0003	0x1683      	BSF        STATUS, 5
0x0004	0x1303      	BCF        STATUS, 6
0x0005	0x0185      	CLRF       TRISA
;MyProject.c,3 :: 		trisb=0;
0x0006	0x0186      	CLRF       TRISB
;MyProject.c,4 :: 		while(1)
L_main0:
;MyProject.c,6 :: 		porta.f4 = 0;            //liga o display 4
0x0007	0x1283      	BCF        STATUS, 5
0x0008	0x1205      	BCF        PORTA, 4
;MyProject.c,7 :: 		portb=0b0100;            //número para aparecer no display em bcd
0x0009	0x3004      	MOVLW      4
0x000A	0x0086      	MOVWF      PORTB
;MyProject.c,8 :: 		delay_ms(10);
0x000B	0x301A      	MOVLW      26
0x000C	0x00FC      	MOVWF      R12
0x000D	0x30F8      	MOVLW      248
0x000E	0x00FD      	MOVWF      R13
L_main2:
0x000F	0x0BFD      	DECFSZ     R13, 1
0x0010	0x280F      	GOTO       L_main2
0x0011	0x0BFC      	DECFSZ     R12, 1
0x0012	0x280F      	GOTO       L_main2
0x0013	0x0000      	NOP
;MyProject.c,9 :: 		porta.f4=1;               //desliga o display 4
0x0014	0x1605      	BSF        PORTA, 4
;MyProject.c,10 :: 		delay_ms (10);
0x0015	0x301A      	MOVLW      26
0x0016	0x00FC      	MOVWF      R12
0x0017	0x30F8      	MOVLW      248
0x0018	0x00FD      	MOVWF      R13
L_main3:
0x0019	0x0BFD      	DECFSZ     R13, 1
0x001A	0x2819      	GOTO       L_main3
0x001B	0x0BFC      	DECFSZ     R12, 1
0x001C	0x2819      	GOTO       L_main3
0x001D	0x0000      	NOP
;MyProject.c,12 :: 		porta.f3 = 0;
0x001E	0x1185      	BCF        PORTA, 3
;MyProject.c,13 :: 		portb=0b0101;
0x001F	0x3005      	MOVLW      5
0x0020	0x0086      	MOVWF      PORTB
;MyProject.c,14 :: 		delay_ms(10);
0x0021	0x301A      	MOVLW      26
0x0022	0x00FC      	MOVWF      R12
0x0023	0x30F8      	MOVLW      248
0x0024	0x00FD      	MOVWF      R13
L_main4:
0x0025	0x0BFD      	DECFSZ     R13, 1
0x0026	0x2825      	GOTO       L_main4
0x0027	0x0BFC      	DECFSZ     R12, 1
0x0028	0x2825      	GOTO       L_main4
0x0029	0x0000      	NOP
;MyProject.c,15 :: 		porta.f3=1;
0x002A	0x1585      	BSF        PORTA, 3
;MyProject.c,16 :: 		delay_ms (10);
0x002B	0x301A      	MOVLW      26
0x002C	0x00FC      	MOVWF      R12
0x002D	0x30F8      	MOVLW      248
0x002E	0x00FD      	MOVWF      R13
L_main5:
0x002F	0x0BFD      	DECFSZ     R13, 1
0x0030	0x282F      	GOTO       L_main5
0x0031	0x0BFC      	DECFSZ     R12, 1
0x0032	0x282F      	GOTO       L_main5
0x0033	0x0000      	NOP
;MyProject.c,18 :: 		porta.f2 = 0;
0x0034	0x1105      	BCF        PORTA, 2
;MyProject.c,19 :: 		portb=0b0111;
0x0035	0x3007      	MOVLW      7
0x0036	0x0086      	MOVWF      PORTB
;MyProject.c,20 :: 		delay_ms(10);
0x0037	0x301A      	MOVLW      26
0x0038	0x00FC      	MOVWF      R12
0x0039	0x30F8      	MOVLW      248
0x003A	0x00FD      	MOVWF      R13
L_main6:
0x003B	0x0BFD      	DECFSZ     R13, 1
0x003C	0x283B      	GOTO       L_main6
0x003D	0x0BFC      	DECFSZ     R12, 1
0x003E	0x283B      	GOTO       L_main6
0x003F	0x0000      	NOP
;MyProject.c,21 :: 		porta.f2=1;
0x0040	0x1505      	BSF        PORTA, 2
;MyProject.c,22 :: 		delay_ms (10);
0x0041	0x301A      	MOVLW      26
0x0042	0x00FC      	MOVWF      R12
0x0043	0x30F8      	MOVLW      248
0x0044	0x00FD      	MOVWF      R13
L_main7:
0x0045	0x0BFD      	DECFSZ     R13, 1
0x0046	0x2845      	GOTO       L_main7
0x0047	0x0BFC      	DECFSZ     R12, 1
0x0048	0x2845      	GOTO       L_main7
0x0049	0x0000      	NOP
;MyProject.c,23 :: 		}
0x004A	0x2807      	GOTO       L_main0
;MyProject.c,25 :: 		}
L_end_main:
0x004B	0x284B      	GOTO       $+0
; end of _main
Symbol List:
//** Routines locations **
//ADDRESS    SIZE    PROCEDURE
//----------------------------------------------
0x0003      [73]    _main
//** Variables locations ** 
//ADDRESS    SIZE    VARIABLE
//----------------------------------------------
0x0000       [1]    INDF
0x0003       [1]    STATUS
0x0004       [1]    FSR
0x0005       [1]    PORTA
0x0006       [1]    PORTB
0x000A       [1]    PCLATH
0x0020       [2]    ___DoICPAddr
0x0070       [1]    R0
0x0071       [1]    R1
0x0072       [1]    R2
0x0073       [1]    R3
0x0074       [1]    R4
0x0075       [1]    R5
0x0076       [1]    R6
0x0077       [1]    R7
0x0078       [1]    R8
0x0079       [1]    R9
0x007A       [1]    R10
0x007B       [1]    R11
0x007C       [1]    R12
0x007D       [1]    R13
0x007E       [1]    R14
0x007F       [1]    R15
0x0085       [1]    TRISA
0x0086       [1]    TRISB
