;  LST file generated by mikroListExporter - v.2.0 
; Date/Time: 29/10/2023 16:44:49
;----------------------------------------------

;Address Opcode 	ASM
0x0000	0xF000EF0E  	GOTO        28
0x0004	0x0000      	NOP
0x0006	0x0000      	NOP
0x0008	0xF000EF00  	GOTO        0
0x000C	0x0000      	NOP
0x000E	0x0000      	NOP
0x0010	0x0000      	NOP
0x0012	0x0000      	NOP
0x0014	0x0000      	NOP
0x0016	0x0000      	NOP
0x0018	0xD7F3      	BRA         0
_main:
;Ex36.c,2 :: 		void main() {
;Ex36.c,3 :: 		TRISD = 0;  // Configura PORTD como saída
0x001C	0x6A95      	CLRF        TRISD 
;Ex36.c,4 :: 		TRISA.RA5 = 0;  // Configura RA5 como saída
0x001E	0x9A92      	BCF         TRISA, 5 
;Ex36.c,5 :: 		ADCON0 = 0;  // Configura ADCON0 para modo digital
0x0020	0x6AC2      	CLRF        ADCON0 
;Ex36.c,6 :: 		ADCON1 = 15;  // Configura ADCON1 para modo digital
0x0022	0x0E0F      	MOVLW       15
0x0024	0x6EC1      	MOVWF       ADCON1 
;Ex36.c,8 :: 		count = 0;  // Variável de contagem
0x0026	0x6A15      	CLRF        _count 
;Ex36.c,10 :: 		while (1) {  // Loop infinito
L_main0:
;Ex36.c,11 :: 		while (count <= 15) {  // Loop de contagem de 0 a F
L_main2:
0x0028	0x5015      	MOVF        _count, 0 
0x002A	0x080F      	SUBLW       15
0x002C	0xA0D8      	BTFSS       STATUS, 0 
0x002E	0xD073      	BRA         L_main3
;Ex36.c,12 :: 		switch(count) {
0x0030	0xD030      	BRA         L_main4
;Ex36.c,13 :: 		case 0: PORTD = 0b00111111; break;  // 0
L_main6:
0x0032	0x0E3F      	MOVLW       63
0x0034	0x6E83      	MOVWF       PORTD 
0x0036	0xD05D      	BRA         L_main5
;Ex36.c,14 :: 		case 1: PORTD = 0b00000110; break;  // 1
L_main7:
0x0038	0x0E06      	MOVLW       6
0x003A	0x6E83      	MOVWF       PORTD 
0x003C	0xD05A      	BRA         L_main5
;Ex36.c,15 :: 		case 2: PORTD = 0b01011011; break;  // 2
L_main8:
0x003E	0x0E5B      	MOVLW       91
0x0040	0x6E83      	MOVWF       PORTD 
0x0042	0xD057      	BRA         L_main5
;Ex36.c,16 :: 		case 3: PORTD = 0b01001111; break;  // 3
L_main9:
0x0044	0x0E4F      	MOVLW       79
0x0046	0x6E83      	MOVWF       PORTD 
0x0048	0xD054      	BRA         L_main5
;Ex36.c,17 :: 		case 4: PORTD = 0b01100110; break;  // 4
L_main10:
0x004A	0x0E66      	MOVLW       102
0x004C	0x6E83      	MOVWF       PORTD 
0x004E	0xD051      	BRA         L_main5
;Ex36.c,18 :: 		case 5: PORTD = 0b01101101; break;  // 5
L_main11:
0x0050	0x0E6D      	MOVLW       109
0x0052	0x6E83      	MOVWF       PORTD 
0x0054	0xD04E      	BRA         L_main5
;Ex36.c,19 :: 		case 6: PORTD = 0b01111101; break;  // 6
L_main12:
0x0056	0x0E7D      	MOVLW       125
0x0058	0x6E83      	MOVWF       PORTD 
0x005A	0xD04B      	BRA         L_main5
;Ex36.c,20 :: 		case 7: PORTD = 0b00000111; break;  // 7
L_main13:
0x005C	0x0E07      	MOVLW       7
0x005E	0x6E83      	MOVWF       PORTD 
0x0060	0xD048      	BRA         L_main5
;Ex36.c,21 :: 		case 8: PORTD = 0b01111111; break;  // 8
L_main14:
0x0062	0x0E7F      	MOVLW       127
0x0064	0x6E83      	MOVWF       PORTD 
0x0066	0xD045      	BRA         L_main5
;Ex36.c,22 :: 		case 9: PORTD = 0b01101111; break;  // 9
L_main15:
0x0068	0x0E6F      	MOVLW       111
0x006A	0x6E83      	MOVWF       PORTD 
0x006C	0xD042      	BRA         L_main5
;Ex36.c,23 :: 		case 10: PORTD = 0b01110111; break;  // A
L_main16:
0x006E	0x0E77      	MOVLW       119
0x0070	0x6E83      	MOVWF       PORTD 
0x0072	0xD03F      	BRA         L_main5
;Ex36.c,24 :: 		case 11: PORTD = 0b01111100; break;  // B
L_main17:
0x0074	0x0E7C      	MOVLW       124
0x0076	0x6E83      	MOVWF       PORTD 
0x0078	0xD03C      	BRA         L_main5
;Ex36.c,25 :: 		case 12: PORTD = 0b00111001; break;  // C
L_main18:
0x007A	0x0E39      	MOVLW       57
0x007C	0x6E83      	MOVWF       PORTD 
0x007E	0xD039      	BRA         L_main5
;Ex36.c,26 :: 		case 13: PORTD = 0b01011110; break;  // D
L_main19:
0x0080	0x0E5E      	MOVLW       94
0x0082	0x6E83      	MOVWF       PORTD 
0x0084	0xD036      	BRA         L_main5
;Ex36.c,27 :: 		case 14: PORTD = 0b01111001; break;  // E
L_main20:
0x0086	0x0E79      	MOVLW       121
0x0088	0x6E83      	MOVWF       PORTD 
0x008A	0xD033      	BRA         L_main5
;Ex36.c,28 :: 		case 15: PORTD = 0b01110001; break;  // F
L_main21:
0x008C	0x0E71      	MOVLW       113
0x008E	0x6E83      	MOVWF       PORTD 
0x0090	0xD030      	BRA         L_main5
;Ex36.c,29 :: 		}
L_main4:
0x0092	0x5015      	MOVF        _count, 0 
0x0094	0x0A00      	XORLW       0
0x0096	0xE0CD      	BZ          L_main6
0x0098	0x5015      	MOVF        _count, 0 
0x009A	0x0A01      	XORLW       1
0x009C	0xE0CD      	BZ          L_main7
0x009E	0x5015      	MOVF        _count, 0 
0x00A0	0x0A02      	XORLW       2
0x00A2	0xE0CD      	BZ          L_main8
0x00A4	0x5015      	MOVF        _count, 0 
0x00A6	0x0A03      	XORLW       3
0x00A8	0xE0CD      	BZ          L_main9
0x00AA	0x5015      	MOVF        _count, 0 
0x00AC	0x0A04      	XORLW       4
0x00AE	0xE0CD      	BZ          L_main10
0x00B0	0x5015      	MOVF        _count, 0 
0x00B2	0x0A05      	XORLW       5
0x00B4	0xE0CD      	BZ          L_main11
0x00B6	0x5015      	MOVF        _count, 0 
0x00B8	0x0A06      	XORLW       6
0x00BA	0xE0CD      	BZ          L_main12
0x00BC	0x5015      	MOVF        _count, 0 
0x00BE	0x0A07      	XORLW       7
0x00C0	0xE0CD      	BZ          L_main13
0x00C2	0x5015      	MOVF        _count, 0 
0x00C4	0x0A08      	XORLW       8
0x00C6	0xE0CD      	BZ          L_main14
0x00C8	0x5015      	MOVF        _count, 0 
0x00CA	0x0A09      	XORLW       9
0x00CC	0xE0CD      	BZ          L_main15
0x00CE	0x5015      	MOVF        _count, 0 
0x00D0	0x0A0A      	XORLW       10
0x00D2	0xE0CD      	BZ          L_main16
0x00D4	0x5015      	MOVF        _count, 0 
0x00D6	0x0A0B      	XORLW       11
0x00D8	0xE0CD      	BZ          L_main17
0x00DA	0x5015      	MOVF        _count, 0 
0x00DC	0x0A0C      	XORLW       12
0x00DE	0xE0CD      	BZ          L_main18
0x00E0	0x5015      	MOVF        _count, 0 
0x00E2	0x0A0D      	XORLW       13
0x00E4	0xE0CD      	BZ          L_main19
0x00E6	0x5015      	MOVF        _count, 0 
0x00E8	0x0A0E      	XORLW       14
0x00EA	0xE0CD      	BZ          L_main20
0x00EC	0x5015      	MOVF        _count, 0 
0x00EE	0x0A0F      	XORLW       15
0x00F0	0xE0CD      	BZ          L_main21
L_main5:
;Ex36.c,30 :: 		PORTA.RA5 = 1;  // Ativa o display
0x00F2	0x8A80      	BSF         PORTA, 5 
;Ex36.c,31 :: 		Delay_ms(1000);  // Aguarda 1 segundo
0x00F4	0x0E0B      	MOVLW       11
0x00F6	0x6E0B      	MOVWF       R11, 0
0x00F8	0x0E26      	MOVLW       38
0x00FA	0x6E0C      	MOVWF       R12, 0
0x00FC	0x0E5D      	MOVLW       93
0x00FE	0x6E0D      	MOVWF       R13, 0
L_main22:
0x0100	0x2E0D      	DECFSZ      R13, 1, 0
0x0102	0xD7FE      	BRA         L_main22
0x0104	0x2E0C      	DECFSZ      R12, 1, 0
0x0106	0xD7FC      	BRA         L_main22
0x0108	0x2E0B      	DECFSZ      R11, 1, 0
0x010A	0xD7FA      	BRA         L_main22
0x010C	0x0000      	NOP
0x010E	0x0000      	NOP
;Ex36.c,32 :: 		PORTA.RA5 = 0;  // Desativa o display
0x0110	0x9A80      	BCF         PORTA, 5 
;Ex36.c,33 :: 		count++;  // Incrementa a contagem
0x0112	0x2A15      	INCF        _count, 1 
;Ex36.c,34 :: 		}
0x0114	0xD789      	BRA         L_main2
L_main3:
;Ex36.c,35 :: 		count = 0;  // Reinicia a contagem
0x0116	0x6A15      	CLRF        _count 
;Ex36.c,36 :: 		}
0x0118	0xD787      	BRA         L_main0
;Ex36.c,37 :: 		}
L_end_main:
0x011A	0xD7FF      	BRA         $+0
; end of _main
Symbol List:
//** Routines locations **
//ADDRESS    SIZE    PROCEDURE
//----------------------------------------------
0x001C     [256]    _main
//** Variables locations ** 
//ADDRESS    SIZE    VARIABLE
//----------------------------------------------
0x0000       [1]    R0
0x0001       [1]    R1
0x0002       [1]    R2
0x0003       [1]    R3
0x0004       [1]    R4
0x0005       [1]    R5
0x0006       [1]    R6
0x0007       [1]    R7
0x0008       [1]    R8
0x0009       [1]    R9
0x000A       [1]    R10
0x000B       [1]    R11
0x000C       [1]    R12
0x000D       [1]    R13
0x000E       [1]    R14
0x000F       [1]    R15
0x0010       [1]    R16
0x0011       [1]    R17
0x0012       [1]    R18
0x0013       [1]    R19
0x0014       [1]    R20
0x0015       [1]    _count
0x0F80       [1]    PORTA
0x0F83       [1]    PORTD
0x0F92       [1]    TRISA
0x0F95       [1]    TRISD
0x0FC1       [1]    ADCON1
0x0FC2       [1]    ADCON0
0x0FD8       [1]    STATUS
0x0FD9       [1]    FSR2L
0x0FDA       [1]    FSR2H
0x0FDE       [1]    POSTINC2
0x0FE0       [1]    BSR
0x0FE1       [1]    FSR1L
0x0FE2       [1]    FSR1H
0x0FE4       [1]    PREINC1
0x0FE6       [1]    POSTINC1
0x0FE7       [1]    INDF1
0x0FE8       [1]    WREG
0x0FE9       [1]    FSR0L
0x0FEA       [1]    FSR0H
0x0FEE       [1]    POSTINC0
0x0FF3       [1]    PRODL
0x0FF4       [1]    PRODH
0x0FF5       [1]    TABLAT
0x0FF6       [1]    TBLPTRL
0x0FF7       [1]    TBLPTRH
0x0FF8       [1]    TBLPTRU
