;  LST file generated by mikroListExporter - v.2.0 
; Date/Time: 21/10/2023 14:56:26
;----------------------------------------------

;Address Opcode 	ASM
0x0000	0xF000EF0E  	GOTO        28
0x0004	0x0000      	NOP
0x0006	0x0000      	NOP
0x0008	0xF000EF00  	GOTO        0
0x000C	0x0000      	NOP
0x000E	0x0000      	NOP
0x0010	0x0000      	NOP
0x0012	0x0000      	NOP
0x0014	0x0000      	NOP
0x0016	0x0000      	NOP
0x0018	0xD7F3      	BRA         0
_main:
;Ex5.c,4 :: 		void main() {
;Ex5.c,6 :: 		trisb = 1;
0x001C	0x0E01      	MOVLW       1
0x001E	0x6E93      	MOVWF       TRISB 
;Ex5.c,7 :: 		trisd = 0;
0x0020	0x6A95      	CLRF        TRISD 
;Ex5.c,8 :: 		adcon0 = 0;
0x0022	0x6AC2      	CLRF        ADCON0 
;Ex5.c,9 :: 		adcon1 = 15;
0x0024	0x0E0F      	MOVLW       15
0x0026	0x6EC1      	MOVWF       ADCON1 
;Ex5.c,11 :: 		while (1) {
L_main0:
;Ex5.c,12 :: 		if (portb.f0 == 0) {
0x0028	0xB081      	BTFSC       PORTB, 0 
0x002A	0xD02A      	BRA         L_main2
;Ex5.c,13 :: 		for (i = 0; i < 4; i++) {  // Loop para percorrer os LEDs de 0 a 3
0x002C	0x6A15      	CLRF        _i 
0x002E	0x6A16      	CLRF        _i+1 
L_main3:
0x0030	0x0E80      	MOVLW       128
0x0032	0x1816      	XORWF       _i+1, 0 
0x0034	0x6E00      	MOVWF       R0 
0x0036	0x0E80      	MOVLW       128
0x0038	0x5C00      	SUBWF       R0, 0 
0x003A	0xE102      	BNZ         L__main13
0x003C	0x0E04      	MOVLW       4
0x003E	0x5C15      	SUBWF       _i, 0 
L__main13:
0x0040	0xE21E      	BC          L_main4
;Ex5.c,14 :: 		portd = (1 << i);  // Liga o LED atual
0x0042	0xF001C015  	MOVFF       _i, R1
0x0046	0x0E01      	MOVLW       1
0x0048	0x6E00      	MOVWF       R0 
0x004A	0x5001      	MOVF        R1, 0 
L__main14:
0x004C	0xE004      	BZ          L__main15
0x004E	0x3600      	RLCF        R0, 1 
0x0050	0x9000      	BCF         R0, 0 
0x0052	0x0FFF      	ADDLW       255
0x0054	0xD7FB      	BRA         L__main14
L__main15:
0x0056	0xFF83C000  	MOVFF       R0, PORTD
;Ex5.c,15 :: 		delay_ms(d1);  // Espera 1 segundo
0x005A	0x0E0B      	MOVLW       11
0x005C	0x6E0B      	MOVWF       R11, 0
0x005E	0x0E26      	MOVLW       38
0x0060	0x6E0C      	MOVWF       R12, 0
0x0062	0x0E5D      	MOVLW       93
0x0064	0x6E0D      	MOVWF       R13, 0
L_main6:
0x0066	0x2E0D      	DECFSZ      R13, 1, 0
0x0068	0xD7FE      	BRA         L_main6
0x006A	0x2E0C      	DECFSZ      R12, 1, 0
0x006C	0xD7FC      	BRA         L_main6
0x006E	0x2E0B      	DECFSZ      R11, 1, 0
0x0070	0xD7FA      	BRA         L_main6
0x0072	0x0000      	NOP
0x0074	0x0000      	NOP
;Ex5.c,16 :: 		portd = 0;  // Desliga o LED atual
0x0076	0x6A83      	CLRF        PORTD 
;Ex5.c,13 :: 		for (i = 0; i < 4; i++) {  // Loop para percorrer os LEDs de 0 a 3
0x0078	0x4A15      	INFSNZ      _i, 1 
0x007A	0x2A16      	INCF        _i+1, 1 
;Ex5.c,17 :: 		}
0x007C	0xD7D9      	BRA         L_main3
L_main4:
;Ex5.c,18 :: 		} else {
0x007E	0xD02D      	BRA         L_main7
L_main2:
;Ex5.c,19 :: 		for (i = 3; i >= 0; i--) {  // Loop para percorrer os LEDs de 3 a 0
0x0080	0x0E03      	MOVLW       3
0x0082	0x6E15      	MOVWF       _i 
0x0084	0x0E00      	MOVLW       0
0x0086	0x6E16      	MOVWF       _i+1 
L_main8:
0x0088	0x0E80      	MOVLW       128
0x008A	0x1816      	XORWF       _i+1, 0 
0x008C	0x6E00      	MOVWF       R0 
0x008E	0x0E80      	MOVLW       128
0x0090	0x5C00      	SUBWF       R0, 0 
0x0092	0xE102      	BNZ         L__main16
0x0094	0x0E00      	MOVLW       0
0x0096	0x5C15      	SUBWF       _i, 0 
L__main16:
0x0098	0xE320      	BNC         L_main9
;Ex5.c,20 :: 		portd = (1 << i);  // Liga o LED atual
0x009A	0xF001C015  	MOVFF       _i, R1
0x009E	0x0E01      	MOVLW       1
0x00A0	0x6E00      	MOVWF       R0 
0x00A2	0x5001      	MOVF        R1, 0 
L__main17:
0x00A4	0xE004      	BZ          L__main18
0x00A6	0x3600      	RLCF        R0, 1 
0x00A8	0x9000      	BCF         R0, 0 
0x00AA	0x0FFF      	ADDLW       255
0x00AC	0xD7FB      	BRA         L__main17
L__main18:
0x00AE	0xFF83C000  	MOVFF       R0, PORTD
;Ex5.c,21 :: 		delay_ms(d1);  // Espera 1 segundo
0x00B2	0x0E0B      	MOVLW       11
0x00B4	0x6E0B      	MOVWF       R11, 0
0x00B6	0x0E26      	MOVLW       38
0x00B8	0x6E0C      	MOVWF       R12, 0
0x00BA	0x0E5D      	MOVLW       93
0x00BC	0x6E0D      	MOVWF       R13, 0
L_main11:
0x00BE	0x2E0D      	DECFSZ      R13, 1, 0
0x00C0	0xD7FE      	BRA         L_main11
0x00C2	0x2E0C      	DECFSZ      R12, 1, 0
0x00C4	0xD7FC      	BRA         L_main11
0x00C6	0x2E0B      	DECFSZ      R11, 1, 0
0x00C8	0xD7FA      	BRA         L_main11
0x00CA	0x0000      	NOP
0x00CC	0x0000      	NOP
;Ex5.c,22 :: 		portd = 0;  // Desliga o LED atual
0x00CE	0x6A83      	CLRF        PORTD 
;Ex5.c,19 :: 		for (i = 3; i >= 0; i--) {  // Loop para percorrer os LEDs de 3 a 0
0x00D0	0x0E01      	MOVLW       1
0x00D2	0x5E15      	SUBWF       _i, 1 
0x00D4	0x0E00      	MOVLW       0
0x00D6	0x5A16      	SUBWFB      _i+1, 1 
;Ex5.c,23 :: 		}
0x00D8	0xD7D7      	BRA         L_main8
L_main9:
;Ex5.c,24 :: 		}
L_main7:
;Ex5.c,25 :: 		}
0x00DA	0xD7A6      	BRA         L_main0
;Ex5.c,26 :: 		}
L_end_main:
0x00DC	0xD7FF      	BRA         $+0
; end of _main
Symbol List:
//** Routines locations **
//ADDRESS    SIZE    PROCEDURE
//----------------------------------------------
0x001C     [194]    _main
//** Variables locations ** 
//ADDRESS    SIZE    VARIABLE
//----------------------------------------------
0x0000       [1]    R0
0x0001       [1]    R1
0x0002       [1]    R2
0x0003       [1]    R3
0x0004       [1]    R4
0x0005       [1]    R5
0x0006       [1]    R6
0x0007       [1]    R7
0x0008       [1]    R8
0x0009       [1]    R9
0x000A       [1]    R10
0x000B       [1]    R11
0x000C       [1]    R12
0x000D       [1]    R13
0x000E       [1]    R14
0x000F       [1]    R15
0x0010       [1]    R16
0x0011       [1]    R17
0x0012       [1]    R18
0x0013       [1]    R19
0x0014       [1]    R20
0x0015       [2]    _i
0x0F81       [1]    PORTB
0x0F83       [1]    PORTD
0x0F93       [1]    TRISB
0x0F95       [1]    TRISD
0x0FC1       [1]    ADCON1
0x0FC2       [1]    ADCON0
0x0FD8       [1]    STATUS
0x0FD9       [1]    FSR2L
0x0FDA       [1]    FSR2H
0x0FDE       [1]    POSTINC2
0x0FE0       [1]    BSR
0x0FE1       [1]    FSR1L
0x0FE2       [1]    FSR1H
0x0FE4       [1]    PREINC1
0x0FE6       [1]    POSTINC1
0x0FE7       [1]    INDF1
0x0FE8       [1]    WREG
0x0FE9       [1]    FSR0L
0x0FEA       [1]    FSR0H
0x0FEE       [1]    POSTINC0
0x0FF3       [1]    PRODL
0x0FF4       [1]    PRODH
0x0FF5       [1]    TABLAT
0x0FF6       [1]    TBLPTRL
0x0FF7       [1]    TBLPTRH
0x0FF8       [1]    TBLPTRU
