;  LST file generated by mikroListExporter - v.2.0 
; Date/Time: 22/10/2023 20:52:25
;----------------------------------------------

;Address Opcode 	ASM
0x0000	0xF000EF0E  	GOTO        28
0x0004	0x0000      	NOP
0x0006	0x0000      	NOP
0x0008	0xF000EF00  	GOTO        0
0x000C	0x0000      	NOP
0x000E	0x0000      	NOP
0x0010	0x0000      	NOP
0x0012	0x0000      	NOP
0x0014	0x0000      	NOP
0x0016	0x0000      	NOP
0x0018	0xD7F3      	BRA         0
_main:
;SC_01.c,4 :: 		void main() {
;SC_01.c,5 :: 		trisb = 0b1111;  // Configura RB0, RB1, RB2 e RB3 como entrada
0x001C	0x0E0F      	MOVLW       15
0x001E	0x6E93      	MOVWF       TRISB 
;SC_01.c,6 :: 		trisd = 0;  // Configura PORTD como saída
0x0020	0x6A95      	CLRF        TRISD 
;SC_01.c,7 :: 		adcon0 = 0;  // Configura ADCON0 para modo digital
0x0022	0x6AC2      	CLRF        ADCON0 
;SC_01.c,8 :: 		adcon1 = 15;  // Configura ADCON1 para modo digital
0x0024	0x0E0F      	MOVLW       15
0x0026	0x6EC1      	MOVWF       ADCON1 
;SC_01.c,9 :: 		portd = 0;  // Reseta PORTD para garantir que não haja estado residual dos LEDs
0x0028	0x6A83      	CLRF        PORTD 
;SC_01.c,11 :: 		while (1) {  // Loop infinito para manter o programa rodando
L_main0:
;SC_01.c,15 :: 		buttonPressed = portb;
0x002A	0xF015CF81  	MOVFF       PORTB, _buttonPressed
;SC_01.c,18 :: 		switch (buttonPressed) {
0x002E	0xD00E      	BRA         L_main2
;SC_01.c,19 :: 		case 0b1110:  // Se o botão em RB0 foi pressionado
L_main4:
;SC_01.c,20 :: 		portd = 0b0001;  // Liga o LED 0
0x0030	0x0E01      	MOVLW       1
0x0032	0x6E83      	MOVWF       PORTD 
;SC_01.c,23 :: 		break;
0x0034	0xD018      	BRA         L_main3
;SC_01.c,24 :: 		case 0b1101:  // Se o botão em RB1 foi pressionado
L_main5:
;SC_01.c,25 :: 		portd = 0b0010;  // Liga o LED 1
0x0036	0x0E02      	MOVLW       2
0x0038	0x6E83      	MOVWF       PORTD 
;SC_01.c,26 :: 		break;
0x003A	0xD015      	BRA         L_main3
;SC_01.c,27 :: 		case 0b1011:  // Se o botão em RB2 foi pressionado
L_main6:
;SC_01.c,28 :: 		portd = 0b0100;  // Liga o LED 2
0x003C	0x0E04      	MOVLW       4
0x003E	0x6E83      	MOVWF       PORTD 
;SC_01.c,29 :: 		break;
0x0040	0xD012      	BRA         L_main3
;SC_01.c,30 :: 		case 0b0111:  // Se o botão em RB3 foi pressionado
L_main7:
;SC_01.c,31 :: 		portd = 0b1000;  // Liga o LED 3
0x0042	0x0E08      	MOVLW       8
0x0044	0x6E83      	MOVWF       PORTD 
;SC_01.c,32 :: 		break;
0x0046	0xD00F      	BRA         L_main3
;SC_01.c,33 :: 		default:
L_main8:
;SC_01.c,35 :: 		portd=0;  // Todos os LEDs apresentam i
0x0048	0x6A83      	CLRF        PORTD 
;SC_01.c,36 :: 		break;
0x004A	0xD00D      	BRA         L_main3
;SC_01.c,37 :: 		}
L_main2:
0x004C	0x5015      	MOVF        _buttonPressed, 0 
0x004E	0x0A0E      	XORLW       14
0x0050	0xE0EF      	BZ          L_main4
0x0052	0x5015      	MOVF        _buttonPressed, 0 
0x0054	0x0A0D      	XORLW       13
0x0056	0xE0EF      	BZ          L_main5
0x0058	0x5015      	MOVF        _buttonPressed, 0 
0x005A	0x0A0B      	XORLW       11
0x005C	0xE0EF      	BZ          L_main6
0x005E	0x5015      	MOVF        _buttonPressed, 0 
0x0060	0x0A07      	XORLW       7
0x0062	0xE0EF      	BZ          L_main7
0x0064	0xD7F1      	BRA         L_main8
L_main3:
;SC_01.c,39 :: 		}
0x0066	0xD7E1      	BRA         L_main0
;SC_01.c,40 :: 		}
L_end_main:
0x0068	0xD7FF      	BRA         $+0
; end of _main
Symbol List:
//** Routines locations **
//ADDRESS    SIZE    PROCEDURE
//----------------------------------------------
0x001C      [78]    _main
//** Variables locations ** 
//ADDRESS    SIZE    VARIABLE
//----------------------------------------------
0x0000       [1]    R0
0x0001       [1]    R1
0x0002       [1]    R2
0x0003       [1]    R3
0x0004       [1]    R4
0x0005       [1]    R5
0x0006       [1]    R6
0x0007       [1]    R7
0x0008       [1]    R8
0x0009       [1]    R9
0x000A       [1]    R10
0x000B       [1]    R11
0x000C       [1]    R12
0x000D       [1]    R13
0x000E       [1]    R14
0x000F       [1]    R15
0x0010       [1]    R16
0x0011       [1]    R17
0x0012       [1]    R18
0x0013       [1]    R19
0x0014       [1]    R20
0x0015       [1]    _buttonPressed
0x0F81       [1]    PORTB
0x0F83       [1]    PORTD
0x0F93       [1]    TRISB
0x0F95       [1]    TRISD
0x0FC1       [1]    ADCON1
0x0FC2       [1]    ADCON0
0x0FD8       [1]    STATUS
0x0FD9       [1]    FSR2L
0x0FDA       [1]    FSR2H
0x0FDE       [1]    POSTINC2
0x0FE0       [1]    BSR
0x0FE1       [1]    FSR1L
0x0FE2       [1]    FSR1H
0x0FE4       [1]    PREINC1
0x0FE6       [1]    POSTINC1
0x0FE7       [1]    INDF1
0x0FE8       [1]    WREG
0x0FE9       [1]    FSR0L
0x0FEA       [1]    FSR0H
0x0FEE       [1]    POSTINC0
0x0FF3       [1]    PRODL
0x0FF4       [1]    PRODH
0x0FF5       [1]    TABLAT
0x0FF6       [1]    TBLPTRL
0x0FF7       [1]    TBLPTRH
0x0FF8       [1]    TBLPTRU
