;  LST file generated by mikroListExporter - v.2.0 
; Date/Time: 29/10/2023 16:23:23
;----------------------------------------------

;Address Opcode 	ASM
0x0000	0xF000EF0E  	GOTO        28
0x0004	0x0000      	NOP
0x0006	0x0000      	NOP
0x0008	0xF000EF00  	GOTO        0
0x000C	0x0000      	NOP
0x000E	0x0000      	NOP
0x0010	0x0000      	NOP
0x0012	0x0000      	NOP
0x0014	0x0000      	NOP
0x0016	0x0000      	NOP
0x0018	0xD7F3      	BRA         0
_main:
;Ex29.c,1 :: 		void main() {
;Ex29.c,2 :: 		trisd = 0x00;  // Configura todos os pinos da PORTD como saída
0x001C	0x6A95      	CLRF        TRISD 
;Ex29.c,3 :: 		trisb.rb0 = 1;  // Configura RB0 como entrada
0x001E	0x8093      	BSF         TRISB, 0 
;Ex29.c,4 :: 		adcon0 = 0;     // Configura ADCON0 para modo digital
0x0020	0x6AC2      	CLRF        ADCON0 
;Ex29.c,5 :: 		adcon1 = 15;    // Configura ADCON1 para modo digital
0x0022	0x0E0F      	MOVLW       15
0x0024	0x6EC1      	MOVWF       ADCON1 
;Ex29.c,7 :: 		while (1) {  // Loop infinito para manter a sequência rodando enquanto o circuito estiver energizado
L_main0:
;Ex29.c,9 :: 		while (portb.rb0 == 0) {  // Enquanto a chave estiver pressionada
L_main2:
0x0026	0xB081      	BTFSC       PORTB, 0 
0x0028	0xD021      	BRA         L_main3
;Ex29.c,10 :: 		portd.rd0 = 1;  // Liga o LED 0
0x002A	0x8083      	BSF         PORTD, 0 
;Ex29.c,11 :: 		portd.rd1 = 0;  // Desliga o LED 1
0x002C	0x9283      	BCF         PORTD, 1 
;Ex29.c,12 :: 		delay_ms(1000);  // Aguarda por 1 segundo (0.5 Hz = 2 s período, 1 s meio período)
0x002E	0x0E0B      	MOVLW       11
0x0030	0x6E0B      	MOVWF       R11, 0
0x0032	0x0E26      	MOVLW       38
0x0034	0x6E0C      	MOVWF       R12, 0
0x0036	0x0E5D      	MOVLW       93
0x0038	0x6E0D      	MOVWF       R13, 0
L_main4:
0x003A	0x2E0D      	DECFSZ      R13, 1, 0
0x003C	0xD7FE      	BRA         L_main4
0x003E	0x2E0C      	DECFSZ      R12, 1, 0
0x0040	0xD7FC      	BRA         L_main4
0x0042	0x2E0B      	DECFSZ      R11, 1, 0
0x0044	0xD7FA      	BRA         L_main4
0x0046	0x0000      	NOP
0x0048	0x0000      	NOP
;Ex29.c,13 :: 		portd.rd0 = 0;  // Desliga o LED 0
0x004A	0x9083      	BCF         PORTD, 0 
;Ex29.c,14 :: 		portd.rd1 = 1;  // Liga o LED 1
0x004C	0x8283      	BSF         PORTD, 1 
;Ex29.c,15 :: 		delay_ms(1000);  // Aguarda por 1 segundo
0x004E	0x0E0B      	MOVLW       11
0x0050	0x6E0B      	MOVWF       R11, 0
0x0052	0x0E26      	MOVLW       38
0x0054	0x6E0C      	MOVWF       R12, 0
0x0056	0x0E5D      	MOVLW       93
0x0058	0x6E0D      	MOVWF       R13, 0
L_main5:
0x005A	0x2E0D      	DECFSZ      R13, 1, 0
0x005C	0xD7FE      	BRA         L_main5
0x005E	0x2E0C      	DECFSZ      R12, 1, 0
0x0060	0xD7FC      	BRA         L_main5
0x0062	0x2E0B      	DECFSZ      R11, 1, 0
0x0064	0xD7FA      	BRA         L_main5
0x0066	0x0000      	NOP
0x0068	0x0000      	NOP
;Ex29.c,16 :: 		}
0x006A	0xD7DD      	BRA         L_main2
L_main3:
;Ex29.c,19 :: 		portd.rd2 = 1;  // Liga o LED 2
0x006C	0x8483      	BSF         PORTD, 2 
;Ex29.c,20 :: 		delay_ms(1000);  // Aguarda por 1 segundo
0x006E	0x0E0B      	MOVLW       11
0x0070	0x6E0B      	MOVWF       R11, 0
0x0072	0x0E26      	MOVLW       38
0x0074	0x6E0C      	MOVWF       R12, 0
0x0076	0x0E5D      	MOVLW       93
0x0078	0x6E0D      	MOVWF       R13, 0
L_main6:
0x007A	0x2E0D      	DECFSZ      R13, 1, 0
0x007C	0xD7FE      	BRA         L_main6
0x007E	0x2E0C      	DECFSZ      R12, 1, 0
0x0080	0xD7FC      	BRA         L_main6
0x0082	0x2E0B      	DECFSZ      R11, 1, 0
0x0084	0xD7FA      	BRA         L_main6
0x0086	0x0000      	NOP
0x0088	0x0000      	NOP
;Ex29.c,21 :: 		portd.rd2 = 0;  // Desliga o LED 2
0x008A	0x9483      	BCF         PORTD, 2 
;Ex29.c,23 :: 		portd.rd3 = 1;  // Liga o LED 3
0x008C	0x8683      	BSF         PORTD, 3 
;Ex29.c,24 :: 		delay_ms(1000);  // Aguarda por 1 segundo
0x008E	0x0E0B      	MOVLW       11
0x0090	0x6E0B      	MOVWF       R11, 0
0x0092	0x0E26      	MOVLW       38
0x0094	0x6E0C      	MOVWF       R12, 0
0x0096	0x0E5D      	MOVLW       93
0x0098	0x6E0D      	MOVWF       R13, 0
L_main7:
0x009A	0x2E0D      	DECFSZ      R13, 1, 0
0x009C	0xD7FE      	BRA         L_main7
0x009E	0x2E0C      	DECFSZ      R12, 1, 0
0x00A0	0xD7FC      	BRA         L_main7
0x00A2	0x2E0B      	DECFSZ      R11, 1, 0
0x00A4	0xD7FA      	BRA         L_main7
0x00A6	0x0000      	NOP
0x00A8	0x0000      	NOP
;Ex29.c,25 :: 		portd.rd3 = 0;  // Desliga o LED 3
0x00AA	0x9683      	BCF         PORTD, 3 
;Ex29.c,26 :: 		}
0x00AC	0xD7BC      	BRA         L_main0
;Ex29.c,27 :: 		}
L_end_main:
0x00AE	0xD7FF      	BRA         $+0
; end of _main
Symbol List:
//** Routines locations **
//ADDRESS    SIZE    PROCEDURE
//----------------------------------------------
0x001C     [148]    _main
//** Variables locations ** 
//ADDRESS    SIZE    VARIABLE
//----------------------------------------------
0x0000       [1]    R0
0x0001       [1]    R1
0x0002       [1]    R2
0x0003       [1]    R3
0x0004       [1]    R4
0x0005       [1]    R5
0x0006       [1]    R6
0x0007       [1]    R7
0x0008       [1]    R8
0x0009       [1]    R9
0x000A       [1]    R10
0x000B       [1]    R11
0x000C       [1]    R12
0x000D       [1]    R13
0x000E       [1]    R14
0x000F       [1]    R15
0x0010       [1]    R16
0x0011       [1]    R17
0x0012       [1]    R18
0x0013       [1]    R19
0x0014       [1]    R20
0x0F81       [1]    PORTB
0x0F83       [1]    PORTD
0x0F93       [1]    TRISB
0x0F95       [1]    TRISD
0x0FC1       [1]    ADCON1
0x0FC2       [1]    ADCON0
0x0FD8       [1]    STATUS
0x0FD9       [1]    FSR2L
0x0FDA       [1]    FSR2H
0x0FDE       [1]    POSTINC2
0x0FE0       [1]    BSR
0x0FE1       [1]    FSR1L
0x0FE2       [1]    FSR1H
0x0FE4       [1]    PREINC1
0x0FE6       [1]    POSTINC1
0x0FE7       [1]    INDF1
0x0FE8       [1]    WREG
0x0FE9       [1]    FSR0L
0x0FEA       [1]    FSR0H
0x0FEE       [1]    POSTINC0
0x0FF3       [1]    PRODL
0x0FF4       [1]    PRODH
0x0FF5       [1]    TABLAT
0x0FF6       [1]    TBLPTRL
0x0FF7       [1]    TBLPTRH
0x0FF8       [1]    TBLPTRU
