;  LST file generated by mikroListExporter - v.2.0 
; Date/Time: 18/11/2023 15:41:48
;----------------------------------------------

;Address Opcode 	ASM
0x0000	0x2A51      	GOTO       593
_Delay_50us:
;__Lib_Delays.c,19 :: 		void Delay_50us() {
;__Lib_Delays.c,20 :: 		Delay_us(50);
0x0003	0x3021      	MOVLW      33
0x0004	0x1283      	BCF        STATUS, 5
0x0005	0x1303      	BCF        STATUS, 6
0x0006	0x00FD      	MOVWF      R13
L_Delay_50us2:
0x0007	0x0BFD      	DECFSZ     R13, 1
0x0008	0x2807      	GOTO       L_Delay_50us2
;__Lib_Delays.c,21 :: 		}
L_end_Delay_50us:
0x0009	0x0008      	RETURN
; end of _Delay_50us
_Delay_5500us:
;__Lib_Delays.c,31 :: 		void Delay_5500us() {
;__Lib_Delays.c,32 :: 		Delay_us(5500);
0x000A	0x300F      	MOVLW      15
0x000B	0x1283      	BCF        STATUS, 5
0x000C	0x1303      	BCF        STATUS, 6
0x000D	0x00FC      	MOVWF      R12
0x000E	0x3047      	MOVLW      71
0x000F	0x00FD      	MOVWF      R13
L_Delay_5500us5:
0x0010	0x0BFD      	DECFSZ     R13, 1
0x0011	0x2810      	GOTO       L_Delay_5500us5
0x0012	0x0BFC      	DECFSZ     R12, 1
0x0013	0x2810      	GOTO       L_Delay_5500us5
0x0014	0x0000      	NOP
0x0015	0x0000      	NOP
;__Lib_Delays.c,33 :: 		}
L_end_Delay_5500us:
0x0016	0x0008      	RETURN
; end of _Delay_5500us
_Delay_1us:
;__Lib_Delays.c,7 :: 		void Delay_1us() {
;__Lib_Delays.c,8 :: 		Delay_us(1);
0x0017	0x0000      	NOP
0x0018	0x0000      	NOP
;__Lib_Delays.c,9 :: 		}
L_end_Delay_1us:
0x0019	0x0008      	RETURN
; end of _Delay_1us
_Lcd_Cmd:
;__Lib_Lcd.c,18 :: 		
;__Lib_Lcd.c,20 :: 		
0x001A	0x1283      	BCF        STATUS, 5
0x001B	0x1303      	BCF        STATUS, 6
0x001C	0x1BCD      	BTFSC      FARG_Lcd_Cmd_out_char, 7
0x001D	0x2820      	GOTO       L__Lcd_Cmd21
0x001E	0x1388      	BCF        lcd_d7, BitPos(lcd_d7+0)
0x001F	0x2821      	GOTO       L__Lcd_Cmd22
L__Lcd_Cmd21:
0x0020	0x1788      	BSF        lcd_d7, BitPos(lcd_d7+0)
L__Lcd_Cmd22:
;__Lib_Lcd.c,21 :: 		
0x0021	0x1B4D      	BTFSC      FARG_Lcd_Cmd_out_char, 6
0x0022	0x2825      	GOTO       L__Lcd_Cmd23
0x0023	0x1308      	BCF        lcd_d6, BitPos(lcd_d6+0)
0x0024	0x2826      	GOTO       L__Lcd_Cmd24
L__Lcd_Cmd23:
0x0025	0x1708      	BSF        lcd_d6, BitPos(lcd_d6+0)
L__Lcd_Cmd24:
;__Lib_Lcd.c,22 :: 		
0x0026	0x1ACD      	BTFSC      FARG_Lcd_Cmd_out_char, 5
0x0027	0x282A      	GOTO       L__Lcd_Cmd25
0x0028	0x1288      	BCF        lcd_d5, BitPos(lcd_d5+0)
0x0029	0x282B      	GOTO       L__Lcd_Cmd26
L__Lcd_Cmd25:
0x002A	0x1688      	BSF        lcd_d5, BitPos(lcd_d5+0)
L__Lcd_Cmd26:
;__Lib_Lcd.c,23 :: 		
0x002B	0x1A4D      	BTFSC      FARG_Lcd_Cmd_out_char, 4
0x002C	0x282F      	GOTO       L__Lcd_Cmd27
0x002D	0x1208      	BCF        lcd_d4, BitPos(lcd_d4+0)
0x002E	0x2830      	GOTO       L__Lcd_Cmd28
L__Lcd_Cmd27:
0x002F	0x1608      	BSF        lcd_d4, BitPos(lcd_d4+0)
L__Lcd_Cmd28:
;__Lib_Lcd.c,25 :: 		
0x0030	0x182E      	BTFSC      __Lib_Lcd_cmd_status, BitPos(__Lib_Lcd_cmd_status+0)
0x0031	0x2834      	GOTO       L__Lcd_Cmd29
0x0032	0x1509      	BSF        lcd_rs, BitPos(lcd_rs+0)
0x0033	0x2835      	GOTO       L__Lcd_Cmd30
L__Lcd_Cmd29:
0x0034	0x1109      	BCF        lcd_rs, BitPos(lcd_rs+0)
L__Lcd_Cmd30:
;__Lib_Lcd.c,28 :: 		
0x0035	0x1489      	BSF        lcd_en, BitPos(lcd_en+0)
;__Lib_Lcd.c,29 :: 		
0x0036	0x2017      	CALL       _Delay_1us
;__Lib_Lcd.c,30 :: 		
0x0037	0x1089      	BCF        lcd_en, BitPos(lcd_en+0)
;__Lib_Lcd.c,33 :: 		
0x0038	0x19CD      	BTFSC      FARG_Lcd_Cmd_out_char, 3
0x0039	0x283C      	GOTO       L__Lcd_Cmd31
0x003A	0x1388      	BCF        lcd_d7, BitPos(lcd_d7+0)
0x003B	0x283D      	GOTO       L__Lcd_Cmd32
L__Lcd_Cmd31:
0x003C	0x1788      	BSF        lcd_d7, BitPos(lcd_d7+0)
L__Lcd_Cmd32:
;__Lib_Lcd.c,34 :: 		
0x003D	0x194D      	BTFSC      FARG_Lcd_Cmd_out_char, 2
0x003E	0x2841      	GOTO       L__Lcd_Cmd33
0x003F	0x1308      	BCF        lcd_d6, BitPos(lcd_d6+0)
0x0040	0x2842      	GOTO       L__Lcd_Cmd34
L__Lcd_Cmd33:
0x0041	0x1708      	BSF        lcd_d6, BitPos(lcd_d6+0)
L__Lcd_Cmd34:
;__Lib_Lcd.c,35 :: 		
0x0042	0x18CD      	BTFSC      FARG_Lcd_Cmd_out_char, 1
0x0043	0x2846      	GOTO       L__Lcd_Cmd35
0x0044	0x1288      	BCF        lcd_d5, BitPos(lcd_d5+0)
0x0045	0x2847      	GOTO       L__Lcd_Cmd36
L__Lcd_Cmd35:
0x0046	0x1688      	BSF        lcd_d5, BitPos(lcd_d5+0)
L__Lcd_Cmd36:
;__Lib_Lcd.c,36 :: 		
0x0047	0x184D      	BTFSC      FARG_Lcd_Cmd_out_char, 0
0x0048	0x284B      	GOTO       L__Lcd_Cmd37
0x0049	0x1208      	BCF        lcd_d4, BitPos(lcd_d4+0)
0x004A	0x284C      	GOTO       L__Lcd_Cmd38
L__Lcd_Cmd37:
0x004B	0x1608      	BSF        lcd_d4, BitPos(lcd_d4+0)
L__Lcd_Cmd38:
;__Lib_Lcd.c,38 :: 		
0x004C	0x182E      	BTFSC      __Lib_Lcd_cmd_status, BitPos(__Lib_Lcd_cmd_status+0)
0x004D	0x2850      	GOTO       L__Lcd_Cmd39
0x004E	0x1509      	BSF        lcd_rs, BitPos(lcd_rs+0)
0x004F	0x2851      	GOTO       L__Lcd_Cmd40
L__Lcd_Cmd39:
0x0050	0x1109      	BCF        lcd_rs, BitPos(lcd_rs+0)
L__Lcd_Cmd40:
;__Lib_Lcd.c,40 :: 		
0x0051	0x1489      	BSF        lcd_en, BitPos(lcd_en+0)
;__Lib_Lcd.c,41 :: 		
0x0052	0x2017      	CALL       _Delay_1us
;__Lib_Lcd.c,42 :: 		
0x0053	0x1089      	BCF        lcd_en, BitPos(lcd_en+0)
;__Lib_Lcd.c,44 :: 		
0x0054	0x1C2E      	BTFSS      __Lib_Lcd_cmd_status, BitPos(__Lib_Lcd_cmd_status+0)
0x0055	0x2858      	GOTO       L_Lcd_Cmd0
;__Lib_Lcd.c,45 :: 		
0x0056	0x200A      	CALL       _Delay_5500us
0x0057	0x2859      	GOTO       L_Lcd_Cmd1
L_Lcd_Cmd0:
;__Lib_Lcd.c,47 :: 		
0x0058	0x2003      	CALL       _Delay_50us
L_Lcd_Cmd1:
;__Lib_Lcd.c,48 :: 		
L_end_Lcd_Cmd:
0x0059	0x0008      	RETURN
; end of _Lcd_Cmd
_Lcd_Chr_CP:
;__Lib_Lcd.c,50 :: 		
;__Lib_Lcd.c,52 :: 		
0x005A	0x1283      	BCF        STATUS, 5
0x005B	0x1303      	BCF        STATUS, 6
0x005C	0x102E      	BCF        __Lib_Lcd_cmd_status, BitPos(__Lib_Lcd_cmd_status+0)
;__Lib_Lcd.c,53 :: 		
0x005D	0x084C      	MOVF       FARG_Lcd_Chr_CP_out_char, 0
0x005E	0x00CD      	MOVWF      FARG_Lcd_Cmd_out_char
0x005F	0x201A      	CALL       _Lcd_Cmd
;__Lib_Lcd.c,54 :: 		
0x0060	0x142E      	BSF        __Lib_Lcd_cmd_status, BitPos(__Lib_Lcd_cmd_status+0)
;__Lib_Lcd.c,55 :: 		
L_end_Lcd_Chr_CP:
0x0061	0x0008      	RETURN
; end of _Lcd_Chr_CP
_Div_16x16_S_L:
;__Lib_Math.c,421 :: 		
;__Lib_Math.c,427 :: 		
0x0062	0x0D71      	RLF        R1, 0
;__Lib_Math.c,428 :: 		
0x0063	0x0DF8      	RLF        R8, 1
;__Lib_Math.c,429 :: 		
0x0064	0x0DF9      	RLF        R9, 1
;__Lib_Math.c,430 :: 		
0x0065	0x0874      	MOVF       R4, 0
;__Lib_Math.c,431 :: 		
0x0066	0x02F8      	SUBWF      R8, 1
;__Lib_Math.c,432 :: 		
0x0067	0x0875      	MOVF       R5, 0
;__Lib_Math.c,433 :: 		
0x0068	0x1C03      	BTFSS      STATUS, 0
;__Lib_Math.c,434 :: 		
0x0069	0x0F75      	INCFSZ     R5, 0
;__Lib_Math.c,435 :: 		
0x006A	0x02F9      	SUBWF      R9, 1
;__Lib_Math.c,436 :: 		
0x006B	0x0DF0      	RLF        R0, 1
;__Lib_Math.c,437 :: 		
0x006C	0x0DF1      	RLF        R1, 1
;__Lib_Math.c,439 :: 		
0x006D	0x300F      	MOVLW      15
;__Lib_Math.c,440 :: 		
0x006E	0x00FC      	MOVWF      R12
;__Lib_Math.c,442 :: 		
0x006F	0x0D71      	RLF        R1, 0
;__Lib_Math.c,443 :: 		
0x0070	0x0DF8      	RLF        R8, 1
;__Lib_Math.c,444 :: 		
0x0071	0x0DF9      	RLF        R9, 1
;__Lib_Math.c,445 :: 		
0x0072	0x0874      	MOVF       R4, 0
;__Lib_Math.c,447 :: 		
0x0073	0x1C70      	BTFSS      R0, 0
;__Lib_Math.c,448 :: 		
0x0074	0x287B      	GOTO       $+7
;__Lib_Math.c,449 :: 		
0x0075	0x02F8      	SUBWF      R8, 1
;__Lib_Math.c,450 :: 		
0x0076	0x0875      	MOVF       R5, 0
;__Lib_Math.c,451 :: 		
0x0077	0x1C03      	BTFSS      STATUS, 0
;__Lib_Math.c,452 :: 		
0x0078	0x0F75      	INCFSZ     R5, 0
;__Lib_Math.c,453 :: 		
0x0079	0x02F9      	SUBWF      R9, 1
;__Lib_Math.c,454 :: 		
0x007A	0x2880      	GOTO       $+6
;__Lib_Math.c,456 :: 		
0x007B	0x07F8      	ADDWF      R8, 1
;__Lib_Math.c,457 :: 		
0x007C	0x0875      	MOVF       R5, 0
;__Lib_Math.c,458 :: 		
0x007D	0x1803      	BTFSC      STATUS, 0
;__Lib_Math.c,459 :: 		
0x007E	0x0F75      	INCFSZ     R5, 0
;__Lib_Math.c,460 :: 		
0x007F	0x07F9      	ADDWF      R9, 1
;__Lib_Math.c,462 :: 		
0x0080	0x0DF0      	RLF        R0, 1
;__Lib_Math.c,463 :: 		
0x0081	0x0DF1      	RLF        R1, 1
;__Lib_Math.c,465 :: 		
0x0082	0x0BFC      	DECFSZ     R12, 1
;__Lib_Math.c,466 :: 		
0x0083	0x286F      	GOTO       $-20
;__Lib_Math.c,468 :: 		
0x0084	0x1870      	BTFSC      R0, 0
;__Lib_Math.c,469 :: 		
0x0085	0x288C      	GOTO       $+7
;__Lib_Math.c,470 :: 		
0x0086	0x0874      	MOVF       R4, 0
;__Lib_Math.c,471 :: 		
0x0087	0x07F8      	ADDWF      R8, 1
;__Lib_Math.c,472 :: 		
0x0088	0x0875      	MOVF       R5, 0
;__Lib_Math.c,473 :: 		
0x0089	0x1803      	BTFSC      STATUS, 0
;__Lib_Math.c,474 :: 		
0x008A	0x0F75      	INCFSZ     R5, 0
;__Lib_Math.c,475 :: 		
0x008B	0x07F9      	ADDWF      R9, 1
;__Lib_Math.c,476 :: 		
0x008C	0x0000      	NOP
;__Lib_Math.c,478 :: 		
L_end_Div_16x16_S_L:
0x008D	0x0008      	RETURN
; end of _Div_16x16_S_L
_Mul_16X16_U:
;__Lib_Math.c,136 :: 		
;__Lib_Math.c,143 :: 		
0x008E	0x1283      	BCF        STATUS, 5
;__Lib_Math.c,144 :: 		
0x008F	0x1303      	BCF        STATUS, 6
;__Lib_Math.c,145 :: 		
0x0090	0x01FB      	CLRF       R11
;__Lib_Math.c,146 :: 		
0x0091	0x01FA      	CLRF       R10
;__Lib_Math.c,147 :: 		
0x0092	0x01F9      	CLRF       R9
;__Lib_Math.c,148 :: 		
0x0093	0x3080      	MOVLW      128
;__Lib_Math.c,149 :: 		
0x0094	0x00F8      	MOVWF      R8
;__Lib_Math.c,150 :: 		
0x0095	0x0CF1      	RRF        R1, 1
;__Lib_Math.c,151 :: 		
0x0096	0x0CF0      	RRF        R0, 1
;__Lib_Math.c,152 :: 		
0x0097	0x1C03      	BTFSS      STATUS, 0
;__Lib_Math.c,153 :: 		
0x0098	0x28A2      	GOTO       $+10
;__Lib_Math.c,154 :: 		
0x0099	0x0874      	MOVF       R4, 0
;__Lib_Math.c,155 :: 		
0x009A	0x07F9      	ADDWF      R9, 1
;__Lib_Math.c,156 :: 		
0x009B	0x0875      	MOVF       R5, 0
;__Lib_Math.c,157 :: 		
0x009C	0x1803      	BTFSC      STATUS, 0
;__Lib_Math.c,158 :: 		
0x009D	0x0F75      	INCFSZ     R5, 0
;__Lib_Math.c,159 :: 		
0x009E	0x07FA      	ADDWF      R10, 1
;__Lib_Math.c,160 :: 		
0x009F	0x1803      	BTFSC      STATUS, 0
;__Lib_Math.c,161 :: 		
0x00A0	0x0AFB      	INCF       R11, 1
;__Lib_Math.c,162 :: 		
0x00A1	0x1003      	BCF        STATUS, 0
;__Lib_Math.c,163 :: 		
0x00A2	0x1FF0      	BTFSS      R0, 7
;__Lib_Math.c,164 :: 		
0x00A3	0x28AA      	GOTO       $+7
;__Lib_Math.c,165 :: 		
0x00A4	0x0874      	MOVF       R4, 0
;__Lib_Math.c,166 :: 		
0x00A5	0x07FA      	ADDWF      R10, 1
;__Lib_Math.c,167 :: 		
0x00A6	0x0875      	MOVF       R5, 0
;__Lib_Math.c,168 :: 		
0x00A7	0x1803      	BTFSC      STATUS, 0
;__Lib_Math.c,169 :: 		
0x00A8	0x0F75      	INCFSZ     R5, 0
;__Lib_Math.c,170 :: 		
0x00A9	0x07FB      	ADDWF      R11, 1
;__Lib_Math.c,171 :: 		
0x00AA	0x0CFB      	RRF        R11, 1
;__Lib_Math.c,172 :: 		
0x00AB	0x0CFA      	RRF        R10, 1
;__Lib_Math.c,173 :: 		
0x00AC	0x0CF9      	RRF        R9, 1
;__Lib_Math.c,174 :: 		
0x00AD	0x0CF8      	RRF        R8, 1
;__Lib_Math.c,175 :: 		
0x00AE	0x1C03      	BTFSS      STATUS, 0
;__Lib_Math.c,176 :: 		
0x00AF	0x2895      	GOTO       $-26
;__Lib_Math.c,177 :: 		
0x00B0	0x087B      	MOVF       R11, 0
;__Lib_Math.c,178 :: 		
0x00B1	0x00F3      	MOVWF      R3
;__Lib_Math.c,179 :: 		
0x00B2	0x087A      	MOVF       R10, 0
;__Lib_Math.c,180 :: 		
0x00B3	0x00F2      	MOVWF      R2
;__Lib_Math.c,181 :: 		
0x00B4	0x0879      	MOVF       R9, 0
;__Lib_Math.c,182 :: 		
0x00B5	0x00F1      	MOVWF      R1
;__Lib_Math.c,183 :: 		
0x00B6	0x0878      	MOVF       R8, 0
;__Lib_Math.c,184 :: 		
0x00B7	0x00F0      	MOVWF      R0
;__Lib_Math.c,187 :: 		
L_end_Mul_16X16_U:
0x00B8	0x0008      	RETURN
; end of _Mul_16X16_U
_____DoICP:
;__Lib_System.c,6 :: 		
;__Lib_System.c,9 :: 		
0x00B9	0x1283      	BCF        STATUS, 5
0x00BA	0x1303      	BCF        STATUS, 6
0x00BB	0x0830      	MOVF       ___DoICPAddr+1, 0
0x00BC	0x008A      	MOVWF      PCLATH
;__Lib_System.c,10 :: 		
0x00BD	0x082F      	MOVF       ___DoICPAddr, 0
0x00BE	0x0082      	MOVWF      PCL
;__Lib_System.c,12 :: 		
L_end_____DoICP:
0x00BF	0x0008      	RETURN
; end of _____DoICP
_Div_16x16_S:
;__Lib_Math.c,480 :: 		
;__Lib_Math.c,488 :: 		
0x00C0	0x1283      	BCF        STATUS, 5
0x00C1	0x1303      	BCF        STATUS, 6
0x00C2	0x0874      	MOVF       R4, 0
0x00C3	0x3A00      	XORLW      0
0x00C4	0x1D03      	BTFSS      STATUS, 2
0x00C5	0x28CF      	GOTO       L_Div_16x16_S0
;__Lib_Math.c,489 :: 		
0x00C6	0x0875      	MOVF       R5, 0
0x00C7	0x3A00      	XORLW      0
0x00C8	0x1D03      	BTFSS      STATUS, 2
0x00C9	0x28CF      	GOTO       L_Div_16x16_S1
;__Lib_Math.c,490 :: 		
0x00CA	0x30FF      	MOVLW      255
0x00CB	0x00F0      	MOVWF      R0
;__Lib_Math.c,491 :: 		
0x00CC	0x307F      	MOVLW      127
0x00CD	0x00F1      	MOVWF      R1
;__Lib_Math.c,492 :: 		
0x00CE	0x2928      	GOTO       L_end_Div_16x16_S
;__Lib_Math.c,493 :: 		
L_Div_16x16_S1:
L_Div_16x16_S0:
;__Lib_Math.c,496 :: 		
0x00CF	0x1283      	BCF        STATUS, 5
;__Lib_Math.c,497 :: 		
0x00D0	0x1303      	BCF        STATUS, 6
;__Lib_Math.c,498 :: 		
0x00D1	0x01FD      	CLRF       R13
;__Lib_Math.c,499 :: 		
0x00D2	0x01F9      	CLRF       R9
;__Lib_Math.c,500 :: 		
0x00D3	0x01F8      	CLRF       R8
;__Lib_Math.c,501 :: 		
0x00D4	0x0871      	MOVF       R1, 0
;__Lib_Math.c,502 :: 		
0x00D5	0x0470      	IORWF      R0, 0
;__Lib_Math.c,503 :: 		
0x00D6	0x1903      	BTFSC      STATUS, 2
;__Lib_Math.c,504 :: 		
0x00D7	0x3400      	RETLW      0
;__Lib_Math.c,506 :: 		
0x00D8	0x0871      	MOVF       R1, 0
;__Lib_Math.c,507 :: 		
0x00D9	0x0675      	XORWF      R5, 0
;__Lib_Math.c,508 :: 		
0x00DA	0x00FA      	MOVWF      R10
;__Lib_Math.c,509 :: 		
0x00DB	0x1BFA      	BTFSC      R10, 7
;__Lib_Math.c,510 :: 		
0x00DC	0x09FD      	COMF       R13, 1
;__Lib_Math.c,512 :: 		
0x00DD	0x01FB      	CLRF       R11
;__Lib_Math.c,514 :: 		
0x00DE	0x1FF5      	BTFSS      R5, 7
;__Lib_Math.c,515 :: 		
0x00DF	0x28E5      	GOTO       $+6
;__Lib_Math.c,517 :: 		
0x00E0	0x09F4      	COMF       R4, 1
;__Lib_Math.c,518 :: 		
0x00E1	0x09F5      	COMF       R5, 1
;__Lib_Math.c,519 :: 		
0x00E2	0x0AF4      	INCF       R4, 1
;__Lib_Math.c,520 :: 		
0x00E3	0x1903      	BTFSC      STATUS, 2
;__Lib_Math.c,521 :: 		
0x00E4	0x0AF5      	INCF       R5, 1
;__Lib_Math.c,523 :: 		
0x00E5	0x1FF1      	BTFSS      R1, 7
;__Lib_Math.c,524 :: 		
0x00E6	0x28EC      	GOTO       $+6
;__Lib_Math.c,526 :: 		
0x00E7	0x09F0      	COMF       R0, 1
;__Lib_Math.c,527 :: 		
0x00E8	0x09F1      	COMF       R1, 1
;__Lib_Math.c,528 :: 		
0x00E9	0x0AF0      	INCF       R0, 1
;__Lib_Math.c,529 :: 		
0x00EA	0x1903      	BTFSC      STATUS, 2
;__Lib_Math.c,530 :: 		
0x00EB	0x0AF1      	INCF       R1, 1
;__Lib_Math.c,532 :: 		
0x00EC	0x0871      	MOVF       R1, 0
;__Lib_Math.c,533 :: 		
0x00ED	0x0475      	IORWF      R5, 0
;__Lib_Math.c,534 :: 		
0x00EE	0x00FA      	MOVWF      R10
;__Lib_Math.c,535 :: 		
0x00EF	0x1BFA      	BTFSC      R10, 7
;__Lib_Math.c,536 :: 		
0x00F0	0x2901      	GOTO       $+17
;__Lib_Math.c,538 :: 		
0x00F1	0x2062      	CALL       _Div_16x16_S_L
;__Lib_Math.c,540 :: 		
0x00F2	0x187B      	BTFSC      R11, 0
;__Lib_Math.c,541 :: 		
0x00F3	0x2914      	GOTO       $+33
;__Lib_Math.c,543 :: 		
0x00F4	0x1FFD      	BTFSS      R13, 7
;__Lib_Math.c,544 :: 		
0x00F5	0x3400      	RETLW      0
;__Lib_Math.c,546 :: 		
0x00F6	0x09F0      	COMF       R0, 1
;__Lib_Math.c,547 :: 		
0x00F7	0x09F1      	COMF       R1, 1
;__Lib_Math.c,548 :: 		
0x00F8	0x0AF0      	INCF       R0, 1
;__Lib_Math.c,549 :: 		
0x00F9	0x1903      	BTFSC      STATUS, 2
;__Lib_Math.c,550 :: 		
0x00FA	0x0AF1      	INCF       R1, 1
;__Lib_Math.c,552 :: 		
0x00FB	0x09F8      	COMF       R8, 1
;__Lib_Math.c,553 :: 		
0x00FC	0x09F9      	COMF       R9, 1
;__Lib_Math.c,554 :: 		
0x00FD	0x0AF8      	INCF       R8, 1
;__Lib_Math.c,555 :: 		
0x00FE	0x1903      	BTFSC      STATUS, 2
;__Lib_Math.c,556 :: 		
0x00FF	0x0AF9      	INCF       R9, 1
;__Lib_Math.c,558 :: 		
0x0100	0x3400      	RETLW      0
;__Lib_Math.c,560 :: 		
0x0101	0x1FF5      	BTFSS      R5, 7
;__Lib_Math.c,561 :: 		
0x0102	0x2910      	GOTO       $+14
;__Lib_Math.c,562 :: 		
0x0103	0x1BF1      	BTFSC      R1, 7
;__Lib_Math.c,563 :: 		
0x0104	0x290C      	GOTO       $+8
;__Lib_Math.c,564 :: 		
0x0105	0x0871      	MOVF       R1, 0
;__Lib_Math.c,565 :: 		
0x0106	0x00F9      	MOVWF      R9
;__Lib_Math.c,566 :: 		
0x0107	0x0870      	MOVF       R0, 0
;__Lib_Math.c,567 :: 		
0x0108	0x00F8      	MOVWF      R8
;__Lib_Math.c,568 :: 		
0x0109	0x01F1      	CLRF       R1
;__Lib_Math.c,569 :: 		
0x010A	0x01F0      	CLRF       R0
;__Lib_Math.c,570 :: 		
0x010B	0x28F4      	GOTO       $-23
;__Lib_Math.c,571 :: 		
0x010C	0x01F1      	CLRF       R1
;__Lib_Math.c,572 :: 		
0x010D	0x01F0      	CLRF       R0
;__Lib_Math.c,573 :: 		
0x010E	0x0AF0      	INCF       R0, 1
;__Lib_Math.c,574 :: 		
0x010F	0x3400      	RETLW      0
;__Lib_Math.c,576 :: 		
0x0110	0x09F1      	COMF       R1, 1
;__Lib_Math.c,577 :: 		
0x0111	0x09F0      	COMF       R0, 1
;__Lib_Math.c,578 :: 		
0x0112	0x0AFB      	INCF       R11, 1
;__Lib_Math.c,579 :: 		
0x0113	0x28F1      	GOTO       $-34
;__Lib_Math.c,581 :: 		
0x0114	0x0AF8      	INCF       R8, 1
;__Lib_Math.c,582 :: 		
0x0115	0x1903      	BTFSC      STATUS, 2
;__Lib_Math.c,583 :: 		
0x0116	0x0AF9      	INCF       R9, 1
;__Lib_Math.c,584 :: 		
0x0117	0x0874      	MOVF       R4, 0
;__Lib_Math.c,585 :: 		
0x0118	0x0278      	SUBWF      R8, 0
;__Lib_Math.c,586 :: 		
0x0119	0x1D03      	BTFSS      STATUS, 2
;__Lib_Math.c,587 :: 		
0x011A	0x28F4      	GOTO       $-38
;__Lib_Math.c,588 :: 		
0x011B	0x0875      	MOVF       R5, 0
;__Lib_Math.c,589 :: 		
0x011C	0x0279      	SUBWF      R9, 0
;__Lib_Math.c,590 :: 		
0x011D	0x1D03      	BTFSS      STATUS, 2
;__Lib_Math.c,591 :: 		
0x011E	0x28F4      	GOTO       $-42
;__Lib_Math.c,592 :: 		
0x011F	0x01F9      	CLRF       R9
;__Lib_Math.c,593 :: 		
0x0120	0x01F8      	CLRF       R8
;__Lib_Math.c,594 :: 		
0x0121	0x0AF0      	INCF       R0, 1
;__Lib_Math.c,595 :: 		
0x0122	0x1903      	BTFSC      STATUS, 2
;__Lib_Math.c,596 :: 		
0x0123	0x0AF1      	INCF       R1, 1
;__Lib_Math.c,597 :: 		
0x0124	0x1FF1      	BTFSS      R1, 7
;__Lib_Math.c,598 :: 		
0x0125	0x28F4      	GOTO       $-49
;__Lib_Math.c,599 :: 		
0x0126	0x0000      	NOP
;__Lib_Math.c,600 :: 		
0x0127	0x34FF      	RETLW      255
;__Lib_Math.c,602 :: 		
L_end_Div_16x16_S:
0x0128	0x0008      	RETURN
; end of _Div_16x16_S
_Lcd_Out:
;__Lib_Lcd.c,184 :: 		
;__Lib_Lcd.c,187 :: 		
0x0129	0x293B      	GOTO       L_Lcd_Out11
;__Lib_Lcd.c,188 :: 		
L_Lcd_Out13:
0x012A	0x3080      	MOVLW      128
0x012B	0x1283      	BCF        STATUS, 5
0x012C	0x1303      	BCF        STATUS, 6
0x012D	0x00C8      	MOVWF      FARG_Lcd_Out_row
0x012E	0x294E      	GOTO       L_Lcd_Out12
;__Lib_Lcd.c,189 :: 		
L_Lcd_Out14:
0x012F	0x30C0      	MOVLW      192
0x0130	0x00C8      	MOVWF      FARG_Lcd_Out_row
0x0131	0x294E      	GOTO       L_Lcd_Out12
;__Lib_Lcd.c,190 :: 		
L_Lcd_Out15:
0x0132	0x3094      	MOVLW      148
0x0133	0x00C8      	MOVWF      FARG_Lcd_Out_row
0x0134	0x294E      	GOTO       L_Lcd_Out12
;__Lib_Lcd.c,191 :: 		
L_Lcd_Out16:
0x0135	0x30D4      	MOVLW      212
0x0136	0x00C8      	MOVWF      FARG_Lcd_Out_row
0x0137	0x294E      	GOTO       L_Lcd_Out12
;__Lib_Lcd.c,192 :: 		
L_Lcd_Out17:
0x0138	0x3080      	MOVLW      128
0x0139	0x00C8      	MOVWF      FARG_Lcd_Out_row
;__Lib_Lcd.c,193 :: 		
0x013A	0x294E      	GOTO       L_Lcd_Out12
L_Lcd_Out11:
0x013B	0x1283      	BCF        STATUS, 5
0x013C	0x1303      	BCF        STATUS, 6
0x013D	0x0848      	MOVF       FARG_Lcd_Out_row, 0
0x013E	0x3A01      	XORLW      1
0x013F	0x1903      	BTFSC      STATUS, 2
0x0140	0x292A      	GOTO       L_Lcd_Out13
0x0141	0x0848      	MOVF       FARG_Lcd_Out_row, 0
0x0142	0x3A02      	XORLW      2
0x0143	0x1903      	BTFSC      STATUS, 2
0x0144	0x292F      	GOTO       L_Lcd_Out14
0x0145	0x0848      	MOVF       FARG_Lcd_Out_row, 0
0x0146	0x3A03      	XORLW      3
0x0147	0x1903      	BTFSC      STATUS, 2
0x0148	0x2932      	GOTO       L_Lcd_Out15
0x0149	0x0848      	MOVF       FARG_Lcd_Out_row, 0
0x014A	0x3A04      	XORLW      4
0x014B	0x1903      	BTFSC      STATUS, 2
0x014C	0x2935      	GOTO       L_Lcd_Out16
0x014D	0x2938      	GOTO       L_Lcd_Out17
L_Lcd_Out12:
;__Lib_Lcd.c,194 :: 		
0x014E	0x0349      	DECF       FARG_Lcd_Out_column, 0
0x014F	0x00F0      	MOVWF      R0
0x0150	0x0848      	MOVF       FARG_Lcd_Out_row, 0
0x0151	0x07F0      	ADDWF      R0, 1
0x0152	0x0870      	MOVF       R0, 0
0x0153	0x00C8      	MOVWF      FARG_Lcd_Out_row
;__Lib_Lcd.c,196 :: 		
0x0154	0x0870      	MOVF       R0, 0
0x0155	0x00CD      	MOVWF      FARG_Lcd_Cmd_out_char
0x0156	0x201A      	CALL       _Lcd_Cmd
;__Lib_Lcd.c,197 :: 		
0x0157	0x102E      	BCF        __Lib_Lcd_cmd_status, BitPos(__Lib_Lcd_cmd_status+0)
;__Lib_Lcd.c,198 :: 		
0x0158	0x01CB      	CLRF       Lcd_Out_i_L0
;__Lib_Lcd.c,199 :: 		
L_Lcd_Out18:
0x0159	0x084B      	MOVF       Lcd_Out_i_L0, 0
0x015A	0x074A      	ADDWF      FARG_Lcd_Out_text, 0
0x015B	0x0084      	MOVWF      FSR
0x015C	0x0800      	MOVF       INDF, 0
0x015D	0x1903      	BTFSC      STATUS, 2
0x015E	0x2967      	GOTO       L_Lcd_Out19
;__Lib_Lcd.c,200 :: 		
0x015F	0x084B      	MOVF       Lcd_Out_i_L0, 0
0x0160	0x074A      	ADDWF      FARG_Lcd_Out_text, 0
0x0161	0x0084      	MOVWF      FSR
0x0162	0x0800      	MOVF       INDF, 0
0x0163	0x00CC      	MOVWF      FARG_Lcd_Chr_CP_out_char
0x0164	0x205A      	CALL       _Lcd_Chr_CP
0x0165	0x0ACB      	INCF       Lcd_Out_i_L0, 1
0x0166	0x2959      	GOTO       L_Lcd_Out18
L_Lcd_Out19:
;__Lib_Lcd.c,201 :: 		
0x0167	0x142E      	BSF        __Lib_Lcd_cmd_status, BitPos(__Lib_Lcd_cmd_status+0)
;__Lib_Lcd.c,202 :: 		
L_end_Lcd_Out:
0x0168	0x0008      	RETURN
; end of _Lcd_Out
_PWM1_Set_Duty:
;__Lib_PWM_c21.c,39 :: 		
;__Lib_PWM_c21.c,43 :: 		
0x0169	0x1683      	BSF        STATUS, 5
0x016A	0x1303      	BCF        STATUS, 6
0x016B	0x0812      	MOVF       PR2, 0
0x016C	0x3E01      	ADDLW      1
0x016D	0x00F0      	MOVWF      R0
0x016E	0x01F1      	CLRF       R0+1
0x016F	0x1803      	BTFSC      STATUS, 0
0x0170	0x0AF1      	INCF       R0+1, 1
0x0171	0x1283      	BCF        STATUS, 5
0x0172	0x0833      	MOVF       FARG_PWM1_Set_Duty_new_duty, 0
0x0173	0x00F4      	MOVWF      R4
0x0174	0x01F5      	CLRF       R4+1
0x0175	0x208E      	CALL       _Mul_16X16_U
0x0176	0x3006      	MOVLW      6
0x0177	0x00F2      	MOVWF      R2
0x0178	0x0870      	MOVF       R0, 0
0x0179	0x00F4      	MOVWF      R4
0x017A	0x0871      	MOVF       R0+1, 0
0x017B	0x00F5      	MOVWF      R4+1
0x017C	0x0872      	MOVF       R2, 0
L__PWM1_Set_Duty10:
0x017D	0x1903      	BTFSC      STATUS, 2
0x017E	0x2984      	GOTO       L__PWM1_Set_Duty11
0x017F	0x0CF5      	RRF        R4+1, 1
0x0180	0x0CF4      	RRF        R4, 1
0x0181	0x13F5      	BCF        R4+1, 7
0x0182	0x3EFF      	ADDLW      255
0x0183	0x297D      	GOTO       L__PWM1_Set_Duty10
L__PWM1_Set_Duty11:
;__Lib_PWM_c21.c,44 :: 		
0x0184	0x3004      	MOVLW      4
0x0185	0x00F1      	MOVWF      R1
0x0186	0x0874      	MOVF       R4, 0
0x0187	0x00F0      	MOVWF      R0
0x0188	0x0871      	MOVF       R1, 0
L__PWM1_Set_Duty12:
0x0189	0x1903      	BTFSC      STATUS, 2
0x018A	0x298F      	GOTO       L__PWM1_Set_Duty13
0x018B	0x0DF0      	RLF        R0, 1
0x018C	0x1070      	BCF        R0, 0
0x018D	0x3EFF      	ADDLW      255
0x018E	0x2989      	GOTO       L__PWM1_Set_Duty12
L__PWM1_Set_Duty13:
0x018F	0x3030      	MOVLW      48
0x0190	0x0570      	ANDWF      R0, 0
0x0191	0x00F3      	MOVWF      R3
;__Lib_PWM_c21.c,45 :: 		
0x0192	0x0874      	MOVF       R4, 0
0x0193	0x00F0      	MOVWF      R0
0x0194	0x0875      	MOVF       R4+1, 0
0x0195	0x00F1      	MOVWF      R0+1
0x0196	0x0CF1      	RRF        R0+1, 1
0x0197	0x0CF0      	RRF        R0, 1
0x0198	0x13F1      	BCF        R0+1, 7
0x0199	0x0CF1      	RRF        R0+1, 1
0x019A	0x0CF0      	RRF        R0, 1
0x019B	0x13F1      	BCF        R0+1, 7
0x019C	0x0870      	MOVF       R0, 0
0x019D	0x0095      	MOVWF      CCPR1L
;__Lib_PWM_c21.c,46 :: 		
0x019E	0x300F      	MOVLW      15
0x019F	0x0597      	ANDWF      CCP1CON, 1
;__Lib_PWM_c21.c,47 :: 		
0x01A0	0x0873      	MOVF       R3, 0
0x01A1	0x0497      	IORWF      CCP1CON, 1
;__Lib_PWM_c21.c,48 :: 		
L_end_PWM1_Set_Duty:
0x01A2	0x0008      	RETURN
; end of _PWM1_Set_Duty
_Lcd_Init:
;__Lib_Lcd.c,84 :: 		
;__Lib_Lcd.c,86 :: 		
0x01A3	0x1683      	BSF        STATUS, 5
0x01A4	0x1303      	BCF        STATUS, 6
0x01A5	0x1089      	BCF        lcd_en_direction, BitPos(lcd_en_direction+0)
;__Lib_Lcd.c,87 :: 		
0x01A6	0x1109      	BCF        lcd_rs_direction, BitPos(lcd_rs_direction+0)
;__Lib_Lcd.c,88 :: 		
0x01A7	0x1208      	BCF        lcd_d4_direction, BitPos(lcd_d4_direction+0)
;__Lib_Lcd.c,89 :: 		
0x01A8	0x1288      	BCF        lcd_d5_direction, BitPos(lcd_d5_direction+0)
;__Lib_Lcd.c,90 :: 		
0x01A9	0x1308      	BCF        lcd_d6_direction, BitPos(lcd_d6_direction+0)
;__Lib_Lcd.c,91 :: 		
0x01AA	0x1388      	BCF        lcd_d7_direction, BitPos(lcd_d7_direction+0)
;__Lib_Lcd.c,93 :: 		
0x01AB	0x1283      	BCF        STATUS, 5
0x01AC	0x1089      	BCF        lcd_en, BitPos(lcd_en+0)
;__Lib_Lcd.c,94 :: 		
0x01AD	0x1109      	BCF        lcd_rs, BitPos(lcd_rs+0)
;__Lib_Lcd.c,95 :: 		
0x01AE	0x1388      	BCF        lcd_d7, BitPos(lcd_d7+0)
;__Lib_Lcd.c,96 :: 		
0x01AF	0x1308      	BCF        lcd_d6, BitPos(lcd_d6+0)
;__Lib_Lcd.c,97 :: 		
0x01B0	0x1288      	BCF        lcd_d5, BitPos(lcd_d5+0)
;__Lib_Lcd.c,98 :: 		
0x01B1	0x1208      	BCF        lcd_d4, BitPos(lcd_d4+0)
;__Lib_Lcd.c,100 :: 		
0x01B2	0x200A      	CALL       _Delay_5500us
;__Lib_Lcd.c,101 :: 		
0x01B3	0x200A      	CALL       _Delay_5500us
;__Lib_Lcd.c,102 :: 		
0x01B4	0x200A      	CALL       _Delay_5500us
;__Lib_Lcd.c,105 :: 		
0x01B5	0x1688      	BSF        lcd_d5, BitPos(lcd_d5+0)
;__Lib_Lcd.c,106 :: 		
0x01B6	0x1608      	BSF        lcd_d4, BitPos(lcd_d4+0)
;__Lib_Lcd.c,107 :: 		
0x01B7	0x1489      	BSF        lcd_en, BitPos(lcd_en+0)
;__Lib_Lcd.c,108 :: 		
0x01B8	0x2017      	CALL       _Delay_1us
;__Lib_Lcd.c,109 :: 		
0x01B9	0x1089      	BCF        lcd_en, BitPos(lcd_en+0)
;__Lib_Lcd.c,110 :: 		
0x01BA	0x200A      	CALL       _Delay_5500us
;__Lib_Lcd.c,112 :: 		
0x01BB	0x1489      	BSF        lcd_en, BitPos(lcd_en+0)
;__Lib_Lcd.c,113 :: 		
0x01BC	0x2017      	CALL       _Delay_1us
;__Lib_Lcd.c,114 :: 		
0x01BD	0x1089      	BCF        lcd_en, BitPos(lcd_en+0)
;__Lib_Lcd.c,115 :: 		
0x01BE	0x200A      	CALL       _Delay_5500us
;__Lib_Lcd.c,117 :: 		
0x01BF	0x1489      	BSF        lcd_en, BitPos(lcd_en+0)
;__Lib_Lcd.c,118 :: 		
0x01C0	0x2017      	CALL       _Delay_1us
;__Lib_Lcd.c,119 :: 		
0x01C1	0x1089      	BCF        lcd_en, BitPos(lcd_en+0)
;__Lib_Lcd.c,120 :: 		
0x01C2	0x200A      	CALL       _Delay_5500us
;__Lib_Lcd.c,123 :: 		
0x01C3	0x1208      	BCF        lcd_d4, BitPos(lcd_d4+0)
;__Lib_Lcd.c,124 :: 		
0x01C4	0x1489      	BSF        lcd_en, BitPos(lcd_en+0)
;__Lib_Lcd.c,125 :: 		
0x01C5	0x2017      	CALL       _Delay_1us
;__Lib_Lcd.c,126 :: 		
0x01C6	0x1089      	BCF        lcd_en, BitPos(lcd_en+0)
;__Lib_Lcd.c,127 :: 		
0x01C7	0x200A      	CALL       _Delay_5500us
;__Lib_Lcd.c,130 :: 		
0x01C8	0x1489      	BSF        lcd_en, BitPos(lcd_en+0)
;__Lib_Lcd.c,131 :: 		
0x01C9	0x2017      	CALL       _Delay_1us
;__Lib_Lcd.c,132 :: 		
0x01CA	0x1089      	BCF        lcd_en, BitPos(lcd_en+0)
;__Lib_Lcd.c,134 :: 		
0x01CB	0x1288      	BCF        lcd_d5, BitPos(lcd_d5+0)
;__Lib_Lcd.c,135 :: 		
0x01CC	0x1788      	BSF        lcd_d7, BitPos(lcd_d7+0)
;__Lib_Lcd.c,136 :: 		
0x01CD	0x1489      	BSF        lcd_en, BitPos(lcd_en+0)
;__Lib_Lcd.c,137 :: 		
0x01CE	0x2017      	CALL       _Delay_1us
;__Lib_Lcd.c,138 :: 		
0x01CF	0x1089      	BCF        lcd_en, BitPos(lcd_en+0)
;__Lib_Lcd.c,139 :: 		
0x01D0	0x200A      	CALL       _Delay_5500us
;__Lib_Lcd.c,142 :: 		
0x01D1	0x1388      	BCF        lcd_d7, BitPos(lcd_d7+0)
;__Lib_Lcd.c,143 :: 		
0x01D2	0x1608      	BSF        lcd_d4, BitPos(lcd_d4+0)
;__Lib_Lcd.c,144 :: 		
0x01D3	0x1489      	BSF        lcd_en, BitPos(lcd_en+0)
;__Lib_Lcd.c,145 :: 		
0x01D4	0x2017      	CALL       _Delay_1us
;__Lib_Lcd.c,146 :: 		
0x01D5	0x1089      	BCF        lcd_en, BitPos(lcd_en+0)
;__Lib_Lcd.c,148 :: 		
0x01D6	0x1208      	BCF        lcd_d4, BitPos(lcd_d4+0)
;__Lib_Lcd.c,149 :: 		
0x01D7	0x1489      	BSF        lcd_en, BitPos(lcd_en+0)
;__Lib_Lcd.c,150 :: 		
0x01D8	0x2017      	CALL       _Delay_1us
;__Lib_Lcd.c,151 :: 		
0x01D9	0x1089      	BCF        lcd_en, BitPos(lcd_en+0)
;__Lib_Lcd.c,152 :: 		
0x01DA	0x200A      	CALL       _Delay_5500us
;__Lib_Lcd.c,155 :: 		
0x01DB	0x1489      	BSF        lcd_en, BitPos(lcd_en+0)
;__Lib_Lcd.c,156 :: 		
0x01DC	0x2017      	CALL       _Delay_1us
;__Lib_Lcd.c,157 :: 		
0x01DD	0x1089      	BCF        lcd_en, BitPos(lcd_en+0)
;__Lib_Lcd.c,159 :: 		
0x01DE	0x1608      	BSF        lcd_d4, BitPos(lcd_d4+0)
;__Lib_Lcd.c,160 :: 		
0x01DF	0x1489      	BSF        lcd_en, BitPos(lcd_en+0)
;__Lib_Lcd.c,161 :: 		
0x01E0	0x2017      	CALL       _Delay_1us
;__Lib_Lcd.c,162 :: 		
0x01E1	0x1089      	BCF        lcd_en, BitPos(lcd_en+0)
;__Lib_Lcd.c,163 :: 		
0x01E2	0x200A      	CALL       _Delay_5500us
;__Lib_Lcd.c,166 :: 		
0x01E3	0x1208      	BCF        lcd_d4, BitPos(lcd_d4+0)
;__Lib_Lcd.c,167 :: 		
0x01E4	0x1489      	BSF        lcd_en, BitPos(lcd_en+0)
;__Lib_Lcd.c,168 :: 		
0x01E5	0x2017      	CALL       _Delay_1us
;__Lib_Lcd.c,169 :: 		
0x01E6	0x1089      	BCF        lcd_en, BitPos(lcd_en+0)
;__Lib_Lcd.c,171 :: 		
0x01E7	0x1788      	BSF        lcd_d7, BitPos(lcd_d7+0)
;__Lib_Lcd.c,172 :: 		
0x01E8	0x1708      	BSF        lcd_d6, BitPos(lcd_d6+0)
;__Lib_Lcd.c,173 :: 		
0x01E9	0x1688      	BSF        lcd_d5, BitPos(lcd_d5+0)
;__Lib_Lcd.c,174 :: 		
0x01EA	0x1608      	BSF        lcd_d4, BitPos(lcd_d4+0)
;__Lib_Lcd.c,175 :: 		
0x01EB	0x1489      	BSF        lcd_en, BitPos(lcd_en+0)
;__Lib_Lcd.c,176 :: 		
0x01EC	0x2017      	CALL       _Delay_1us
;__Lib_Lcd.c,177 :: 		
0x01ED	0x1089      	BCF        lcd_en, BitPos(lcd_en+0)
;__Lib_Lcd.c,179 :: 		
0x01EE	0x200A      	CALL       _Delay_5500us
;__Lib_Lcd.c,181 :: 		
0x01EF	0x142E      	BSF        __Lib_Lcd_cmd_status, BitPos(__Lib_Lcd_cmd_status+0)
;__Lib_Lcd.c,182 :: 		
L_end_Lcd_Init:
0x01F0	0x0008      	RETURN
; end of _Lcd_Init
_UpdateLCD:
;Ex_13.c,15 :: 		void UpdateLCD(int dutyCycle) {
;Ex_13.c,17 :: 		int percent = (dutyCycle * 100) / 255;
0x01F1	0x1283      	BCF        STATUS, 5
0x01F2	0x1303      	BCF        STATUS, 6
0x01F3	0x0833      	MOVF       FARG_UpdateLCD_dutyCycle, 0
0x01F4	0x00F0      	MOVWF      R0
0x01F5	0x0834      	MOVF       FARG_UpdateLCD_dutyCycle+1, 0
0x01F6	0x00F1      	MOVWF      R0+1
0x01F7	0x3064      	MOVLW      100
0x01F8	0x00F4      	MOVWF      R4
0x01F9	0x3000      	MOVLW      0
0x01FA	0x00F5      	MOVWF      R4+1
0x01FB	0x208E      	CALL       _Mul_16X16_U
0x01FC	0x30FF      	MOVLW      255
0x01FD	0x00F4      	MOVWF      R4
0x01FE	0x01F5      	CLRF       R4+1
0x01FF	0x20C0      	CALL       _Div_16x16_S
0x0200	0x0870      	MOVF       R0, 0
0x0201	0x00C6      	MOVWF      FLOC__UpdateLCD
0x0202	0x0871      	MOVF       R0+1, 0
0x0203	0x00C7      	MOVWF      FLOC__UpdateLCD+1
0x0204	0x3056      	MOVLW      86
0x0205	0x00B5      	MOVWF      UpdateLCD_txt_L0
;Ex_13.c,20 :: 		txt[1] = 'a';
0x0206	0x3061      	MOVLW      97
0x0207	0x00B6      	MOVWF      UpdateLCD_txt_L0+1
;Ex_13.c,21 :: 		txt[2] = 'l';
0x0208	0x306C      	MOVLW      108
0x0209	0x00B7      	MOVWF      UpdateLCD_txt_L0+2
;Ex_13.c,22 :: 		txt[3] = 'o';
0x020A	0x306F      	MOVLW      111
0x020B	0x00B8      	MOVWF      UpdateLCD_txt_L0+3
;Ex_13.c,23 :: 		txt[4] = 'r';
0x020C	0x3072      	MOVLW      114
0x020D	0x00B9      	MOVWF      UpdateLCD_txt_L0+4
;Ex_13.c,24 :: 		txt[5] = ':';
0x020E	0x303A      	MOVLW      58
0x020F	0x00BA      	MOVWF      UpdateLCD_txt_L0+5
;Ex_13.c,25 :: 		txt[6] = ' ';
0x0210	0x3020      	MOVLW      32
0x0211	0x00BB      	MOVWF      UpdateLCD_txt_L0+6
;Ex_13.c,26 :: 		txt[7] = percent / 10 + '0'; // Dígito das dezenas
0x0212	0x300A      	MOVLW      10
0x0213	0x00F4      	MOVWF      R4
0x0214	0x3000      	MOVLW      0
0x0215	0x00F5      	MOVWF      R4+1
0x0216	0x0846      	MOVF       FLOC__UpdateLCD, 0
0x0217	0x00F0      	MOVWF      R0
0x0218	0x0847      	MOVF       FLOC__UpdateLCD+1, 0
0x0219	0x00F1      	MOVWF      R0+1
0x021A	0x20C0      	CALL       _Div_16x16_S
0x021B	0x3030      	MOVLW      48
0x021C	0x0770      	ADDWF      R0, 0
0x021D	0x00BC      	MOVWF      UpdateLCD_txt_L0+7
;Ex_13.c,27 :: 		txt[8] = percent % 10 + '0'; // Dígito das unidades
0x021E	0x300A      	MOVLW      10
0x021F	0x00F4      	MOVWF      R4
0x0220	0x3000      	MOVLW      0
0x0221	0x00F5      	MOVWF      R4+1
0x0222	0x0846      	MOVF       FLOC__UpdateLCD, 0
0x0223	0x00F0      	MOVWF      R0
0x0224	0x0847      	MOVF       FLOC__UpdateLCD+1, 0
0x0225	0x00F1      	MOVWF      R0+1
0x0226	0x20C0      	CALL       _Div_16x16_S
0x0227	0x0878      	MOVF       R8, 0
0x0228	0x00F0      	MOVWF      R0
0x0229	0x0879      	MOVF       R8+1, 0
0x022A	0x00F1      	MOVWF      R0+1
0x022B	0x3030      	MOVLW      48
0x022C	0x0770      	ADDWF      R0, 0
0x022D	0x00BD      	MOVWF      UpdateLCD_txt_L0+8
;Ex_13.c,28 :: 		txt[9] = '%';
0x022E	0x3025      	MOVLW      37
0x022F	0x00BE      	MOVWF      UpdateLCD_txt_L0+9
;Ex_13.c,29 :: 		txt[10] = ' ';
0x0230	0x3020      	MOVLW      32
0x0231	0x00BF      	MOVWF      UpdateLCD_txt_L0+10
;Ex_13.c,30 :: 		txt[11] = ' ';
0x0232	0x3020      	MOVLW      32
0x0233	0x00C0      	MOVWF      UpdateLCD_txt_L0+11
;Ex_13.c,31 :: 		txt[12] = ' ';
0x0234	0x3020      	MOVLW      32
0x0235	0x00C1      	MOVWF      UpdateLCD_txt_L0+12
;Ex_13.c,32 :: 		txt[13] = '\0'; // Finaliza a string
0x0236	0x01C2      	CLRF       UpdateLCD_txt_L0+13
;Ex_13.c,34 :: 		lcd_out(2, 1, txt); // Exibe a string na segunda linha do LCD
0x0237	0x3002      	MOVLW      2
0x0238	0x00C8      	MOVWF      FARG_Lcd_Out_row
0x0239	0x3001      	MOVLW      1
0x023A	0x00C9      	MOVWF      FARG_Lcd_Out_column
0x023B	0x3035      	MOVLW      UpdateLCD_txt_L0
0x023C	0x00CA      	MOVWF      FARG_Lcd_Out_text
0x023D	0x2129      	CALL       _Lcd_Out
;Ex_13.c,35 :: 		}
L_end_UpdateLCD:
0x023E	0x0008      	RETURN
; end of _UpdateLCD
_PWM1_Init:
;__Lib_PWM_c21.c,32 :: 		
;__Lib_PWM_c21.c,33 :: 		
;__Lib_PWM_c21.c,34 :: 		
0x023F	0x1283      	BCF        STATUS, 5
0x0240	0x1303      	BCF        STATUS, 6
0x0241	0x0195      	CLRF       CCPR1L
;__Lib_PWM_c21.c,35 :: 		
0x0242	0x1217      	BCF        CCP1CON, 4
;__Lib_PWM_c21.c,36 :: 		
0x0243	0x1297      	BCF        CCP1CON, 5
;__Lib_PWM_c21.c,37 :: 		
L_end_PWM1_Init:
0x0244	0x0008      	RETURN
; end of _PWM1_Init
___CC2DW:
;__Lib_System.c,134 :: 		
;__Lib_System.c,137 :: 		
_CC2D_Loop1:
;__Lib_System.c,139 :: 		
0x0245	0x20B9      	CALL       _____DoICP
0x0246	0x118A      	BCF        PCLATH, 3
0x0247	0x120A      	BCF        PCLATH, 4
;__Lib_System.c,141 :: 		
0x0248	0x0080      	MOVWF      INDF
;__Lib_System.c,142 :: 		
0x0249	0x0A84      	INCF       FSR, 1
;__Lib_System.c,143 :: 		
0x024A	0x0AAF      	INCF       ___DoICPAddr, 1
;__Lib_System.c,145 :: 		
0x024B	0x1903      	BTFSC      STATUS, 2
;__Lib_System.c,146 :: 		
0x024C	0x0AB0      	INCF       ___DoICPAddr+1, 1
;__Lib_System.c,147 :: 		
0x024D	0x03F0      	DECF       R0, 1
;__Lib_System.c,149 :: 		
0x024E	0x1D03      	BTFSS      STATUS, 2
;__Lib_System.c,150 :: 		
0x024F	0x2A45      	GOTO       _CC2D_Loop1
;__Lib_System.c,152 :: 		
L_end___CC2DW:
0x0250	0x0008      	RETURN
; end of ___CC2DW
_main:
0x0251	0x3052      	MOVLW      82
0x0252	0x1283      	BCF        STATUS, 5
0x0253	0x1303      	BCF        STATUS, 6
0x0254	0x00A0      	MOVWF      ?lstr1_Ex_13
0x0255	0x3061      	MOVLW      97
0x0256	0x00A1      	MOVWF      33
0x0257	0x307A      	MOVLW      122
0x0258	0x00A2      	MOVWF      34
0x0259	0x3061      	MOVLW      97
0x025A	0x00A3      	MOVWF      35
0x025B	0x306F      	MOVLW      111
0x025C	0x00A4      	MOVWF      36
0x025D	0x3020      	MOVLW      32
0x025E	0x00A5      	MOVWF      37
0x025F	0x3043      	MOVLW      67
0x0260	0x00A6      	MOVWF      38
0x0261	0x3069      	MOVLW      105
0x0262	0x00A7      	MOVWF      39
0x0263	0x3063      	MOVLW      99
0x0264	0x00A8      	MOVWF      40
0x0265	0x306C      	MOVLW      108
0x0266	0x00A9      	MOVWF      41
0x0267	0x3069      	MOVLW      105
0x0268	0x00AA      	MOVWF      42
0x0269	0x3063      	MOVLW      99
0x026A	0x00AB      	MOVWF      43
0x026B	0x3061      	MOVLW      97
0x026C	0x00AC      	MOVWF      44
0x026D	0x01AD      	CLRF       45
;Ex_13.c,37 :: 		void main() {
;Ex_13.c,40 :: 		trisc = 0; // Configura os pinos da porta C como saída
0x026E	0x1683      	BSF        STATUS, 5
0x026F	0x0187      	CLRF       TRISC
;Ex_13.c,41 :: 		trisb = 0b11; // Configura os pinos 0 (RB0) e 1 (RB1) da porta B como entrada
0x0270	0x3003      	MOVLW      3
0x0271	0x0086      	MOVWF      TRISB
;Ex_13.c,42 :: 		pwm1_init(500); // Inicializa o módulo PWM com frequência de 500 Hz
0x0272	0x1283      	BCF        STATUS, 5
0x0273	0x1412      	BSF        T2CON, 0
0x0274	0x1492      	BSF        T2CON, 1
0x0275	0x30F9      	MOVLW      249
0x0276	0x1683      	BSF        STATUS, 5
0x0277	0x0092      	MOVWF      PR2
0x0278	0x223F      	CALL       _PWM1_Init
;Ex_13.c,43 :: 		lcd_init(); // Inicializa o LCD
0x0279	0x21A3      	CALL       _Lcd_Init
;Ex_13.c,44 :: 		lcd_out(1, 1, "Razao Ciclica"); // Escreve na primeira linha do LCD
0x027A	0x3001      	MOVLW      1
0x027B	0x00C8      	MOVWF      FARG_Lcd_Out_row
0x027C	0x3001      	MOVLW      1
0x027D	0x00C9      	MOVWF      FARG_Lcd_Out_column
0x027E	0x3020      	MOVLW      ?lstr1_Ex_13
0x027F	0x00CA      	MOVWF      FARG_Lcd_Out_text
0x0280	0x2129      	CALL       _Lcd_Out
;Ex_13.c,46 :: 		while(1) {
L_main0:
;Ex_13.c,47 :: 		if (portb.f0 == 0) { // Se a chave S0 for pressionada
0x0281	0x1806      	BTFSC      PORTB, 0
0x0282	0x2AAB      	GOTO       L_main2
;Ex_13.c,48 :: 		for (dutyCycle = 51; dutyCycle <= 255; dutyCycle++) {
0x0283	0x3033      	MOVLW      51
0x0284	0x00B1      	MOVWF      main_dutyCycle_L0
0x0285	0x3000      	MOVLW      0
0x0286	0x00B2      	MOVWF      main_dutyCycle_L0+1
L_main3:
0x0287	0x3080      	MOVLW      128
0x0288	0x00F0      	MOVWF      R0
0x0289	0x3080      	MOVLW      128
0x028A	0x0632      	XORWF      main_dutyCycle_L0+1, 0
0x028B	0x0270      	SUBWF      R0, 0
0x028C	0x1D03      	BTFSS      STATUS, 2
0x028D	0x2A90      	GOTO       L__main14
0x028E	0x0831      	MOVF       main_dutyCycle_L0, 0
0x028F	0x3CFF      	SUBLW      255
L__main14:
0x0290	0x1C03      	BTFSS      STATUS, 0
0x0291	0x2AAB      	GOTO       L_main4
;Ex_13.c,49 :: 		pwm1_set_duty(dutyCycle);
0x0292	0x0831      	MOVF       main_dutyCycle_L0, 0
0x0293	0x00B3      	MOVWF      FARG_PWM1_Set_Duty_new_duty
0x0294	0x2169      	CALL       _PWM1_Set_Duty
;Ex_13.c,50 :: 		UpdateLCD(dutyCycle); // Atualiza o LCD
0x0295	0x0831      	MOVF       main_dutyCycle_L0, 0
0x0296	0x00B3      	MOVWF      FARG_UpdateLCD_dutyCycle
0x0297	0x0832      	MOVF       main_dutyCycle_L0+1, 0
0x0298	0x00B4      	MOVWF      FARG_UpdateLCD_dutyCycle+1
0x0299	0x21F1      	CALL       _UpdateLCD
;Ex_13.c,51 :: 		delay_ms(100);
0x029A	0x3002      	MOVLW      2
0x029B	0x00FB      	MOVWF      R11
0x029C	0x3004      	MOVLW      4
0x029D	0x00FC      	MOVWF      R12
0x029E	0x30BA      	MOVLW      186
0x029F	0x00FD      	MOVWF      R13
L_main6:
0x02A0	0x0BFD      	DECFSZ     R13, 1
0x02A1	0x2AA0      	GOTO       L_main6
0x02A2	0x0BFC      	DECFSZ     R12, 1
0x02A3	0x2AA0      	GOTO       L_main6
0x02A4	0x0BFB      	DECFSZ     R11, 1
0x02A5	0x2AA0      	GOTO       L_main6
0x02A6	0x0000      	NOP
;Ex_13.c,48 :: 		for (dutyCycle = 51; dutyCycle <= 255; dutyCycle++) {
0x02A7	0x0AB1      	INCF       main_dutyCycle_L0, 1
0x02A8	0x1903      	BTFSC      STATUS, 2
0x02A9	0x0AB2      	INCF       main_dutyCycle_L0+1, 1
;Ex_13.c,52 :: 		}
0x02AA	0x2A87      	GOTO       L_main3
L_main4:
;Ex_13.c,53 :: 		}
L_main2:
;Ex_13.c,55 :: 		if (portb.f1 == 0) { // Se a chave S1 for pressionada
0x02AB	0x1886      	BTFSC      PORTB, 1
0x02AC	0x2AD5      	GOTO       L_main7
;Ex_13.c,56 :: 		for (dutyCycle = 255; dutyCycle >= 0; dutyCycle -= 2) {
0x02AD	0x30FF      	MOVLW      255
0x02AE	0x00B1      	MOVWF      main_dutyCycle_L0
0x02AF	0x01B2      	CLRF       main_dutyCycle_L0+1
L_main8:
0x02B0	0x3080      	MOVLW      128
0x02B1	0x0632      	XORWF      main_dutyCycle_L0+1, 0
0x02B2	0x00F0      	MOVWF      R0
0x02B3	0x3080      	MOVLW      128
0x02B4	0x0270      	SUBWF      R0, 0
0x02B5	0x1D03      	BTFSS      STATUS, 2
0x02B6	0x2AB9      	GOTO       L__main15
0x02B7	0x3000      	MOVLW      0
0x02B8	0x0231      	SUBWF      main_dutyCycle_L0, 0
L__main15:
0x02B9	0x1C03      	BTFSS      STATUS, 0
0x02BA	0x2AD5      	GOTO       L_main9
;Ex_13.c,57 :: 		pwm1_set_duty(dutyCycle);
0x02BB	0x0831      	MOVF       main_dutyCycle_L0, 0
0x02BC	0x00B3      	MOVWF      FARG_PWM1_Set_Duty_new_duty
0x02BD	0x2169      	CALL       _PWM1_Set_Duty
;Ex_13.c,58 :: 		UpdateLCD(dutyCycle); // Atualiza o LCD
0x02BE	0x0831      	MOVF       main_dutyCycle_L0, 0
0x02BF	0x00B3      	MOVWF      FARG_UpdateLCD_dutyCycle
0x02C0	0x0832      	MOVF       main_dutyCycle_L0+1, 0
0x02C1	0x00B4      	MOVWF      FARG_UpdateLCD_dutyCycle+1
0x02C2	0x21F1      	CALL       _UpdateLCD
;Ex_13.c,59 :: 		delay_ms(100);
0x02C3	0x3002      	MOVLW      2
0x02C4	0x00FB      	MOVWF      R11
0x02C5	0x3004      	MOVLW      4
0x02C6	0x00FC      	MOVWF      R12
0x02C7	0x30BA      	MOVLW      186
0x02C8	0x00FD      	MOVWF      R13
L_main11:
0x02C9	0x0BFD      	DECFSZ     R13, 1
0x02CA	0x2AC9      	GOTO       L_main11
0x02CB	0x0BFC      	DECFSZ     R12, 1
0x02CC	0x2AC9      	GOTO       L_main11
0x02CD	0x0BFB      	DECFSZ     R11, 1
0x02CE	0x2AC9      	GOTO       L_main11
0x02CF	0x0000      	NOP
;Ex_13.c,56 :: 		for (dutyCycle = 255; dutyCycle >= 0; dutyCycle -= 2) {
0x02D0	0x3002      	MOVLW      2
0x02D1	0x02B1      	SUBWF      main_dutyCycle_L0, 1
0x02D2	0x1C03      	BTFSS      STATUS, 0
0x02D3	0x03B2      	DECF       main_dutyCycle_L0+1, 1
;Ex_13.c,60 :: 		}
0x02D4	0x2AB0      	GOTO       L_main8
L_main9:
;Ex_13.c,61 :: 		}
L_main7:
;Ex_13.c,62 :: 		}
0x02D5	0x2A81      	GOTO       L_main0
;Ex_13.c,63 :: 		}
L_end_main:
0x02D6	0x2AD6      	GOTO       $+0
; end of _main
Symbol List:
//** Routines locations **
//ADDRESS    SIZE    PROCEDURE
//----------------------------------------------
0x0003       [7]    _Delay_50us
0x000A      [13]    _Delay_5500us
0x0017       [3]    _Delay_1us
0x001A      [64]    _Lcd_Cmd
0x005A       [8]    _Lcd_Chr_CP
0x0062      [44]    _Div_16x16_S_L
0x008E      [43]    _Mul_16X16_U
0x00B9       [7]    _____DoICP
0x00C0     [105]    _Div_16x16_S
0x0129      [64]    _Lcd_Out
0x0169      [58]    _PWM1_Set_Duty
0x01A3      [78]    _Lcd_Init
0x01F1      [78]    _UpdateLCD
0x023F       [6]    _PWM1_Init
0x0245      [12]    ___CC2DW
0x0251     [134]    _main
//** Variables locations ** 
//ADDRESS    SIZE    VARIABLE
//----------------------------------------------
0x0000       [1]    INDF
0x0002       [1]    PCL
0x0003       [1]    STATUS
0x0004       [1]    FSR
0x0006       [1]    PORTB
0x0008       [0]    RD7_bit
0x0008       [0]    lcd_d7
0x0008       [0]    lcd_d6
0x0008       [0]    lcd_d4
0x0008       [0]    lcd_d5
0x0008       [0]    RD5_bit
0x0008       [0]    RD6_bit
0x0008       [0]    RD4_bit
0x0009       [0]    lcd_en
0x0009       [0]    RE1_bit
0x0009       [0]    lcd_rs
0x0009       [0]    RE2_bit
0x000A       [1]    PCLATH
0x0012       [1]    T2CON
0x0015       [1]    CCPR1L
0x0017       [1]    CCP1CON
0x0020      [14]    ?lstr1_Ex_13
0x002E       [0]    __Lib_Lcd_cmd_status
0x002F       [2]    ___DoICPAddr
0x0031       [2]    main_dutyCycle_L0
0x0033       [1]    FARG_PWM1_Set_Duty_new_duty
0x0033       [4]    FARG_PWM1_Init_PWM_Freq
0x0033       [2]    FARG_UpdateLCD_dutyCycle
0x0035      [17]    UpdateLCD_txt_L0
0x0046       [2]    FLOC__UpdateLCD
0x0048       [1]    FARG_Lcd_Out_row
0x0049       [1]    FARG_Lcd_Out_column
0x004A       [1]    FARG_Lcd_Out_text
0x004B       [1]    Lcd_Out_i_L0
0x004C       [1]    FARG_Lcd_Chr_CP_out_char
0x004D       [1]    FARG_Lcd_Cmd_out_char
0x0070       [1]    R0
0x0071       [1]    R1
0x0072       [1]    R2
0x0073       [1]    R3
0x0074       [1]    R4
0x0075       [1]    R5
0x0076       [1]    R6
0x0077       [1]    R7
0x0078       [1]    R8
0x0079       [1]    R9
0x007A       [1]    R10
0x007B       [1]    R11
0x007C       [1]    R12
0x007D       [1]    R13
0x007E       [1]    R14
0x007F       [1]    R15
0x0086       [1]    TRISB
0x0087       [1]    TRISC
0x0088       [0]    TRISD7_bit
0x0088       [0]    TRISD6_bit
0x0088       [0]    lcd_d7_direction
0x0088       [0]    TRISD4_bit
0x0088       [0]    TRISD5_bit
0x0088       [0]    lcd_d4_direction
0x0088       [0]    lcd_d6_direction
0x0088       [0]    lcd_d5_direction
0x0089       [0]    TRISE1_bit
0x0089       [0]    lcd_en_direction
0x0089       [0]    lcd_rs_direction
0x0089       [0]    TRISE2_bit
0x0092       [1]    PR2
