;  LST file generated by mikroListExporter - v.2.0 
; Date/Time: 18/11/2023 14:29:10
;----------------------------------------------

;Address Opcode 	ASM
0x0000	0x28B9      	GOTO       185
_UART1_Write:
;__Lib_UART_c67.c,39 :: 		
;__Lib_UART_c67.c,40 :: 		
L_UART1_Write3:
0x0003	0x1683      	BSF        STATUS, 5
0x0004	0x1303      	BCF        STATUS, 6
0x0005	0x1898      	BTFSC      TXSTA, 1
0x0006	0x2809      	GOTO       L_UART1_Write4
;__Lib_UART_c67.c,41 :: 		
0x0007	0x0000      	NOP
0x0008	0x2803      	GOTO       L_UART1_Write3
L_UART1_Write4:
;__Lib_UART_c67.c,42 :: 		
0x0009	0x1283      	BCF        STATUS, 5
0x000A	0x0845      	MOVF       FARG_UART1_Write_data_, 0
0x000B	0x0099      	MOVWF      TXREG
;__Lib_UART_c67.c,43 :: 		
L_end_UART1_Write:
0x000C	0x0008      	RETURN
; end of _UART1_Write
_Mul_16X16_U:
;__Lib_Math.c,136 :: 		
;__Lib_Math.c,143 :: 		
0x000D	0x1283      	BCF        STATUS, 5
;__Lib_Math.c,144 :: 		
0x000E	0x1303      	BCF        STATUS, 6
;__Lib_Math.c,145 :: 		
0x000F	0x01FB      	CLRF       R11
;__Lib_Math.c,146 :: 		
0x0010	0x01FA      	CLRF       R10
;__Lib_Math.c,147 :: 		
0x0011	0x01F9      	CLRF       R9
;__Lib_Math.c,148 :: 		
0x0012	0x3080      	MOVLW      128
;__Lib_Math.c,149 :: 		
0x0013	0x00F8      	MOVWF      R8
;__Lib_Math.c,150 :: 		
0x0014	0x0CF1      	RRF        R1, 1
;__Lib_Math.c,151 :: 		
0x0015	0x0CF0      	RRF        R0, 1
;__Lib_Math.c,152 :: 		
0x0016	0x1C03      	BTFSS      STATUS, 0
;__Lib_Math.c,153 :: 		
0x0017	0x2821      	GOTO       $+10
;__Lib_Math.c,154 :: 		
0x0018	0x0874      	MOVF       R4, 0
;__Lib_Math.c,155 :: 		
0x0019	0x07F9      	ADDWF      R9, 1
;__Lib_Math.c,156 :: 		
0x001A	0x0875      	MOVF       R5, 0
;__Lib_Math.c,157 :: 		
0x001B	0x1803      	BTFSC      STATUS, 0
;__Lib_Math.c,158 :: 		
0x001C	0x0F75      	INCFSZ     R5, 0
;__Lib_Math.c,159 :: 		
0x001D	0x07FA      	ADDWF      R10, 1
;__Lib_Math.c,160 :: 		
0x001E	0x1803      	BTFSC      STATUS, 0
;__Lib_Math.c,161 :: 		
0x001F	0x0AFB      	INCF       R11, 1
;__Lib_Math.c,162 :: 		
0x0020	0x1003      	BCF        STATUS, 0
;__Lib_Math.c,163 :: 		
0x0021	0x1FF0      	BTFSS      R0, 7
;__Lib_Math.c,164 :: 		
0x0022	0x2829      	GOTO       $+7
;__Lib_Math.c,165 :: 		
0x0023	0x0874      	MOVF       R4, 0
;__Lib_Math.c,166 :: 		
0x0024	0x07FA      	ADDWF      R10, 1
;__Lib_Math.c,167 :: 		
0x0025	0x0875      	MOVF       R5, 0
;__Lib_Math.c,168 :: 		
0x0026	0x1803      	BTFSC      STATUS, 0
;__Lib_Math.c,169 :: 		
0x0027	0x0F75      	INCFSZ     R5, 0
;__Lib_Math.c,170 :: 		
0x0028	0x07FB      	ADDWF      R11, 1
;__Lib_Math.c,171 :: 		
0x0029	0x0CFB      	RRF        R11, 1
;__Lib_Math.c,172 :: 		
0x002A	0x0CFA      	RRF        R10, 1
;__Lib_Math.c,173 :: 		
0x002B	0x0CF9      	RRF        R9, 1
;__Lib_Math.c,174 :: 		
0x002C	0x0CF8      	RRF        R8, 1
;__Lib_Math.c,175 :: 		
0x002D	0x1C03      	BTFSS      STATUS, 0
;__Lib_Math.c,176 :: 		
0x002E	0x2814      	GOTO       $-26
;__Lib_Math.c,177 :: 		
0x002F	0x087B      	MOVF       R11, 0
;__Lib_Math.c,178 :: 		
0x0030	0x00F3      	MOVWF      R3
;__Lib_Math.c,179 :: 		
0x0031	0x087A      	MOVF       R10, 0
;__Lib_Math.c,180 :: 		
0x0032	0x00F2      	MOVWF      R2
;__Lib_Math.c,181 :: 		
0x0033	0x0879      	MOVF       R9, 0
;__Lib_Math.c,182 :: 		
0x0034	0x00F1      	MOVWF      R1
;__Lib_Math.c,183 :: 		
0x0035	0x0878      	MOVF       R8, 0
;__Lib_Math.c,184 :: 		
0x0036	0x00F0      	MOVWF      R0
;__Lib_Math.c,187 :: 		
L_end_Mul_16X16_U:
0x0037	0x0008      	RETURN
; end of _Mul_16X16_U
_____DoICP:
;__Lib_System.c,6 :: 		
;__Lib_System.c,9 :: 		
0x0038	0x1283      	BCF        STATUS, 5
0x0039	0x1303      	BCF        STATUS, 6
0x003A	0x0840      	MOVF       ___DoICPAddr+1, 0
0x003B	0x008A      	MOVWF      PCLATH
;__Lib_System.c,10 :: 		
0x003C	0x083F      	MOVF       ___DoICPAddr, 0
0x003D	0x0082      	MOVWF      PCL
;__Lib_System.c,12 :: 		
L_end_____DoICP:
0x003E	0x0008      	RETURN
; end of _____DoICP
_PWM1_Init:
;__Lib_PWM_c21.c,32 :: 		
;__Lib_PWM_c21.c,33 :: 		
;__Lib_PWM_c21.c,34 :: 		
0x003F	0x1283      	BCF        STATUS, 5
0x0040	0x1303      	BCF        STATUS, 6
0x0041	0x0195      	CLRF       CCPR1L
;__Lib_PWM_c21.c,35 :: 		
0x0042	0x1217      	BCF        CCP1CON, 4
;__Lib_PWM_c21.c,36 :: 		
0x0043	0x1297      	BCF        CCP1CON, 5
;__Lib_PWM_c21.c,37 :: 		
L_end_PWM1_Init:
0x0044	0x0008      	RETURN
; end of _PWM1_Init
_PWM1_Set_Duty:
;__Lib_PWM_c21.c,39 :: 		
;__Lib_PWM_c21.c,43 :: 		
0x0045	0x1683      	BSF        STATUS, 5
0x0046	0x1303      	BCF        STATUS, 6
0x0047	0x0812      	MOVF       PR2, 0
0x0048	0x3E01      	ADDLW      1
0x0049	0x00F0      	MOVWF      R0
0x004A	0x01F1      	CLRF       R0+1
0x004B	0x1803      	BTFSC      STATUS, 0
0x004C	0x0AF1      	INCF       R0+1, 1
0x004D	0x1283      	BCF        STATUS, 5
0x004E	0x0841      	MOVF       FARG_PWM1_Set_Duty_new_duty, 0
0x004F	0x00F4      	MOVWF      R4
0x0050	0x01F5      	CLRF       R4+1
0x0051	0x200D      	CALL       _Mul_16X16_U
0x0052	0x3006      	MOVLW      6
0x0053	0x00F2      	MOVWF      R2
0x0054	0x0870      	MOVF       R0, 0
0x0055	0x00F4      	MOVWF      R4
0x0056	0x0871      	MOVF       R0+1, 0
0x0057	0x00F5      	MOVWF      R4+1
0x0058	0x0872      	MOVF       R2, 0
L__PWM1_Set_Duty10:
0x0059	0x1903      	BTFSC      STATUS, 2
0x005A	0x2860      	GOTO       L__PWM1_Set_Duty11
0x005B	0x0CF5      	RRF        R4+1, 1
0x005C	0x0CF4      	RRF        R4, 1
0x005D	0x13F5      	BCF        R4+1, 7
0x005E	0x3EFF      	ADDLW      255
0x005F	0x2859      	GOTO       L__PWM1_Set_Duty10
L__PWM1_Set_Duty11:
;__Lib_PWM_c21.c,44 :: 		
0x0060	0x3004      	MOVLW      4
0x0061	0x00F1      	MOVWF      R1
0x0062	0x0874      	MOVF       R4, 0
0x0063	0x00F0      	MOVWF      R0
0x0064	0x0871      	MOVF       R1, 0
L__PWM1_Set_Duty12:
0x0065	0x1903      	BTFSC      STATUS, 2
0x0066	0x286B      	GOTO       L__PWM1_Set_Duty13
0x0067	0x0DF0      	RLF        R0, 1
0x0068	0x1070      	BCF        R0, 0
0x0069	0x3EFF      	ADDLW      255
0x006A	0x2865      	GOTO       L__PWM1_Set_Duty12
L__PWM1_Set_Duty13:
0x006B	0x3030      	MOVLW      48
0x006C	0x0570      	ANDWF      R0, 0
0x006D	0x00F3      	MOVWF      R3
;__Lib_PWM_c21.c,45 :: 		
0x006E	0x0874      	MOVF       R4, 0
0x006F	0x00F0      	MOVWF      R0
0x0070	0x0875      	MOVF       R4+1, 0
0x0071	0x00F1      	MOVWF      R0+1
0x0072	0x0CF1      	RRF        R0+1, 1
0x0073	0x0CF0      	RRF        R0, 1
0x0074	0x13F1      	BCF        R0+1, 7
0x0075	0x0CF1      	RRF        R0+1, 1
0x0076	0x0CF0      	RRF        R0, 1
0x0077	0x13F1      	BCF        R0+1, 7
0x0078	0x0870      	MOVF       R0, 0
0x0079	0x0095      	MOVWF      CCPR1L
;__Lib_PWM_c21.c,46 :: 		
0x007A	0x300F      	MOVLW      15
0x007B	0x0597      	ANDWF      CCP1CON, 1
;__Lib_PWM_c21.c,47 :: 		
0x007C	0x0873      	MOVF       R3, 0
0x007D	0x0497      	IORWF      CCP1CON, 1
;__Lib_PWM_c21.c,48 :: 		
L_end_PWM1_Set_Duty:
0x007E	0x0008      	RETURN
; end of _PWM1_Set_Duty
_UART1_Init:
;__Lib_UART_c67.c,2 :: 		
;__Lib_UART_c67.c,5 :: 		
0x007F	0x1683      	BSF        STATUS, 5
0x0080	0x1303      	BCF        STATUS, 6
0x0081	0x1698      	BSF        TXSTA, 5
;__Lib_UART_c67.c,6 :: 		
0x0082	0x3090      	MOVLW      144
0x0083	0x1283      	BCF        STATUS, 5
0x0084	0x0098      	MOVWF      RCSTA
;__Lib_UART_c67.c,7 :: 		
0x0085	0x1683      	BSF        STATUS, 5
0x0086	0x1787      	BSF        TRISC7_bit, BitPos(TRISC7_bit+0)
;__Lib_UART_c67.c,8 :: 		
0x0087	0x1307      	BCF        TRISC6_bit, BitPos(TRISC6_bit+0)
;__Lib_UART_c67.c,10 :: 		
L_UART1_Init0:
0x0088	0x1283      	BCF        STATUS, 5
0x0089	0x1E8C      	BTFSS      PIR1, 5
0x008A	0x288E      	GOTO       L_UART1_Init1
;__Lib_UART_c67.c,11 :: 		
0x008B	0x081A      	MOVF       RCREG, 0
0x008C	0x00F0      	MOVWF      R0
0x008D	0x2888      	GOTO       L_UART1_Init0
L_UART1_Init1:
;__Lib_UART_c67.c,12 :: 		
L_end_UART1_Init:
0x008E	0x0008      	RETURN
; end of _UART1_Init
_PWM1_Start:
;__Lib_PWM_c21.c,50 :: 		
;__Lib_PWM_c21.c,51 :: 		
0x008F	0x1683      	BSF        STATUS, 5
0x0090	0x1303      	BCF        STATUS, 6
0x0091	0x1107      	BCF        TRISC2_bit, BitPos(TRISC2_bit+0)
;__Lib_PWM_c21.c,52 :: 		
0x0092	0x1283      	BCF        STATUS, 5
0x0093	0x1512      	BSF        T2CON, 2
;__Lib_PWM_c21.c,53 :: 		
0x0094	0x300C      	MOVLW      12
0x0095	0x0497      	IORWF      CCP1CON, 1
;__Lib_PWM_c21.c,54 :: 		
L_end_PWM1_Start:
0x0096	0x0008      	RETURN
; end of _PWM1_Start
_UART1_Write_Text:
;__Lib_UART_c67.c,47 :: 		
;__Lib_UART_c67.c,48 :: 		
0x0097	0x1283      	BCF        STATUS, 5
0x0098	0x1303      	BCF        STATUS, 6
0x0099	0x01C3      	CLRF       UART1_Write_Text_counter_L0
;__Lib_UART_c67.c,50 :: 		
0x009A	0x0841      	MOVF       FARG_UART1_Write_Text_uart_text, 0
0x009B	0x0084      	MOVWF      FSR
0x009C	0x0800      	MOVF       INDF, 0
0x009D	0x00C2      	MOVWF      UART1_Write_Text_data__L0
;__Lib_UART_c67.c,51 :: 		
L_UART1_Write_Text5:
0x009E	0x0842      	MOVF       UART1_Write_Text_data__L0, 0
0x009F	0x3A00      	XORLW      0
0x00A0	0x1903      	BTFSC      STATUS, 2
0x00A1	0x28AC      	GOTO       L_UART1_Write_Text6
;__Lib_UART_c67.c,52 :: 		
0x00A2	0x0842      	MOVF       UART1_Write_Text_data__L0, 0
0x00A3	0x00C5      	MOVWF      FARG_UART1_Write_data_
0x00A4	0x2003      	CALL       _UART1_Write
;__Lib_UART_c67.c,53 :: 		
0x00A5	0x0AC3      	INCF       UART1_Write_Text_counter_L0, 1
;__Lib_UART_c67.c,54 :: 		
0x00A6	0x0843      	MOVF       UART1_Write_Text_counter_L0, 0
0x00A7	0x0741      	ADDWF      FARG_UART1_Write_Text_uart_text, 0
0x00A8	0x0084      	MOVWF      FSR
0x00A9	0x0800      	MOVF       INDF, 0
0x00AA	0x00C2      	MOVWF      UART1_Write_Text_data__L0
;__Lib_UART_c67.c,55 :: 		
0x00AB	0x289E      	GOTO       L_UART1_Write_Text5
L_UART1_Write_Text6:
;__Lib_UART_c67.c,56 :: 		
L_end_UART1_Write_Text:
0x00AC	0x0008      	RETURN
; end of _UART1_Write_Text
___CC2DW:
;__Lib_System.c,134 :: 		
;__Lib_System.c,137 :: 		
_CC2D_Loop1:
;__Lib_System.c,139 :: 		
0x00AD	0x2038      	CALL       _____DoICP
0x00AE	0x118A      	BCF        PCLATH, 3
0x00AF	0x120A      	BCF        PCLATH, 4
;__Lib_System.c,141 :: 		
0x00B0	0x0080      	MOVWF      INDF
;__Lib_System.c,142 :: 		
0x00B1	0x0A84      	INCF       FSR, 1
;__Lib_System.c,143 :: 		
0x00B2	0x0ABF      	INCF       ___DoICPAddr, 1
;__Lib_System.c,145 :: 		
0x00B3	0x1903      	BTFSC      STATUS, 2
;__Lib_System.c,146 :: 		
0x00B4	0x0AC0      	INCF       ___DoICPAddr+1, 1
;__Lib_System.c,147 :: 		
0x00B5	0x03F0      	DECF       R0, 1
;__Lib_System.c,149 :: 		
0x00B6	0x1D03      	BTFSS      STATUS, 2
;__Lib_System.c,150 :: 		
0x00B7	0x28AD      	GOTO       _CC2D_Loop1
;__Lib_System.c,152 :: 		
L_end___CC2DW:
0x00B8	0x0008      	RETURN
; end of ___CC2DW
_main:
0x00B9	0x304D      	MOVLW      77
0x00BA	0x1283      	BCF        STATUS, 5
0x00BB	0x1303      	BCF        STATUS, 6
0x00BC	0x00A0      	MOVWF      ?lstr2_Ex_03
0x00BD	0x304F      	MOVLW      79
0x00BE	0x00A1      	MOVWF      33
0x00BF	0x3054      	MOVLW      84
0x00C0	0x00A2      	MOVWF      34
0x00C1	0x304F      	MOVLW      79
0x00C2	0x00A3      	MOVWF      35
0x00C3	0x3052      	MOVLW      82
0x00C4	0x00A4      	MOVWF      36
0x00C5	0x3020      	MOVLW      32
0x00C6	0x00A5      	MOVWF      37
0x00C7	0x3044      	MOVLW      68
0x00C8	0x00A6      	MOVWF      38
0x00C9	0x3045      	MOVLW      69
0x00CA	0x00A7      	MOVWF      39
0x00CB	0x3053      	MOVLW      83
0x00CC	0x00A8      	MOVWF      40
0x00CD	0x304C      	MOVLW      76
0x00CE	0x00A9      	MOVWF      41
0x00CF	0x3049      	MOVLW      73
0x00D0	0x00AA      	MOVWF      42
0x00D1	0x3047      	MOVLW      71
0x00D2	0x00AB      	MOVWF      43
0x00D3	0x3041      	MOVLW      65
0x00D4	0x00AC      	MOVWF      44
0x00D5	0x3044      	MOVLW      68
0x00D6	0x00AD      	MOVWF      45
0x00D7	0x304F      	MOVLW      79
0x00D8	0x00AE      	MOVWF      46
0x00D9	0x300A      	MOVLW      10
0x00DA	0x00AF      	MOVWF      47
0x00DB	0x01B0      	CLRF       48
0x00DC	0x304D      	MOVLW      77
0x00DD	0x00B1      	MOVWF      ?lstr1_Ex_03
0x00DE	0x304F      	MOVLW      79
0x00DF	0x00B2      	MOVWF      50
0x00E0	0x3054      	MOVLW      84
0x00E1	0x00B3      	MOVWF      51
0x00E2	0x304F      	MOVLW      79
0x00E3	0x00B4      	MOVWF      52
0x00E4	0x3052      	MOVLW      82
0x00E5	0x00B5      	MOVWF      53
0x00E6	0x3020      	MOVLW      32
0x00E7	0x00B6      	MOVWF      54
0x00E8	0x304C      	MOVLW      76
0x00E9	0x00B7      	MOVWF      55
0x00EA	0x3049      	MOVLW      73
0x00EB	0x00B8      	MOVWF      56
0x00EC	0x3047      	MOVLW      71
0x00ED	0x00B9      	MOVWF      57
0x00EE	0x3041      	MOVLW      65
0x00EF	0x00BA      	MOVWF      58
0x00F0	0x3044      	MOVLW      68
0x00F1	0x00BB      	MOVWF      59
0x00F2	0x304F      	MOVLW      79
0x00F3	0x00BC      	MOVWF      60
0x00F4	0x300A      	MOVLW      10
0x00F5	0x00BD      	MOVWF      61
0x00F6	0x01BE      	CLRF       62
;Ex_03.c,4 :: 		void main() {
;Ex_03.c,5 :: 		trisc = 0;   // Configura os pinos da porta C como saída
0x00F7	0x1683      	BSF        STATUS, 5
0x00F8	0x0187      	CLRF       TRISC
;Ex_03.c,6 :: 		trisb = 0b11; // Configura os pinos RB0 e RB1 como entrada
0x00F9	0x3003      	MOVLW      3
0x00FA	0x0086      	MOVWF      TRISB
;Ex_03.c,7 :: 		uart1_init(9600); // Inicializa a biblioteca uart1 em 9600 bps
0x00FB	0x3033      	MOVLW      51
0x00FC	0x0099      	MOVWF      SPBRG
0x00FD	0x1518      	BSF        TXSTA, 2
0x00FE	0x207F      	CALL       _UART1_Init
;Ex_03.c,9 :: 		pwm1_init(2500); // Inicializa o módulo PWM com frequência de 2,5 kHz
0x00FF	0x1412      	BSF        T2CON, 0
0x0100	0x1092      	BCF        T2CON, 1
0x0101	0x30C7      	MOVLW      199
0x0102	0x1683      	BSF        STATUS, 5
0x0103	0x0092      	MOVWF      PR2
0x0104	0x203F      	CALL       _PWM1_Init
;Ex_03.c,11 :: 		while(1) {
L_main0:
;Ex_03.c,12 :: 		if(portb.f0 == 0) { // Se a chave S0 for pressionada
0x0105	0x1806      	BTFSC      PORTB, 0
0x0106	0x290E      	GOTO       L_main2
;Ex_03.c,13 :: 		pwm1_set_duty(191); // Ajusta a razão cíclica para 75% (191 em escala de 0 a 255)
0x0107	0x30BF      	MOVLW      191
0x0108	0x00C1      	MOVWF      FARG_PWM1_Set_Duty_new_duty
0x0109	0x2045      	CALL       _PWM1_Set_Duty
;Ex_03.c,14 :: 		pwm1_start(); // Liga o PWM no pino 2 da porta C
0x010A	0x208F      	CALL       _PWM1_Start
;Ex_03.c,15 :: 		uart1_write_text("MOTOR LIGADO\n"); // Envia a mensagem para o terminal serial
0x010B	0x3031      	MOVLW      ?lstr1_Ex_03
0x010C	0x00C1      	MOVWF      FARG_UART1_Write_Text_uart_text
0x010D	0x2097      	CALL       _UART1_Write_Text
;Ex_03.c,16 :: 		}
L_main2:
;Ex_03.c,18 :: 		if(portb.f1 == 0) { // Se a chave S1 for pressionada
0x010E	0x1886      	BTFSC      PORTB, 1
0x010F	0x2916      	GOTO       L_main3
;Ex_03.c,19 :: 		pwm1_set_duty(0); // Ajusta a razão cíclica para 0%
0x0110	0x01C1      	CLRF       FARG_PWM1_Set_Duty_new_duty
0x0111	0x2045      	CALL       _PWM1_Set_Duty
;Ex_03.c,20 :: 		pwm1_start(); // Liga o PWM no pino 2 da porta C
0x0112	0x208F      	CALL       _PWM1_Start
;Ex_03.c,21 :: 		uart1_write_text("MOTOR DESLIGADO\n"); // Envia a mensagem para o terminal serial
0x0113	0x3020      	MOVLW      ?lstr2_Ex_03
0x0114	0x00C1      	MOVWF      FARG_UART1_Write_Text_uart_text
0x0115	0x2097      	CALL       _UART1_Write_Text
;Ex_03.c,22 :: 		}
L_main3:
;Ex_03.c,23 :: 		}
0x0116	0x2905      	GOTO       L_main0
;Ex_03.c,24 :: 		}
L_end_main:
0x0117	0x2917      	GOTO       $+0
; end of _main
Symbol List:
//** Routines locations **
//ADDRESS    SIZE    PROCEDURE
//----------------------------------------------
0x0003      [10]    _UART1_Write
0x000D      [43]    _Mul_16X16_U
0x0038       [7]    _____DoICP
0x003F       [6]    _PWM1_Init
0x0045      [58]    _PWM1_Set_Duty
0x007F      [16]    _UART1_Init
0x008F       [8]    _PWM1_Start
0x0097      [22]    _UART1_Write_Text
0x00AD      [12]    ___CC2DW
0x00B9      [95]    _main
//** Variables locations ** 
//ADDRESS    SIZE    VARIABLE
//----------------------------------------------
0x0000       [1]    INDF
0x0002       [1]    PCL
0x0003       [1]    STATUS
0x0004       [1]    FSR
0x0006       [1]    PORTB
0x000A       [1]    PCLATH
0x000C       [1]    PIR1
0x0012       [1]    T2CON
0x0015       [1]    CCPR1L
0x0017       [1]    CCP1CON
0x0018       [1]    RCSTA
0x0019       [1]    TXREG
0x001A       [1]    RCREG
0x0020      [17]    ?lstr2_Ex_03
0x0031      [14]    ?lstr1_Ex_03
0x003F       [2]    ___DoICPAddr
0x0041       [1]    FARG_UART1_Write_Text_uart_text
0x0041       [1]    FARG_PWM1_Set_Duty_new_duty
0x0041       [4]    FARG_PWM1_Init_PWM_Freq
0x0042       [1]    UART1_Write_Text_data__L0
0x0043       [1]    UART1_Write_Text_counter_L0
0x0045       [1]    FARG_UART1_Write_data_
0x0070       [1]    R0
0x0071       [1]    R1
0x0072       [1]    R2
0x0073       [1]    R3
0x0074       [1]    R4
0x0075       [1]    R5
0x0076       [1]    R6
0x0077       [1]    R7
0x0078       [1]    R8
0x0079       [1]    R9
0x007A       [1]    R10
0x007B       [1]    R11
0x007C       [1]    R12
0x007D       [1]    R13
0x007E       [1]    R14
0x007F       [1]    R15
0x0086       [1]    TRISB
0x0087       [1]    TRISC
0x0087       [0]    TRISC7_bit
0x0087       [0]    TRISC2_bit
0x0087       [0]    TRISC6_bit
0x0092       [1]    PR2
0x0098       [1]    TXSTA
0x0099       [1]    SPBRG
