;  LST file generated by mikroListExporter - v.2.0 
; Date/Time: 29/10/2023 16:47:09
;----------------------------------------------

;Address Opcode 	ASM
0x0000	0xF000EF0E  	GOTO        28
0x0004	0x0000      	NOP
0x0006	0x0000      	NOP
0x0008	0xF000EF00  	GOTO        0
0x000C	0x0000      	NOP
0x000E	0x0000      	NOP
0x0010	0x0000      	NOP
0x0012	0x0000      	NOP
0x0014	0x0000      	NOP
0x0016	0x0000      	NOP
0x0018	0xD7F3      	BRA         0
_main:
;Ex37.c,2 :: 		void main() {
;Ex37.c,3 :: 		TRISD = 0;  // Configura PORTD como saída
0x001C	0x6A95      	CLRF        TRISD 
;Ex37.c,4 :: 		TRISA.RA5 = 0;  // Configura RA5 como saída
0x001E	0x9A92      	BCF         TRISA, 5 
;Ex37.c,5 :: 		ADCON0 = 0;  // Configura ADCON0 para modo digital
0x0020	0x6AC2      	CLRF        ADCON0 
;Ex37.c,6 :: 		ADCON1 = 15;  // Configura ADCON1 para modo digital
0x0022	0x0E0F      	MOVLW       15
0x0024	0x6EC1      	MOVWF       ADCON1 
;Ex37.c,8 :: 		count = 2;  // Inicia a contagem em 2
0x0026	0x0E02      	MOVLW       2
0x0028	0x6E15      	MOVWF       _count 
;Ex37.c,10 :: 		while (1) {  // Loop infinito
L_main0:
;Ex37.c,11 :: 		while (count <= 8) {  // Loop de contagem de 2 a 8
L_main2:
0x002A	0x5015      	MOVF        _count, 0 
0x002C	0x0808      	SUBLW       8
0x002E	0xE32C      	BNC         L_main3
;Ex37.c,12 :: 		switch(count) {
0x0030	0xD00C      	BRA         L_main4
;Ex37.c,13 :: 		case 2: PORTD = 0b01011011; break;  // 2
L_main6:
0x0032	0x0E5B      	MOVLW       91
0x0034	0x6E83      	MOVWF       PORTD 
0x0036	0xD015      	BRA         L_main5
;Ex37.c,14 :: 		case 4: PORTD = 0b01100110; break;  // 4
L_main7:
0x0038	0x0E66      	MOVLW       102
0x003A	0x6E83      	MOVWF       PORTD 
0x003C	0xD012      	BRA         L_main5
;Ex37.c,15 :: 		case 6: PORTD = 0b01111101; break;  // 6
L_main8:
0x003E	0x0E7D      	MOVLW       125
0x0040	0x6E83      	MOVWF       PORTD 
0x0042	0xD00F      	BRA         L_main5
;Ex37.c,16 :: 		case 8: PORTD = 0b01111111; break;  // 8
L_main9:
0x0044	0x0E7F      	MOVLW       127
0x0046	0x6E83      	MOVWF       PORTD 
0x0048	0xD00C      	BRA         L_main5
;Ex37.c,17 :: 		}
L_main4:
0x004A	0x5015      	MOVF        _count, 0 
0x004C	0x0A02      	XORLW       2
0x004E	0xE0F1      	BZ          L_main6
0x0050	0x5015      	MOVF        _count, 0 
0x0052	0x0A04      	XORLW       4
0x0054	0xE0F1      	BZ          L_main7
0x0056	0x5015      	MOVF        _count, 0 
0x0058	0x0A06      	XORLW       6
0x005A	0xE0F1      	BZ          L_main8
0x005C	0x5015      	MOVF        _count, 0 
0x005E	0x0A08      	XORLW       8
0x0060	0xE0F1      	BZ          L_main9
L_main5:
;Ex37.c,18 :: 		PORTA.RA5 = 1;  // Ativa o display
0x0062	0x8A80      	BSF         PORTA, 5 
;Ex37.c,19 :: 		Delay_ms(1000);  // Aguarda 1 segundo
0x0064	0x0E0B      	MOVLW       11
0x0066	0x6E0B      	MOVWF       R11, 0
0x0068	0x0E26      	MOVLW       38
0x006A	0x6E0C      	MOVWF       R12, 0
0x006C	0x0E5D      	MOVLW       93
0x006E	0x6E0D      	MOVWF       R13, 0
L_main10:
0x0070	0x2E0D      	DECFSZ      R13, 1, 0
0x0072	0xD7FE      	BRA         L_main10
0x0074	0x2E0C      	DECFSZ      R12, 1, 0
0x0076	0xD7FC      	BRA         L_main10
0x0078	0x2E0B      	DECFSZ      R11, 1, 0
0x007A	0xD7FA      	BRA         L_main10
0x007C	0x0000      	NOP
0x007E	0x0000      	NOP
;Ex37.c,20 :: 		PORTA.RA5 = 0;  // Desativa o display
0x0080	0x9A80      	BCF         PORTA, 5 
;Ex37.c,21 :: 		count += 2;  // Incrementa a contagem em 2 para obter o próximo número par
0x0082	0x0E02      	MOVLW       2
0x0084	0x2615      	ADDWF       _count, 1 
;Ex37.c,22 :: 		}
0x0086	0xD7D1      	BRA         L_main2
L_main3:
;Ex37.c,23 :: 		count = 2;  // Reinicia a contagem em 2
0x0088	0x0E02      	MOVLW       2
0x008A	0x6E15      	MOVWF       _count 
;Ex37.c,24 :: 		}
0x008C	0xD7CE      	BRA         L_main0
;Ex37.c,25 :: 		}
L_end_main:
0x008E	0xD7FF      	BRA         $+0
; end of _main
Symbol List:
//** Routines locations **
//ADDRESS    SIZE    PROCEDURE
//----------------------------------------------
0x001C     [116]    _main
//** Variables locations ** 
//ADDRESS    SIZE    VARIABLE
//----------------------------------------------
0x0000       [1]    R0
0x0001       [1]    R1
0x0002       [1]    R2
0x0003       [1]    R3
0x0004       [1]    R4
0x0005       [1]    R5
0x0006       [1]    R6
0x0007       [1]    R7
0x0008       [1]    R8
0x0009       [1]    R9
0x000A       [1]    R10
0x000B       [1]    R11
0x000C       [1]    R12
0x000D       [1]    R13
0x000E       [1]    R14
0x000F       [1]    R15
0x0010       [1]    R16
0x0011       [1]    R17
0x0012       [1]    R18
0x0013       [1]    R19
0x0014       [1]    R20
0x0015       [1]    _count
0x0F80       [1]    PORTA
0x0F83       [1]    PORTD
0x0F92       [1]    TRISA
0x0F95       [1]    TRISD
0x0FC1       [1]    ADCON1
0x0FC2       [1]    ADCON0
0x0FD8       [1]    STATUS
0x0FD9       [1]    FSR2L
0x0FDA       [1]    FSR2H
0x0FDE       [1]    POSTINC2
0x0FE0       [1]    BSR
0x0FE1       [1]    FSR1L
0x0FE2       [1]    FSR1H
0x0FE4       [1]    PREINC1
0x0FE6       [1]    POSTINC1
0x0FE7       [1]    INDF1
0x0FE8       [1]    WREG
0x0FE9       [1]    FSR0L
0x0FEA       [1]    FSR0H
0x0FEE       [1]    POSTINC0
0x0FF3       [1]    PRODL
0x0FF4       [1]    PRODH
0x0FF5       [1]    TABLAT
0x0FF6       [1]    TBLPTRL
0x0FF7       [1]    TBLPTRH
0x0FF8       [1]    TBLPTRU
