;  LST file generated by mikroListExporter - v.2.0 
; Date/Time: 29/10/2023 16:50:18
;----------------------------------------------

;Address Opcode 	ASM
0x0000	0xF000EF0E  	GOTO        28
0x0004	0x0000      	NOP
0x0006	0x0000      	NOP
0x0008	0xF000EF00  	GOTO        0
0x000C	0x0000      	NOP
0x000E	0x0000      	NOP
0x0010	0x0000      	NOP
0x0012	0x0000      	NOP
0x0014	0x0000      	NOP
0x0016	0x0000      	NOP
0x0018	0xD7F3      	BRA         0
_main:
;Ex38.c,2 :: 		void main() {
;Ex38.c,3 :: 		TRISD = 0;  // Configura PORTD como saída
0x001C	0x6A95      	CLRF        TRISD 
;Ex38.c,4 :: 		ADCON0 = 0;  // Configura ADCON0 para modo digital
0x001E	0x6AC2      	CLRF        ADCON0 
;Ex38.c,5 :: 		ADCON1 = 15;  // Configura ADCON1 para modo digital
0x0020	0x0E0F      	MOVLW       15
0x0022	0x6EC1      	MOVWF       ADCON1 
;Ex38.c,7 :: 		ledPosition = 1;  // Inicializa a posição do LED
0x0024	0x0E01      	MOVLW       1
0x0026	0x6E15      	MOVWF       _ledPosition 
;Ex38.c,9 :: 		while (1) {  // Loop infinito
L_main0:
;Ex38.c,10 :: 		unsigned char count = 0;  // Inicializa o contador
0x0028	0x6A16      	CLRF        main_count_L1 
;Ex38.c,11 :: 		while (count < 8) {  // Loop para percorrer todos os LEDs
L_main2:
0x002A	0x0E08      	MOVLW       8
0x002C	0x5C16      	SUBWF       main_count_L1, 0 
0x002E	0xE21D      	BC          L_main3
;Ex38.c,12 :: 		PORTD = ledPosition << count;  // Desloca a posição do LED
0x0030	0xF001C016  	MOVFF       main_count_L1, R1
0x0034	0xF000C015  	MOVFF       _ledPosition, R0
0x0038	0x5001      	MOVF        R1, 0 
L__main6:
0x003A	0xE004      	BZ          L__main7
0x003C	0x3600      	RLCF        R0, 1 
0x003E	0x9000      	BCF         R0, 0 
0x0040	0x0FFF      	ADDLW       255
0x0042	0xD7FB      	BRA         L__main6
L__main7:
0x0044	0xFF83C000  	MOVFF       R0, PORTD
;Ex38.c,13 :: 		Delay_ms(500);  // Espera 0,5 segundos
0x0048	0x0E06      	MOVLW       6
0x004A	0x6E0B      	MOVWF       R11, 0
0x004C	0x0E13      	MOVLW       19
0x004E	0x6E0C      	MOVWF       R12, 0
0x0050	0x0EAD      	MOVLW       173
0x0052	0x6E0D      	MOVWF       R13, 0
L_main4:
0x0054	0x2E0D      	DECFSZ      R13, 1, 0
0x0056	0xD7FE      	BRA         L_main4
0x0058	0x2E0C      	DECFSZ      R12, 1, 0
0x005A	0xD7FC      	BRA         L_main4
0x005C	0x2E0B      	DECFSZ      R11, 1, 0
0x005E	0xD7FA      	BRA         L_main4
0x0060	0x0000      	NOP
0x0062	0x0000      	NOP
;Ex38.c,14 :: 		PORTD = 0;  // Desliga o LED atual
0x0064	0x6A83      	CLRF        PORTD 
;Ex38.c,15 :: 		count++;  // Incrementa o contador
0x0066	0x2A16      	INCF        main_count_L1, 1 
;Ex38.c,16 :: 		}
0x0068	0xD7E0      	BRA         L_main2
L_main3:
;Ex38.c,17 :: 		}
0x006A	0xD7DE      	BRA         L_main0
;Ex38.c,18 :: 		}
L_end_main:
0x006C	0xD7FF      	BRA         $+0
; end of _main
Symbol List:
//** Routines locations **
//ADDRESS    SIZE    PROCEDURE
//----------------------------------------------
0x001C      [82]    _main
//** Variables locations ** 
//ADDRESS    SIZE    VARIABLE
//----------------------------------------------
0x0000       [1]    R0
0x0001       [1]    R1
0x0002       [1]    R2
0x0003       [1]    R3
0x0004       [1]    R4
0x0005       [1]    R5
0x0006       [1]    R6
0x0007       [1]    R7
0x0008       [1]    R8
0x0009       [1]    R9
0x000A       [1]    R10
0x000B       [1]    R11
0x000C       [1]    R12
0x000D       [1]    R13
0x000E       [1]    R14
0x000F       [1]    R15
0x0010       [1]    R16
0x0011       [1]    R17
0x0012       [1]    R18
0x0013       [1]    R19
0x0014       [1]    R20
0x0015       [1]    _ledPosition
0x0016       [1]    main_count_L1
0x0F83       [1]    PORTD
0x0F95       [1]    TRISD
0x0FC1       [1]    ADCON1
0x0FC2       [1]    ADCON0
0x0FD8       [1]    STATUS
0x0FD9       [1]    FSR2L
0x0FDA       [1]    FSR2H
0x0FDE       [1]    POSTINC2
0x0FE0       [1]    BSR
0x0FE1       [1]    FSR1L
0x0FE2       [1]    FSR1H
0x0FE4       [1]    PREINC1
0x0FE6       [1]    POSTINC1
0x0FE7       [1]    INDF1
0x0FE8       [1]    WREG
0x0FE9       [1]    FSR0L
0x0FEA       [1]    FSR0H
0x0FEE       [1]    POSTINC0
0x0FF3       [1]    PRODL
0x0FF4       [1]    PRODH
0x0FF5       [1]    TABLAT
0x0FF6       [1]    TBLPTRL
0x0FF7       [1]    TBLPTRH
0x0FF8       [1]    TBLPTRU
